2023-12-09T19:31:39.490Z 0: 

----------------------------------------------
2023-12-09T19:31:40.749Z 1: Discord starting: {"releaseChannel":"stable","version":"0.0.37"}, modulepath: /home/_wajs_err_/.config/discord/0.0.37/modules
2023-12-09T19:31:40.887Z 2: ✅ webContents.created web1 "Discord Updater"
2023-12-09T19:31:41.642Z 3: ✅ window.created win1 "Discord Updater"
2023-12-09T19:31:57.665Z 4: ✅ webContents.created web2 ""
2023-12-09T19:31:57.675Z 5: ✅ window.created win2 "Discord"
2023-12-09T19:32:02.779Z 6: ✅ webContents.did-finish-load web2
2023-12-09T19:32:02.879Z 7: window.close win1
2023-12-09T19:32:02.893Z 8: webContents.destroyed web1
2023-12-09T19:32:02.900Z 9: window.closed win1
2023-12-09T20:40:20.201Z 10: window.close win2
2023-12-09T20:40:27.452Z 11: before-quit
2023-12-09T20:40:27.462Z 12: window.close win2
2023-12-09T20:40:27.506Z 13: ❌ child-process-gone {
  type: 'Utility',
  reason: 'killed',
  exitCode: 15,
  serviceName: 'network.mojom.NetworkService',
  name: 'Network Service'
}
2023-12-09T20:40:27.523Z 14: ❌ child-process-gone {
  type: 'Utility',
  reason: 'killed',
  exitCode: 15,
  serviceName: 'audio.mojom.AudioService',
  name: 'Audio Service'
}
