2023-08-03 00:10:28.435 [info] Test server listening.
2023-08-03 00:10:28.435 [info] > conda info --json
2023-08-03 00:10:28.435 [info] Python interpreter path: /bin/python
2023-08-03 00:10:28.445 [info] Found: /bin/python --> /bin/python3.11
2023-08-03 00:10:28.498 [info] Found: /bin/python3 --> /bin/python3.11
2023-08-03 00:10:28.498 [info] Found: /bin/python3.11 --> /bin/python3.11
2023-08-03 00:10:28.574 [info] Found: /sbin/python --> /sbin/python3.11
2023-08-03 00:10:28.575 [info] Found: /sbin/python3 --> /sbin/python3.11
2023-08-03 00:10:28.575 [info] Found: /sbin/python3.11 --> /sbin/python3.11
2023-08-03 00:10:28.587 [info] Found: /usr/bin/python --> /usr/bin/python3.11
2023-08-03 00:10:28.587 [info] Found: /usr/bin/python3 --> /usr/bin/python3.11
2023-08-03 00:10:28.588 [info] Found: /usr/bin/python3.11 --> /usr/bin/python3.11
2023-08-03 00:10:28.636 [info] Found: /usr/sbin/python --> /usr/sbin/python3.11
2023-08-03 00:10:28.636 [info] Found: /usr/sbin/python3 --> /usr/sbin/python3.11
2023-08-03 00:10:28.636 [info] Found: /usr/sbin/python3.11 --> /usr/sbin/python3.11
2023-08-03 00:10:28.684 [info] > /bin/python -I ~/.vscode-oss/extensions/ms-python.python-2023.12.0-universal/pythonFiles/get_output_via_markers.py ~/.vscode-oss/extensions/ms-python.python-2023.12.0-universal/pythonFiles/interpreterInfo.py
2023-08-03 00:10:28.710 [info] > /sbin/python -I ~/.vscode-oss/extensions/ms-python.python-2023.12.0-universal/pythonFiles/get_output_via_markers.py ~/.vscode-oss/extensions/ms-python.python-2023.12.0-universal/pythonFiles/interpreterInfo.py
2023-08-03 00:10:28.786 [info] > /usr/bin/python -I ~/.vscode-oss/extensions/ms-python.python-2023.12.0-universal/pythonFiles/get_output_via_markers.py ~/.vscode-oss/extensions/ms-python.python-2023.12.0-universal/pythonFiles/interpreterInfo.py
2023-08-03 00:10:28.803 [info] > /usr/sbin/python -I ~/.vscode-oss/extensions/ms-python.python-2023.12.0-universal/pythonFiles/get_output_via_markers.py ~/.vscode-oss/extensions/ms-python.python-2023.12.0-universal/pythonFiles/interpreterInfo.py
2023-08-03 00:10:30.669 [info] Starting Jedi language server for lab.
