2023-05-20 11:30:25.805 [info] Test server listening.
2023-05-20 11:30:25.805 [info] > conda info --json
2023-05-20 11:30:25.805 [info] Python interpreter path: /bin/python
2023-05-20 11:30:25.805 [info] Found: /bin/python --> /bin/python3.10
2023-05-20 11:30:25.805 [info] Found: /bin/python3 --> /bin/python3.10
2023-05-20 11:30:25.805 [info] Found: /bin/python3.10 --> /bin/python3.10
2023-05-20 11:30:25.805 [info] Found: /sbin/python --> /sbin/python3.10
2023-05-20 11:30:25.805 [info] Found: /sbin/python3 --> /sbin/python3.10
2023-05-20 11:30:25.805 [info] Found: /sbin/python3.10 --> /sbin/python3.10
2023-05-20 11:30:25.805 [info] Found: /usr/bin/python --> /usr/bin/python3.10
2023-05-20 11:30:25.805 [info] Found: /usr/bin/python3 --> /usr/bin/python3.10
2023-05-20 11:30:25.805 [info] Found: /usr/bin/python3.10 --> /usr/bin/python3.10
2023-05-20 11:30:25.805 [info] Found: /usr/sbin/python --> /usr/sbin/python3.10
2023-05-20 11:30:25.806 [info] Found: /usr/sbin/python3 --> /usr/sbin/python3.10
2023-05-20 11:30:25.806 [info] Found: /usr/sbin/python3.10 --> /usr/sbin/python3.10
2023-05-20 11:30:25.838 [info] > /bin/python -I ~/.vscode-oss/extensions/ms-python.python-2023.8.0-universal/pythonFiles/get_output_via_markers.py ~/.vscode-oss/extensions/ms-python.python-2023.8.0-universal/pythonFiles/interpreterInfo.py
2023-05-20 11:30:25.903 [info] > /sbin/python -I ~/.vscode-oss/extensions/ms-python.python-2023.8.0-universal/pythonFiles/get_output_via_markers.py ~/.vscode-oss/extensions/ms-python.python-2023.8.0-universal/pythonFiles/interpreterInfo.py
2023-05-20 11:30:25.956 [info] > /usr/bin/python -I ~/.vscode-oss/extensions/ms-python.python-2023.8.0-universal/pythonFiles/get_output_via_markers.py ~/.vscode-oss/extensions/ms-python.python-2023.8.0-universal/pythonFiles/interpreterInfo.py
2023-05-20 11:30:26.011 [info] > /usr/sbin/python -I ~/.vscode-oss/extensions/ms-python.python-2023.8.0-universal/pythonFiles/get_output_via_markers.py ~/.vscode-oss/extensions/ms-python.python-2023.8.0-universal/pythonFiles/interpreterInfo.py
2023-05-20 11:30:27.599 [info] Starting Jedi language server for lab.
