2023-05-07 22:48:31.726 [info] Test server listening.
2023-05-07 22:48:31.726 [info] > conda info --json
2023-05-07 22:48:31.726 [info] Python interpreter path: /bin/python
2023-05-07 22:48:31.726 [info] Found: /bin/python --> /bin/python3.10
2023-05-07 22:48:31.726 [info] Found: /bin/python3 --> /bin/python3.10
2023-05-07 22:48:31.726 [info] Found: /bin/python3.10 --> /bin/python3.10
2023-05-07 22:48:31.780 [info] Found: /sbin/python --> /sbin/python3.10
2023-05-07 22:48:31.781 [info] Found: /sbin/python3 --> /sbin/python3.10
2023-05-07 22:48:31.781 [info] Found: /sbin/python3.10 --> /sbin/python3.10
2023-05-07 22:48:31.793 [info] Found: /usr/bin/python --> /usr/bin/python3.10
2023-05-07 22:48:31.794 [info] Found: /usr/bin/python3 --> /usr/bin/python3.10
2023-05-07 22:48:31.794 [info] Found: /usr/bin/python3.10 --> /usr/bin/python3.10
2023-05-07 22:48:31.850 [info] Found: /usr/sbin/python --> /usr/sbin/python3.10
2023-05-07 22:48:31.850 [info] Found: /usr/sbin/python3 --> /usr/sbin/python3.10
2023-05-07 22:48:31.850 [info] Found: /usr/sbin/python3.10 --> /usr/sbin/python3.10
2023-05-07 22:48:31.891 [info] > /bin/python -I ~/.vscode-oss/extensions/ms-python.python-2023.8.0-universal/pythonFiles/get_output_via_markers.py ~/.vscode-oss/extensions/ms-python.python-2023.8.0-universal/pythonFiles/interpreterInfo.py
2023-05-07 22:48:31.940 [info] > /sbin/python -I ~/.vscode-oss/extensions/ms-python.python-2023.8.0-universal/pythonFiles/get_output_via_markers.py ~/.vscode-oss/extensions/ms-python.python-2023.8.0-universal/pythonFiles/interpreterInfo.py
2023-05-07 22:48:32.036 [info] > /usr/bin/python -I ~/.vscode-oss/extensions/ms-python.python-2023.8.0-universal/pythonFiles/get_output_via_markers.py ~/.vscode-oss/extensions/ms-python.python-2023.8.0-universal/pythonFiles/interpreterInfo.py
2023-05-07 22:48:32.069 [info] > /usr/sbin/python -I ~/.vscode-oss/extensions/ms-python.python-2023.8.0-universal/pythonFiles/get_output_via_markers.py ~/.vscode-oss/extensions/ms-python.python-2023.8.0-universal/pythonFiles/interpreterInfo.py
2023-05-07 22:48:33.572 [info] Starting Jedi language server for lab.
