2023-12-21 08:22:44.466 [info] Test server listening.
2023-12-21 08:22:44.498 [info] > conda info --json
2023-12-21 08:22:44.505 [info] Python interpreter path: /bin/python
2023-12-21 08:22:44.656 [info] Found: /bin/python --> /bin/python3.11
2023-12-21 08:22:44.700 [info] Found: /bin/python3 --> /bin/python3.11
2023-12-21 08:22:44.702 [info] Found: /bin/python3.11 --> /bin/python3.11
2023-12-21 08:22:44.794 [info] Found: /sbin/python --> /sbin/python3.11
2023-12-21 08:22:44.795 [info] Found: /sbin/python3 --> /sbin/python3.11
2023-12-21 08:22:44.795 [info] Found: /sbin/python3.11 --> /sbin/python3.11
2023-12-21 08:22:44.808 [info] Found: /usr/bin/python --> /usr/bin/python3.11
2023-12-21 08:22:44.809 [info] Found: /usr/bin/python3 --> /usr/bin/python3.11
2023-12-21 08:22:44.809 [info] Found: /usr/bin/python3.11 --> /usr/bin/python3.11
2023-12-21 08:22:44.880 [info] Found: /usr/sbin/python --> /usr/sbin/python3.11
2023-12-21 08:22:44.880 [info] Found: /usr/sbin/python3 --> /usr/sbin/python3.11
2023-12-21 08:22:44.880 [info] Found: /usr/sbin/python3.11 --> /usr/sbin/python3.11
2023-12-21 08:22:44.919 [info] > /bin/python -I ~/.vscode/extensions/ms-python.python-2023.20.0-universal/pythonFiles/get_output_via_markers.py ~/.vscode/extensions/ms-python.python-2023.20.0-universal/pythonFiles/interpreterInfo.py
2023-12-21 08:22:44.944 [info] > /sbin/python -I ~/.vscode/extensions/ms-python.python-2023.20.0-universal/pythonFiles/get_output_via_markers.py ~/.vscode/extensions/ms-python.python-2023.20.0-universal/pythonFiles/interpreterInfo.py
2023-12-21 08:22:45.018 [info] > /usr/bin/python -I ~/.vscode/extensions/ms-python.python-2023.20.0-universal/pythonFiles/get_output_via_markers.py ~/.vscode/extensions/ms-python.python-2023.20.0-universal/pythonFiles/interpreterInfo.py
2023-12-21 08:22:45.050 [info] > /usr/sbin/python -I ~/.vscode/extensions/ms-python.python-2023.20.0-universal/pythonFiles/get_output_via_markers.py ~/.vscode/extensions/ms-python.python-2023.20.0-universal/pythonFiles/interpreterInfo.py
2023-12-21 08:22:45.941 [info] Starting Jedi language server for default.
