2023-08-02 23:48:37.961 [info] Deleted from disk ms-toolsai.jupyter-keymap /home/_wajs_err_/.vscode-oss/extensions/ms-toolsai.jupyter-keymap-1.1.0-universal
2023-08-02 23:48:38.098 [info] Deleted from disk james-yu.latex-workshop /home/_wajs_err_/.vscode-oss/extensions/james-yu.latex-workshop-9.11.2-universal
2023-08-02 23:48:41.013 [info] Getting Manifest... golang.go
2023-08-02 23:48:41.023 [info] Getting Manifest... james-yu.latex-workshop
2023-08-02 23:48:41.024 [info] Getting Manifest... ms-python.python
2023-08-02 23:48:42.220 [info] Installing extension: golang.go
2023-08-02 23:48:42.249 [info] Installing extension: james-yu.latex-workshop
2023-08-02 23:48:42.252 [info] Installing extension: ms-python.python
2023-08-02 23:48:47.087 [info] Extension signature verification is not done: golang.go
2023-08-02 23:48:47.181 [info] Extracted extension to /home/_wajs_err_/.vscode-oss/extensions/.38a2bcee-e45e-4a6f-8d73-2cd50c34ac46: golang.go
2023-08-02 23:48:47.188 [info] Renamed to /home/_wajs_err_/.vscode-oss/extensions/golang.go-0.39.0-universal
2023-08-02 23:48:47.193 [info] Extracting extension completed. golang.go
2023-08-02 23:48:47.206 [info] Extension installed successfully: golang.go
2023-08-02 23:48:47.211 [info] Marked extension as uninstalled golang.go-0.38.0-universal
2023-08-02 23:48:51.793 [info] Extension signature verification is not done: james-yu.latex-workshop
2023-08-02 23:48:53.133 [info] Extracted extension to /home/_wajs_err_/.vscode-oss/extensions/.7fb04e87-92d8-4342-92c7-7392328bf2bb: james-yu.latex-workshop
2023-08-02 23:48:53.155 [info] Renamed to /home/_wajs_err_/.vscode-oss/extensions/james-yu.latex-workshop-9.13.3-universal
2023-08-02 23:48:53.159 [info] Extracting extension completed. james-yu.latex-workshop
2023-08-02 23:48:53.169 [info] Extension installed successfully: james-yu.latex-workshop
2023-08-02 23:48:53.173 [info] Marked extension as uninstalled james-yu.latex-workshop-9.11.4-universal
2023-08-02 23:48:58.922 [info] Extension signature verification is not done: ms-python.python
2023-08-02 23:49:02.055 [info] Extracted extension to /home/_wajs_err_/.vscode-oss/extensions/.ee7e1c4c-1393-40f9-9d44-cf25c2fcfe27: ms-python.python
2023-08-02 23:49:02.062 [info] Renamed to /home/_wajs_err_/.vscode-oss/extensions/ms-python.python-2023.12.0-universal
2023-08-02 23:49:02.065 [info] Extracting extension completed. ms-python.python
2023-08-02 23:49:02.076 [info] Extension installed successfully: ms-python.python
2023-08-02 23:49:02.083 [info] Marked extension as uninstalled ms-python.python-2023.8.0-universal
