2023-05-07 22:17:10.820 [info] Test server listening.
2023-05-07 22:17:10.820 [info] > conda info --json
2023-05-07 22:17:10.820 [info] Python interpreter path: /bin/python
2023-05-07 22:17:10.828 [info] Found: /bin/python --> /bin/python3.10
2023-05-07 22:17:10.849 [info] Found: /bin/python3 --> /bin/python3.10
2023-05-07 22:17:10.862 [info] Found: /bin/python3.10 --> /bin/python3.10
2023-05-07 22:17:10.897 [info] Found: /sbin/python --> /sbin/python3.10
2023-05-07 22:17:10.898 [info] Found: /sbin/python3 --> /sbin/python3.10
2023-05-07 22:17:10.898 [info] Found: /sbin/python3.10 --> /sbin/python3.10
2023-05-07 22:17:10.930 [info] Found: /usr/bin/python --> /usr/bin/python3.10
2023-05-07 22:17:10.931 [info] Found: /usr/bin/python3 --> /usr/bin/python3.10
2023-05-07 22:17:10.931 [info] Found: /usr/bin/python3.10 --> /usr/bin/python3.10
2023-05-07 22:17:10.957 [info] Found: /usr/sbin/python --> /usr/sbin/python3.10
2023-05-07 22:17:10.957 [info] Found: /usr/sbin/python3 --> /usr/sbin/python3.10
2023-05-07 22:17:10.957 [info] Found: /usr/sbin/python3.10 --> /usr/sbin/python3.10
2023-05-07 22:17:11.032 [info] > /bin/python -I ~/.vscode-oss/extensions/ms-python.python-2023.8.0-universal/pythonFiles/get_output_via_markers.py ~/.vscode-oss/extensions/ms-python.python-2023.8.0-universal/pythonFiles/interpreterInfo.py
2023-05-07 22:17:11.058 [info] > /sbin/python -I ~/.vscode-oss/extensions/ms-python.python-2023.8.0-universal/pythonFiles/get_output_via_markers.py ~/.vscode-oss/extensions/ms-python.python-2023.8.0-universal/pythonFiles/interpreterInfo.py
2023-05-07 22:17:11.119 [info] > /usr/bin/python -I ~/.vscode-oss/extensions/ms-python.python-2023.8.0-universal/pythonFiles/get_output_via_markers.py ~/.vscode-oss/extensions/ms-python.python-2023.8.0-universal/pythonFiles/interpreterInfo.py
2023-05-07 22:17:11.159 [info] > /usr/sbin/python -I ~/.vscode-oss/extensions/ms-python.python-2023.8.0-universal/pythonFiles/get_output_via_markers.py ~/.vscode-oss/extensions/ms-python.python-2023.8.0-universal/pythonFiles/interpreterInfo.py
2023-05-07 22:17:12.565 [info] Starting Jedi language server for lab.
