2023-08-03 00:10:27.938 [info] Log level: Info
2023-08-03 00:10:27.938 [info] Validating found git in: "git"
2023-08-03 00:10:27.938 [info] Using git "2.41.0" from "git"
2023-08-03 00:10:27.938 [info] > git rev-parse --show-toplevel [118ms]
2023-08-03 00:10:27.941 [info] > git rev-parse --git-dir --git-common-dir [341ms]
2023-08-03 00:10:27.951 [info] Open repository: /home/_wajs_err_/study/python/lab
2023-08-03 00:10:28.035 [info] > git config --get commit.template [12ms]
2023-08-03 00:10:28.085 [info] > git for-each-ref --format=%(refname)%00%(upstream:short)%00%(objectname)%00%(upstream:track)%00%(upstream:remotename)%00%(upstream:remoteref) refs/heads/main refs/remotes/main [34ms]
2023-08-03 00:10:28.109 [info] > git status -z -uall [6ms]
2023-08-03 00:10:28.146 [info] > git config --get commit.template [8ms]
2023-08-03 00:10:28.400 [info] > git for-each-ref --format=%(refname)%00%(upstream:short)%00%(objectname)%00%(upstream:track)%00%(upstream:remotename)%00%(upstream:remoteref) refs/heads/main refs/remotes/main [64ms]
2023-08-03 00:10:28.426 [info] > git status -z -uall [14ms]
2023-08-03 00:10:28.666 [info] > git check-ignore -v -z --stdin [2ms]
2023-08-03 00:10:30.051 [info] > git check-ignore -v -z --stdin [2ms]
2023-08-03 00:10:34.475 [info] > git add -A -- /home/_wajs_err_/study/python/lab/coins.csv [97ms]
2023-08-03 00:10:34.489 [info] > git config --get commit.template [6ms]
2023-08-03 00:10:34.490 [info] > git for-each-ref --format=%(refname)%00%(upstream:short)%00%(objectname)%00%(upstream:track)%00%(upstream:remotename)%00%(upstream:remoteref) refs/heads/main refs/remotes/main [2ms]
2023-08-03 00:10:34.496 [info] > git status -z -uall [1ms]
2023-08-03 00:10:35.654 [info] > git config --get commit.template [2ms]
2023-08-03 00:10:35.664 [info] > git for-each-ref --format=%(refname)%00%(upstream:short)%00%(objectname)%00%(upstream:track)%00%(upstream:remotename)%00%(upstream:remoteref) refs/heads/main refs/remotes/main [1ms]
2023-08-03 00:10:35.675 [info] > git status -z -uall [1ms]
2023-08-03 00:10:39.582 [info] > git ls-files --stage -- /home/_wajs_err_/study/python/lab/lab.ipynb [2ms]
2023-08-03 00:10:39.590 [info] > git cat-file -s 78c2233f5ac2e6c0568a2df4de416c56d247d7c0 [1ms]
2023-08-03 00:10:39.594 [info] > git show --textconv :lab.ipynb [22ms]
