2023-05-07 23:02:07.118 [info] Log level: Info
2023-05-07 23:02:07.118 [info] Validating found git in: "git"
2023-05-07 23:02:07.118 [info] Using git "2.40.0" from "git"
2023-05-07 23:02:07.118 [info] > git rev-parse --show-toplevel [5ms]
2023-05-07 23:02:07.118 [info] fatal: not a git repository (or any of the parent directories): .git
2023-05-07 23:02:07.118 [info] > git rev-parse --show-toplevel [4ms]
2023-05-07 23:02:07.118 [info] fatal: not a git repository (or any of the parent directories): .git
2023-05-07 23:02:37.918 [info] > git rev-parse --show-toplevel [4ms]
2023-05-07 23:02:37.918 [info] fatal: not a git repository (or any of the parent directories): .git
2023-05-07 23:03:39.003 [info] > git rev-parse --show-toplevel [2ms]
2023-05-07 23:03:39.003 [info] fatal: not a git repository (or any of the parent directories): .git
2023-05-07 23:05:20.059 [info] > git rev-parse --show-toplevel [1ms]
2023-05-07 23:05:20.059 [info] fatal: not a git repository (or any of the parent directories): .git
2023-05-07 23:05:31.002 [info] > git rev-parse --show-toplevel [1ms]
2023-05-07 23:05:31.002 [info] fatal: not a git repository (or any of the parent directories): .git
2023-05-07 23:06:23.861 [info] > git rev-parse --show-toplevel [2ms]
2023-05-07 23:06:23.861 [info] fatal: not a git repository (or any of the parent directories): .git
2023-05-07 23:08:31.166 [info] > git rev-parse --show-toplevel [1ms]
2023-05-07 23:08:31.166 [info] fatal: not a git repository (or any of the parent directories): .git
2023-05-07 23:10:12.166 [info] > git rev-parse --show-toplevel [1ms]
2023-05-07 23:10:12.167 [info] fatal: not a git repository (or any of the parent directories): .git
2023-05-07 23:11:05.240 [info] > git rev-parse --show-toplevel [76ms]
2023-05-07 23:11:05.240 [info] fatal: not a git repository (or any of the parent directories): .git
2023-05-07 23:11:51.608 [info] > git rev-parse --show-toplevel [1ms]
2023-05-07 23:11:51.608 [info] fatal: not a git repository (or any of the parent directories): .git
2023-05-07 23:12:25.447 [info] > git rev-parse --show-toplevel [1ms]
2023-05-07 23:12:25.447 [info] fatal: not a git repository (or any of the parent directories): .git
2023-05-07 23:13:19.967 [info] > git rev-parse --show-toplevel [2ms]
2023-05-07 23:13:19.967 [info] fatal: not a git repository (or any of the parent directories): .git
2023-05-07 23:13:36.612 [info] > git rev-parse --show-toplevel [1ms]
2023-05-07 23:13:36.612 [info] fatal: not a git repository (or any of the parent directories): .git
2023-05-07 23:13:53.845 [info] > git rev-parse --show-toplevel [1ms]
2023-05-07 23:13:53.845 [info] fatal: not a git repository (or any of the parent directories): .git
2023-05-07 23:14:08.475 [info] > git rev-parse --show-toplevel [1ms]
2023-05-07 23:14:08.475 [info] fatal: not a git repository (or any of the parent directories): .git
2023-05-07 23:14:22.382 [info] > git rev-parse --show-toplevel [1ms]
2023-05-07 23:14:22.382 [info] fatal: not a git repository (or any of the parent directories): .git
2023-05-07 23:14:53.087 [info] > git rev-parse --show-toplevel [2ms]
2023-05-07 23:14:53.087 [info] fatal: not a git repository (or any of the parent directories): .git
2023-05-07 23:14:57.827 [info] > git rev-parse --show-toplevel [2ms]
2023-05-07 23:14:57.827 [info] fatal: not a git repository (or any of the parent directories): .git
2023-05-07 23:15:04.912 [info] > git rev-parse --show-toplevel [2ms]
2023-05-07 23:15:04.912 [info] fatal: not a git repository (or any of the parent directories): .git
2023-05-07 23:15:43.362 [info] > git rev-parse --show-toplevel [1ms]
2023-05-07 23:15:43.362 [info] fatal: not a git repository (or any of the parent directories): .git
2023-05-07 23:16:06.948 [info] > git rev-parse --show-toplevel [1ms]
2023-05-07 23:16:06.948 [info] fatal: not a git repository (or any of the parent directories): .git
2023-05-07 23:16:23.125 [info] > git rev-parse --show-toplevel [1ms]
2023-05-07 23:16:23.125 [info] fatal: not a git repository (or any of the parent directories): .git
2023-05-07 23:17:05.925 [info] > git rev-parse --show-toplevel [0ms]
2023-05-07 23:17:05.925 [info] fatal: not a git repository (or any of the parent directories): .git
2023-05-07 23:17:45.028 [info] > git rev-parse --show-toplevel [1ms]
2023-05-07 23:17:45.028 [info] fatal: not a git repository (or any of the parent directories): .git
2023-05-07 23:19:14.148 [info] > git rev-parse --show-toplevel [1ms]
2023-05-07 23:19:14.148 [info] fatal: not a git repository (or any of the parent directories): .git
2023-05-07 23:19:34.795 [info] > git rev-parse --show-toplevel [2ms]
2023-05-07 23:19:34.795 [info] fatal: not a git repository (or any of the parent directories): .git
2023-05-07 23:20:08.528 [info] > git rev-parse --show-toplevel [4ms]
2023-05-07 23:20:08.528 [info] fatal: not a git repository (or any of the parent directories): .git
2023-05-07 23:20:27.498 [info] > git rev-parse --show-toplevel [1ms]
2023-05-07 23:20:27.498 [info] fatal: not a git repository (or any of the parent directories): .git
2023-05-07 23:20:49.109 [info] > git rev-parse --show-toplevel [1ms]
2023-05-07 23:20:49.109 [info] fatal: not a git repository (or any of the parent directories): .git
2023-05-07 23:21:17.590 [info] > git rev-parse --show-toplevel [2ms]
2023-05-07 23:21:17.591 [info] fatal: not a git repository (or any of the parent directories): .git
2023-05-07 23:22:55.862 [info] > git rev-parse --show-toplevel [1ms]
2023-05-07 23:22:55.862 [info] fatal: not a git repository (or any of the parent directories): .git
2023-05-07 23:23:20.480 [info] > git rev-parse --show-toplevel [1ms]
2023-05-07 23:23:20.480 [info] fatal: not a git repository (or any of the parent directories): .git
2023-05-07 23:23:48.908 [info] > git rev-parse --show-toplevel [1ms]
2023-05-07 23:23:48.908 [info] fatal: not a git repository (or any of the parent directories): .git
2023-05-07 23:23:58.399 [info] > git rev-parse --show-toplevel [2ms]
2023-05-07 23:23:58.399 [info] fatal: not a git repository (or any of the parent directories): .git
2023-05-07 23:24:40.231 [info] > git rev-parse --show-toplevel [1ms]
2023-05-07 23:24:40.231 [info] fatal: not a git repository (or any of the parent directories): .git
2023-05-07 23:27:57.973 [info] > git rev-parse --show-toplevel [1ms]
2023-05-07 23:27:57.973 [info] fatal: not a git repository (or any of the parent directories): .git
2023-05-07 23:28:32.132 [info] > git rev-parse --show-toplevel [0ms]
2023-05-07 23:28:32.132 [info] fatal: not a git repository (or any of the parent directories): .git
2023-05-07 23:29:27.998 [info] > git rev-parse --show-toplevel [1ms]
2023-05-07 23:29:27.998 [info] fatal: not a git repository (or any of the parent directories): .git
2023-05-07 23:31:33.031 [info] > git rev-parse --show-toplevel [1ms]
2023-05-07 23:31:33.031 [info] fatal: not a git repository (or any of the parent directories): .git
2023-05-07 23:32:46.253 [info] > git rev-parse --show-toplevel [1ms]
2023-05-07 23:32:46.253 [info] fatal: not a git repository (or any of the parent directories): .git
2023-05-07 23:36:35.541 [info] > git rev-parse --show-toplevel [1ms]
2023-05-07 23:36:35.541 [info] fatal: not a git repository (or any of the parent directories): .git
2023-05-08 00:21:07.666 [info] > git rev-parse --show-toplevel [4ms]
2023-05-08 00:21:07.666 [info] fatal: not a git repository (or any of the parent directories): .git
2023-05-08 00:21:08.352 [info] > git rev-parse --show-toplevel [1ms]
2023-05-08 00:21:08.352 [info] fatal: not a git repository (or any of the parent directories): .git
2023-05-08 00:21:08.758 [info] > git rev-parse --show-toplevel [4ms]
2023-05-08 00:21:08.758 [info] fatal: not a git repository (or any of the parent directories): .git
2023-05-08 00:21:08.996 [info] > git rev-parse --show-toplevel [1ms]
2023-05-08 00:21:08.996 [info] fatal: not a git repository (or any of the parent directories): .git
2023-05-08 00:21:09.178 [info] > git rev-parse --show-toplevel [2ms]
2023-05-08 00:21:09.178 [info] fatal: not a git repository (or any of the parent directories): .git
2023-05-08 00:21:09.343 [info] > git rev-parse --show-toplevel [3ms]
2023-05-08 00:21:09.343 [info] fatal: not a git repository (or any of the parent directories): .git
2023-05-08 00:21:09.523 [info] > git rev-parse --show-toplevel [2ms]
2023-05-08 00:21:09.523 [info] fatal: not a git repository (or any of the parent directories): .git
2023-05-08 00:21:10.159 [info] > git rev-parse --show-toplevel [2ms]
2023-05-08 00:21:10.159 [info] fatal: not a git repository (or any of the parent directories): .git
2023-05-08 00:21:10.645 [info] > git rev-parse --show-toplevel [1ms]
2023-05-08 00:21:10.645 [info] fatal: not a git repository (or any of the parent directories): .git
2023-05-08 00:21:18.097 [info] > git rev-parse --show-toplevel [1ms]
2023-05-08 00:21:18.097 [info] fatal: not a git repository (or any of the parent directories): .git
2023-05-08 00:21:19.108 [info] > git rev-parse --show-toplevel [2ms]
2023-05-08 00:21:19.109 [info] fatal: not a git repository (or any of the parent directories): .git
2023-05-08 00:21:20.505 [info] > git rev-parse --show-toplevel [1ms]
2023-05-08 00:21:20.505 [info] fatal: not a git repository (or any of the parent directories): .git
2023-05-08 00:21:46.384 [info] > git rev-parse --show-toplevel [1ms]
2023-05-08 00:21:46.384 [info] fatal: not a git repository (or any of the parent directories): .git
2023-05-08 00:53:28.120 [info] > git rev-parse --show-toplevel [1ms]
2023-05-08 00:53:28.120 [info] fatal: not a git repository (or any of the parent directories): .git
2023-05-08 00:53:28.328 [info] > git rev-parse --show-toplevel [4ms]
2023-05-08 00:53:28.328 [info] fatal: not a git repository (or any of the parent directories): .git
2023-05-08 00:53:28.591 [info] > git rev-parse --show-toplevel [1ms]
2023-05-08 00:53:28.591 [info] fatal: not a git repository (or any of the parent directories): .git
2023-05-08 00:53:28.803 [info] > git rev-parse --show-toplevel [3ms]
2023-05-08 00:53:28.803 [info] fatal: not a git repository (or any of the parent directories): .git
2023-05-08 00:53:28.986 [info] > git rev-parse --show-toplevel [1ms]
2023-05-08 00:53:28.986 [info] fatal: not a git repository (or any of the parent directories): .git
2023-05-08 00:53:29.153 [info] > git rev-parse --show-toplevel [1ms]
2023-05-08 00:53:29.153 [info] fatal: not a git repository (or any of the parent directories): .git
2023-05-08 00:53:29.372 [info] > git rev-parse --show-toplevel [2ms]
2023-05-08 00:53:29.372 [info] fatal: not a git repository (or any of the parent directories): .git
2023-05-08 00:53:29.566 [info] > git rev-parse --show-toplevel [1ms]
2023-05-08 00:53:29.566 [info] fatal: not a git repository (or any of the parent directories): .git
2023-05-08 00:53:29.817 [info] > git rev-parse --show-toplevel [1ms]
2023-05-08 00:53:29.817 [info] fatal: not a git repository (or any of the parent directories): .git
2023-05-08 00:53:30.201 [info] > git rev-parse --show-toplevel [2ms]
2023-05-08 00:53:30.201 [info] fatal: not a git repository (or any of the parent directories): .git
2023-05-08 00:53:30.466 [info] > git rev-parse --show-toplevel [1ms]
2023-05-08 00:53:30.466 [info] fatal: not a git repository (or any of the parent directories): .git
2023-05-08 00:53:34.517 [info] > git rev-parse --show-toplevel [1ms]
2023-05-08 00:53:34.517 [info] fatal: not a git repository (or any of the parent directories): .git
2023-05-08 00:53:34.642 [info] > git rev-parse --show-toplevel [3ms]
2023-05-08 00:53:34.642 [info] fatal: not a git repository (or any of the parent directories): .git
2023-05-08 00:53:34.841 [info] > git rev-parse --show-toplevel [2ms]
2023-05-08 00:53:34.841 [info] fatal: not a git repository (or any of the parent directories): .git
2023-05-08 00:53:34.920 [info] > git rev-parse --show-toplevel [1ms]
2023-05-08 00:53:34.920 [info] fatal: not a git repository (or any of the parent directories): .git
2023-05-08 00:53:35.080 [info] > git rev-parse --show-toplevel [3ms]
2023-05-08 00:53:35.080 [info] fatal: not a git repository (or any of the parent directories): .git
2023-05-08 00:53:35.252 [info] > git rev-parse --show-toplevel [1ms]
2023-05-08 00:53:35.252 [info] fatal: not a git repository (or any of the parent directories): .git
2023-05-08 00:53:35.414 [info] > git rev-parse --show-toplevel [1ms]
2023-05-08 00:53:35.415 [info] fatal: not a git repository (or any of the parent directories): .git
2023-05-08 00:53:35.496 [info] > git rev-parse --show-toplevel [1ms]
2023-05-08 00:53:35.496 [info] fatal: not a git repository (or any of the parent directories): .git
2023-05-08 00:53:35.707 [info] > git rev-parse --show-toplevel [0ms]
2023-05-08 00:53:35.707 [info] fatal: not a git repository (or any of the parent directories): .git
2023-05-08 00:53:35.869 [info] > git rev-parse --show-toplevel [3ms]
2023-05-08 00:53:35.869 [info] fatal: not a git repository (or any of the parent directories): .git
2023-05-08 00:53:35.969 [info] > git rev-parse --show-toplevel [2ms]
2023-05-08 00:53:35.969 [info] fatal: not a git repository (or any of the parent directories): .git
2023-05-08 00:53:36.153 [info] > git rev-parse --show-toplevel [1ms]
2023-05-08 00:53:36.153 [info] fatal: not a git repository (or any of the parent directories): .git
2023-05-08 00:53:36.236 [info] > git rev-parse --show-toplevel [3ms]
2023-05-08 00:53:36.236 [info] fatal: not a git repository (or any of the parent directories): .git
2023-05-08 00:53:36.428 [info] > git rev-parse --show-toplevel [2ms]
2023-05-08 00:53:36.428 [info] fatal: not a git repository (or any of the parent directories): .git
2023-05-08 00:53:36.535 [info] > git rev-parse --show-toplevel [1ms]
2023-05-08 00:53:36.535 [info] fatal: not a git repository (or any of the parent directories): .git
2023-05-08 00:53:36.763 [info] > git rev-parse --show-toplevel [16ms]
2023-05-08 00:53:36.763 [info] fatal: not a git repository (or any of the parent directories): .git
2023-05-08 00:53:36.830 [info] > git rev-parse --show-toplevel [2ms]
2023-05-08 00:53:36.830 [info] fatal: not a git repository (or any of the parent directories): .git
2023-05-08 00:53:37.027 [info] > git rev-parse --show-toplevel [1ms]
2023-05-08 00:53:37.027 [info] fatal: not a git repository (or any of the parent directories): .git
2023-05-08 00:53:37.106 [info] > git rev-parse --show-toplevel [2ms]
2023-05-08 00:53:37.106 [info] fatal: not a git repository (or any of the parent directories): .git
2023-05-08 00:53:37.333 [info] > git rev-parse --show-toplevel [3ms]
2023-05-08 00:53:37.333 [info] fatal: not a git repository (or any of the parent directories): .git
2023-05-08 00:53:37.425 [info] > git rev-parse --show-toplevel [1ms]
2023-05-08 00:53:37.426 [info] fatal: not a git repository (or any of the parent directories): .git
