2023-05-19 02:30:30.213 [info] Test server listening.
2023-05-19 02:30:30.213 [info] > conda info --json
2023-05-19 02:30:30.213 [info] Python interpreter path: /bin/python
2023-05-19 02:30:30.235 [info] Found: /bin/python --> /bin/python3.10
2023-05-19 02:30:30.236 [info] Found: /bin/python3 --> /bin/python3.10
2023-05-19 02:30:30.236 [info] Found: /bin/python3.10 --> /bin/python3.10
2023-05-19 02:30:30.275 [warning] Retry failed, storage update failed for key PYTHON_WORKSPACE_STORAGE_KEYS
2023-05-19 02:30:30.275 [warning] Retry failed, storage update failed for key PYTHON_WORKSPACE_STORAGE_KEYS
2023-05-19 02:30:30.275 [warning] Retry failed, storage update failed for key PYTHON_WORKSPACE_STORAGE_KEYS
2023-05-19 02:30:30.284 [info] Found: /sbin/python --> /sbin/python3.10
2023-05-19 02:30:30.285 [info] Found: /sbin/python3 --> /sbin/python3.10
2023-05-19 02:30:30.285 [info] Found: /sbin/python3.10 --> /sbin/python3.10
2023-05-19 02:30:30.291 [info] Found: /usr/bin/python --> /usr/bin/python3.10
2023-05-19 02:30:30.292 [info] Found: /usr/bin/python3 --> /usr/bin/python3.10
2023-05-19 02:30:30.292 [info] Found: /usr/bin/python3.10 --> /usr/bin/python3.10
2023-05-19 02:30:30.316 [info] Found: /usr/sbin/python --> /usr/sbin/python3.10
2023-05-19 02:30:30.316 [info] Found: /usr/sbin/python3 --> /usr/sbin/python3.10
2023-05-19 02:30:30.316 [info] Found: /usr/sbin/python3.10 --> /usr/sbin/python3.10
2023-05-19 02:30:30.335 [info] > /bin/python -I ~/.vscode-oss/extensions/ms-python.python-2023.8.0-universal/pythonFiles/get_output_via_markers.py ~/.vscode-oss/extensions/ms-python.python-2023.8.0-universal/pythonFiles/interpreterInfo.py
2023-05-19 02:30:30.370 [info] > /sbin/python -I ~/.vscode-oss/extensions/ms-python.python-2023.8.0-universal/pythonFiles/get_output_via_markers.py ~/.vscode-oss/extensions/ms-python.python-2023.8.0-universal/pythonFiles/interpreterInfo.py
2023-05-19 02:30:30.420 [info] > /usr/bin/python -I ~/.vscode-oss/extensions/ms-python.python-2023.8.0-universal/pythonFiles/get_output_via_markers.py ~/.vscode-oss/extensions/ms-python.python-2023.8.0-universal/pythonFiles/interpreterInfo.py
2023-05-19 02:30:30.434 [info] > /usr/sbin/python -I ~/.vscode-oss/extensions/ms-python.python-2023.8.0-universal/pythonFiles/get_output_via_markers.py ~/.vscode-oss/extensions/ms-python.python-2023.8.0-universal/pythonFiles/interpreterInfo.py
2023-05-19 02:30:31.426 [info] Starting Jedi language server for lab.
