2024-05-24 02:09:03.770 [info] Getting Manifest... ms-python.debugpy
2024-05-24 02:09:03.787 [info] Getting Manifest... ms-python.python
2024-05-24 02:09:03.789 [info] Getting Manifest... ms-toolsai.jupyter
2024-05-24 02:09:03.791 [info] Getting Manifest... ms-toolsai.vscode-jupyter-cell-tags
2024-05-24 02:09:03.793 [info] Getting Manifest... ms-toolsai.vscode-jupyter-slideshow
2024-05-24 02:09:04.794 [info] Installing extension: ms-toolsai.vscode-jupyter-slideshow
2024-05-24 02:09:04.799 [info] Installing extension: ms-toolsai.vscode-jupyter-cell-tags
2024-05-24 02:09:04.917 [info] Installing extension: ms-python.debugpy
2024-05-24 02:09:04.927 [info] Installing extension: ms-python.python
2024-05-24 02:09:04.964 [info] Installing extension: ms-toolsai.jupyter
2024-05-24 02:09:05.564 [info] Getting Manifest... ms-python.python
2024-05-24 02:09:06.186 [info] Waiting for already requested installing extension ms-python.python ms-python.debugpy
2024-05-24 02:09:07.086 [error] Could not load vsce-sign module Cannot find module '@vscode/vsce-sign'
Require stack:
- /usr/lib/code/out/bootstrap-amd.js
- /usr/lib/code/out/bootstrap-fork.js
2024-05-24 02:09:07.086 [info] Extension signature verification is not done: ms-toolsai.vscode-jupyter-slideshow
2024-05-24 02:09:07.160 [info] Extracted extension to file:///home/_wajs_err_/.vscode/extensions/ms-toolsai.vscode-jupyter-slideshow-0.1.6-universal: ms-toolsai.vscode-jupyter-slideshow
2024-05-24 02:09:07.176 [info] Renamed to /home/_wajs_err_/.vscode/extensions/ms-toolsai.vscode-jupyter-slideshow-0.1.6-universal
2024-05-24 02:09:07.182 [info] Extracting extension completed. ms-toolsai.vscode-jupyter-slideshow
2024-05-24 02:09:07.205 [info] Extension installed successfully: ms-toolsai.vscode-jupyter-slideshow
2024-05-24 02:09:07.210 [info] Marked extension as uninstalled ms-toolsai.vscode-jupyter-slideshow-0.1.5-universal
2024-05-24 02:09:07.273 [error] [uncaught exception in sharedProcess]: Error: ENOENT: no such file or directory, stat '/home/_wajs_err_/.vscode/extensions/extensions.json.vsctmp': EntryNotFound (FileSystemError): Error: ENOENT: no such file or directory, stat '/home/_wajs_err_/.vscode/extensions/extensions.json.vsctmp'
    at a.create (/usr/lib/code/out/vs/code/node/sharedProcess/sharedProcessMain.js:53:29989)
    at b (/usr/lib/code/out/vs/code/node/sharedProcess/sharedProcessMain.js:53:30100)
    at t.hb (/usr/lib/code/out/vs/code/node/sharedProcess/sharedProcessMain.js:58:36600)
    at t.stat (/usr/lib/code/out/vs/code/node/sharedProcess/sharedProcessMain.js:58:29040)
    at async $.stat (/usr/lib/code/out/vs/code/node/sharedProcess/sharedProcessMain.js:58:16186)
    at async K.sb (/usr/lib/code/out/vs/code/node/sharedProcess/sharedProcessMain.js:104:109493)
2024-05-24 02:09:07.305 [error] Could not load vsce-sign module Cannot find module '@vscode/vsce-sign'
Require stack:
- /usr/lib/code/out/bootstrap-amd.js
- /usr/lib/code/out/bootstrap-fork.js
2024-05-24 02:09:07.305 [info] Extension signature verification is not done: ms-toolsai.vscode-jupyter-cell-tags
2024-05-24 02:09:07.346 [info] Extracted extension to file:///home/_wajs_err_/.vscode/extensions/ms-toolsai.vscode-jupyter-cell-tags-0.1.9-universal: ms-toolsai.vscode-jupyter-cell-tags
2024-05-24 02:09:07.359 [info] Renamed to /home/_wajs_err_/.vscode/extensions/ms-toolsai.vscode-jupyter-cell-tags-0.1.9-universal
2024-05-24 02:09:07.361 [info] Extracting extension completed. ms-toolsai.vscode-jupyter-cell-tags
2024-05-24 02:09:07.381 [info] Extension installed successfully: ms-toolsai.vscode-jupyter-cell-tags
2024-05-24 02:09:07.384 [info] Marked extension as uninstalled ms-toolsai.vscode-jupyter-cell-tags-0.1.8-universal
2024-05-24 02:09:07.448 [error] [uncaught exception in sharedProcess]: Error: ENOENT: no such file or directory, stat '/home/_wajs_err_/.vscode/extensions/extensions.json.vsctmp': EntryNotFound (FileSystemError): Error: ENOENT: no such file or directory, stat '/home/_wajs_err_/.vscode/extensions/extensions.json.vsctmp'
    at a.create (/usr/lib/code/out/vs/code/node/sharedProcess/sharedProcessMain.js:53:29989)
    at b (/usr/lib/code/out/vs/code/node/sharedProcess/sharedProcessMain.js:53:30100)
    at t.hb (/usr/lib/code/out/vs/code/node/sharedProcess/sharedProcessMain.js:58:36600)
    at t.stat (/usr/lib/code/out/vs/code/node/sharedProcess/sharedProcessMain.js:58:29040)
    at async $.stat (/usr/lib/code/out/vs/code/node/sharedProcess/sharedProcessMain.js:58:16186)
    at async K.sb (/usr/lib/code/out/vs/code/node/sharedProcess/sharedProcessMain.js:104:109493)
2024-05-24 02:09:13.316 [error] Could not load vsce-sign module Cannot find module '@vscode/vsce-sign'
Require stack:
- /usr/lib/code/out/bootstrap-amd.js
- /usr/lib/code/out/bootstrap-fork.js
2024-05-24 02:09:13.317 [info] Extension signature verification is not done: ms-python.debugpy
2024-05-24 02:09:13.639 [info] Extracted extension to file:///home/_wajs_err_/.vscode/extensions/ms-python.debugpy-2024.6.0-linux-x64: ms-python.debugpy
2024-05-24 02:09:13.651 [info] Renamed to /home/_wajs_err_/.vscode/extensions/ms-python.debugpy-2024.6.0-linux-x64
2024-05-24 02:09:13.655 [info] Extracting extension completed. ms-python.debugpy
2024-05-24 02:09:13.681 [info] Marked extension as uninstalled ms-python.debugpy-2024.2.0-linux-x64
2024-05-24 02:09:13.745 [error] [uncaught exception in sharedProcess]: Error: ENOENT: no such file or directory, stat '/home/_wajs_err_/.vscode/extensions/extensions.json.vsctmp': EntryNotFound (FileSystemError): Error: ENOENT: no such file or directory, stat '/home/_wajs_err_/.vscode/extensions/extensions.json.vsctmp'
    at a.create (/usr/lib/code/out/vs/code/node/sharedProcess/sharedProcessMain.js:53:29989)
    at b (/usr/lib/code/out/vs/code/node/sharedProcess/sharedProcessMain.js:53:30100)
    at t.hb (/usr/lib/code/out/vs/code/node/sharedProcess/sharedProcessMain.js:58:36600)
    at t.stat (/usr/lib/code/out/vs/code/node/sharedProcess/sharedProcessMain.js:58:29040)
    at async $.stat (/usr/lib/code/out/vs/code/node/sharedProcess/sharedProcessMain.js:58:16186)
    at async K.sb (/usr/lib/code/out/vs/code/node/sharedProcess/sharedProcessMain.js:104:109493)
2024-05-24 02:09:22.251 [error] Could not load vsce-sign module Cannot find module '@vscode/vsce-sign'
Require stack:
- /usr/lib/code/out/bootstrap-amd.js
- /usr/lib/code/out/bootstrap-fork.js
2024-05-24 02:09:22.252 [info] Extension signature verification is not done: ms-toolsai.jupyter
2024-05-24 02:09:22.942 [info] Extracted extension to file:///home/_wajs_err_/.vscode/extensions/ms-toolsai.jupyter-2024.4.0-universal: ms-toolsai.jupyter
2024-05-24 02:09:22.957 [info] Renamed to /home/_wajs_err_/.vscode/extensions/ms-toolsai.jupyter-2024.4.0-universal
2024-05-24 02:09:22.964 [info] Extracting extension completed. ms-toolsai.jupyter
2024-05-24 02:09:22.986 [info] Extension installed successfully: ms-toolsai.jupyter
2024-05-24 02:09:22.993 [info] Marked extension as uninstalled ms-toolsai.jupyter-2023.9.100-universal
2024-05-24 02:09:23.050 [error] [uncaught exception in sharedProcess]: Error: ENOENT: no such file or directory, stat '/home/_wajs_err_/.vscode/extensions/extensions.json.vsctmp': EntryNotFound (FileSystemError): Error: ENOENT: no such file or directory, stat '/home/_wajs_err_/.vscode/extensions/extensions.json.vsctmp'
    at a.create (/usr/lib/code/out/vs/code/node/sharedProcess/sharedProcessMain.js:53:29989)
    at b (/usr/lib/code/out/vs/code/node/sharedProcess/sharedProcessMain.js:53:30100)
    at t.hb (/usr/lib/code/out/vs/code/node/sharedProcess/sharedProcessMain.js:58:36600)
    at t.stat (/usr/lib/code/out/vs/code/node/sharedProcess/sharedProcessMain.js:58:29040)
    at async $.stat (/usr/lib/code/out/vs/code/node/sharedProcess/sharedProcessMain.js:58:16186)
    at async K.sb (/usr/lib/code/out/vs/code/node/sharedProcess/sharedProcessMain.js:104:109493)
2024-05-24 02:09:24.625 [error] Could not load vsce-sign module Cannot find module '@vscode/vsce-sign'
Require stack:
- /usr/lib/code/out/bootstrap-amd.js
- /usr/lib/code/out/bootstrap-fork.js
2024-05-24 02:09:24.626 [info] Extension signature verification is not done: ms-python.python
2024-05-24 02:09:26.219 [info] Extracted extension to file:///home/_wajs_err_/.vscode/extensions/ms-python.python-2024.4.1-universal: ms-python.python
2024-05-24 02:09:26.244 [info] Renamed to /home/_wajs_err_/.vscode/extensions/ms-python.python-2024.4.1-universal
2024-05-24 02:09:26.260 [info] Extracting extension completed. ms-python.python
2024-05-24 02:09:26.281 [info] Extension installed successfully: ms-python.python
2024-05-24 02:09:26.282 [info] Finished waiting for already requested installing extension ms-python.python ms-python.debugpy
2024-05-24 02:09:26.282 [info] Extension installed successfully: ms-python.debugpy
2024-05-24 02:09:26.289 [info] Marked extension as uninstalled ms-python.python-2024.2.1-universal
2024-05-24 02:09:26.346 [error] [uncaught exception in sharedProcess]: Error: ENOENT: no such file or directory, stat '/home/_wajs_err_/.vscode/extensions/extensions.json.vsctmp': EntryNotFound (FileSystemError): Error: ENOENT: no such file or directory, stat '/home/_wajs_err_/.vscode/extensions/extensions.json.vsctmp'
    at a.create (/usr/lib/code/out/vs/code/node/sharedProcess/sharedProcessMain.js:53:29989)
    at b (/usr/lib/code/out/vs/code/node/sharedProcess/sharedProcessMain.js:53:30100)
    at t.hb (/usr/lib/code/out/vs/code/node/sharedProcess/sharedProcessMain.js:58:36600)
    at t.stat (/usr/lib/code/out/vs/code/node/sharedProcess/sharedProcessMain.js:58:29040)
    at async $.stat (/usr/lib/code/out/vs/code/node/sharedProcess/sharedProcessMain.js:58:16186)
    at async K.sb (/usr/lib/code/out/vs/code/node/sharedProcess/sharedProcessMain.js:104:109493)
