2024-05-24 02:09:02.377 [info] Test server listening.
2024-05-24 02:09:02.377 [info] > conda info --json
2024-05-24 02:09:02.377 [info] Python interpreter path: /bin/python
2024-05-24 02:09:02.530 [info] > /bin/python -I ~/.vscode/extensions/ms-python.python-2024.2.1-universal/pythonFiles/get_output_via_markers.py ~/.vscode/extensions/ms-python.python-2024.2.1-universal/pythonFiles/interpreterInfo.py
2024-05-24 02:09:02.547 [info] > /sbin/python -I ~/.vscode/extensions/ms-python.python-2024.2.1-universal/pythonFiles/get_output_via_markers.py ~/.vscode/extensions/ms-python.python-2024.2.1-universal/pythonFiles/interpreterInfo.py
2024-05-24 02:09:02.715 [info] > /usr/bin/python -I ~/.vscode/extensions/ms-python.python-2024.2.1-universal/pythonFiles/get_output_via_markers.py ~/.vscode/extensions/ms-python.python-2024.2.1-universal/pythonFiles/interpreterInfo.py
2024-05-24 02:09:02.737 [info] > /usr/sbin/python -I ~/.vscode/extensions/ms-python.python-2024.2.1-universal/pythonFiles/get_output_via_markers.py ~/.vscode/extensions/ms-python.python-2024.2.1-universal/pythonFiles/interpreterInfo.py
2024-05-24 02:09:02.920 [warning] Retry failed, storage update failed for key PYTHON_ENV_INFO_CACHE
2024-05-24 02:09:04.851 [info] Starting Jedi language server for default.
2024-05-24 02:10:27.001 [info] Found: /bin/python --> /bin/python3.12
2024-05-24 02:10:27.002 [info] Found: /bin/python3 --> /bin/python3.12
2024-05-24 02:10:27.002 [info] Found: /bin/python3.12 --> /bin/python3.12
2024-05-24 02:10:27.024 [info] Found: /sbin/python --> /sbin/python3.12
2024-05-24 02:10:27.024 [info] Found: /sbin/python3 --> /sbin/python3.12
2024-05-24 02:10:27.024 [info] Found: /sbin/python3.12 --> /sbin/python3.12
2024-05-24 02:10:27.031 [info] Found: /usr/bin/python --> /usr/bin/python3.12
2024-05-24 02:10:27.031 [info] Found: /usr/bin/python3 --> /usr/bin/python3.12
2024-05-24 02:10:27.032 [info] Found: /usr/bin/python3.12 --> /usr/bin/python3.12
2024-05-24 02:10:27.080 [info] Found: /usr/sbin/python --> /usr/sbin/python3.12
2024-05-24 02:10:27.081 [info] Found: /usr/sbin/python3 --> /usr/sbin/python3.12
2024-05-24 02:10:27.081 [info] Found: /usr/sbin/python3.12 --> /usr/sbin/python3.12
