2023-05-07 23:11:05.565 [info] Test server listening.
2023-05-07 23:11:05.565 [info] > conda info --json
2023-05-07 23:11:05.565 [info] Python interpreter path: /bin/python
2023-05-07 23:11:05.581 [info] Found: /bin/python --> /bin/python3.10
2023-05-07 23:11:05.595 [info] Found: /bin/python3 --> /bin/python3.10
2023-05-07 23:11:05.595 [info] Found: /bin/python3.10 --> /bin/python3.10
2023-05-07 23:11:05.644 [info] Found: /sbin/python --> /sbin/python3.10
2023-05-07 23:11:05.644 [info] Found: /sbin/python3 --> /sbin/python3.10
2023-05-07 23:11:05.644 [info] Found: /sbin/python3.10 --> /sbin/python3.10
2023-05-07 23:11:05.650 [info] Found: /usr/bin/python --> /usr/bin/python3.10
2023-05-07 23:11:05.651 [info] Found: /usr/bin/python3 --> /usr/bin/python3.10
2023-05-07 23:11:05.651 [info] Found: /usr/bin/python3.10 --> /usr/bin/python3.10
2023-05-07 23:11:05.676 [info] Found: /usr/sbin/python --> /usr/sbin/python3.10
2023-05-07 23:11:05.677 [info] Found: /usr/sbin/python3 --> /usr/sbin/python3.10
2023-05-07 23:11:05.677 [info] Found: /usr/sbin/python3.10 --> /usr/sbin/python3.10
2023-05-07 23:11:05.694 [info] > /bin/python -I ~/.vscode-oss/extensions/ms-python.python-2023.8.0-universal/pythonFiles/get_output_via_markers.py ~/.vscode-oss/extensions/ms-python.python-2023.8.0-universal/pythonFiles/interpreterInfo.py
2023-05-07 23:11:05.712 [info] > /sbin/python -I ~/.vscode-oss/extensions/ms-python.python-2023.8.0-universal/pythonFiles/get_output_via_markers.py ~/.vscode-oss/extensions/ms-python.python-2023.8.0-universal/pythonFiles/interpreterInfo.py
2023-05-07 23:11:05.761 [info] > /usr/bin/python -I ~/.vscode-oss/extensions/ms-python.python-2023.8.0-universal/pythonFiles/get_output_via_markers.py ~/.vscode-oss/extensions/ms-python.python-2023.8.0-universal/pythonFiles/interpreterInfo.py
2023-05-07 23:11:05.796 [info] > /usr/sbin/python -I ~/.vscode-oss/extensions/ms-python.python-2023.8.0-universal/pythonFiles/get_output_via_markers.py ~/.vscode-oss/extensions/ms-python.python-2023.8.0-universal/pythonFiles/interpreterInfo.py
2023-05-07 23:11:06.771 [info] Starting Jedi language server for lab.
