2023-05-28 01:40:41.599 [info] Added views:workbench.panel.markers.view in workbench.panel.markers
2023-05-28 01:40:41.599 [info] Added views:workbench.panel.output in workbench.panel.output
2023-05-28 01:40:41.599 [info] Added views:terminal in terminal
2023-05-28 01:40:41.599 [info] Added views:workbench.scm in workbench.view.scm
2023-05-28 01:40:41.599 [info] Added views:workbench.view.search in workbench.view.search
2023-05-28 01:40:41.599 [info] Added views:workbench.debug.welcome in workbench.view.debug
2023-05-28 01:40:41.599 [info] Added views:workbench.explorer.fileView in workbench.view.explorer
2023-05-28 01:40:42.121 [info] Added views:workbench.panel.repl.view in workbench.panel.repl
2023-05-28 01:40:43.251 [info] Added views:jupyterViewVariables in workbench.view.extension.jupyter-variables
2023-05-28 01:40:43.257 [info] Added views:cell-tag in workbench.view.extension.jupyter-variables
2023-05-28 01:40:43.540 [info] Added views:workbench.view.testing in workbench.view.extension.test
2023-05-28 01:40:59.640 [info] Added views:workbench.views.extensions.installed,workbench.views.extensions.popular,extensions.recommendedList in workbench.view.extensions
2023-05-28 01:40:59.656 [info] Removed views:workbench.views.extensions.popular from workbench.view.extensions
2023-05-28 01:41:02.871 [info] Removed views:workbench.view.testing from workbench.view.extension.test
2023-05-28 01:41:03.879 [info] Added views:workbench.panel.markers.view in workbench.panel.markers
2023-05-28 01:41:03.879 [info] Added views:workbench.panel.output in workbench.panel.output
2023-05-28 01:41:03.879 [info] Added views:terminal in terminal
2023-05-28 01:41:03.879 [info] Added views:workbench.scm in workbench.view.scm
2023-05-28 01:41:03.879 [info] Added views:workbench.view.search in workbench.view.search
2023-05-28 01:41:03.879 [info] Added views:workbench.debug.welcome in workbench.view.debug
2023-05-28 01:41:03.879 [info] Added views:workbench.explorer.fileView in workbench.view.explorer
2023-05-28 01:41:04.287 [info] Added views:workbench.panel.repl.view in workbench.panel.repl
2023-05-28 01:41:05.188 [info] Added views:jupyterViewVariables in workbench.view.extension.jupyter-variables
2023-05-28 01:41:05.191 [info] Added views:cell-tag in workbench.view.extension.jupyter-variables
2023-05-28 01:41:05.312 [info] Added views:workbench.view.testing in workbench.view.extension.test
2023-05-28 01:41:06.139 [info] Added views:workbench.views.extensions.installed,extensions.recommendedList in workbench.view.extensions
2023-05-28 01:41:19.462 [info] Removed views:workbench.view.testing from workbench.view.extension.test
