2023-05-20 11:29:19.749 [info] Test server listening.
2023-05-20 11:29:19.749 [info] > conda info --json
2023-05-20 11:29:19.749 [info] Python interpreter path: /bin/python
2023-05-20 11:29:19.831 [info] Found: /bin/python --> /bin/python3.10
2023-05-20 11:29:19.871 [info] Found: /bin/python3 --> /bin/python3.10
2023-05-20 11:29:19.892 [info] Found: /bin/python3.10 --> /bin/python3.10
2023-05-20 11:29:19.938 [info] Found: /sbin/python --> /sbin/python3.10
2023-05-20 11:29:19.939 [info] Found: /sbin/python3 --> /sbin/python3.10
2023-05-20 11:29:19.939 [info] Found: /sbin/python3.10 --> /sbin/python3.10
2023-05-20 11:29:19.955 [info] Found: /usr/bin/python --> /usr/bin/python3.10
2023-05-20 11:29:20.000 [info] Found: /usr/bin/python3 --> /usr/bin/python3.10
2023-05-20 11:29:20.003 [info] Found: /usr/bin/python3.10 --> /usr/bin/python3.10
2023-05-20 11:29:20.069 [info] Found: /usr/sbin/python --> /usr/sbin/python3.10
2023-05-20 11:29:20.070 [info] Found: /usr/sbin/python3 --> /usr/sbin/python3.10
2023-05-20 11:29:20.070 [info] Found: /usr/sbin/python3.10 --> /usr/sbin/python3.10
2023-05-20 11:29:20.094 [info] > /bin/python -I ~/.vscode-oss/extensions/ms-python.python-2023.8.0-universal/pythonFiles/get_output_via_markers.py ~/.vscode-oss/extensions/ms-python.python-2023.8.0-universal/pythonFiles/interpreterInfo.py
2023-05-20 11:29:20.123 [info] > /sbin/python -I ~/.vscode-oss/extensions/ms-python.python-2023.8.0-universal/pythonFiles/get_output_via_markers.py ~/.vscode-oss/extensions/ms-python.python-2023.8.0-universal/pythonFiles/interpreterInfo.py
2023-05-20 11:29:20.199 [info] > /usr/bin/python -I ~/.vscode-oss/extensions/ms-python.python-2023.8.0-universal/pythonFiles/get_output_via_markers.py ~/.vscode-oss/extensions/ms-python.python-2023.8.0-universal/pythonFiles/interpreterInfo.py
2023-05-20 11:29:20.216 [info] > /usr/sbin/python -I ~/.vscode-oss/extensions/ms-python.python-2023.8.0-universal/pythonFiles/get_output_via_markers.py ~/.vscode-oss/extensions/ms-python.python-2023.8.0-universal/pythonFiles/interpreterInfo.py
2023-05-20 11:29:22.183 [info] Starting Jedi language server for lab.
