2023-05-13 21:52:43.522 [info] Test server listening.
2023-05-13 21:52:43.522 [info] > conda info --json
2023-05-13 21:52:43.522 [info] Python interpreter path: /bin/python
2023-05-13 21:52:43.526 [info] Found: /bin/python --> /bin/python3.10
2023-05-13 21:52:43.530 [info] Found: /bin/python3 --> /bin/python3.10
2023-05-13 21:52:43.530 [info] Found: /bin/python3.10 --> /bin/python3.10
2023-05-13 21:52:43.564 [info] Found: /sbin/python --> /sbin/python3.10
2023-05-13 21:52:43.565 [info] Found: /sbin/python3 --> /sbin/python3.10
2023-05-13 21:52:43.565 [info] Found: /sbin/python3.10 --> /sbin/python3.10
2023-05-13 21:52:43.575 [info] Found: /usr/bin/python --> /usr/bin/python3.10
2023-05-13 21:52:43.576 [info] Found: /usr/bin/python3 --> /usr/bin/python3.10
2023-05-13 21:52:43.576 [info] Found: /usr/bin/python3.10 --> /usr/bin/python3.10
2023-05-13 21:52:43.610 [info] Found: /usr/sbin/python --> /usr/sbin/python3.10
2023-05-13 21:52:43.610 [info] Found: /usr/sbin/python3 --> /usr/sbin/python3.10
2023-05-13 21:52:43.611 [info] Found: /usr/sbin/python3.10 --> /usr/sbin/python3.10
2023-05-13 21:52:43.636 [info] > /bin/python -I ~/.vscode-oss/extensions/ms-python.python-2023.8.0-universal/pythonFiles/get_output_via_markers.py ~/.vscode-oss/extensions/ms-python.python-2023.8.0-universal/pythonFiles/interpreterInfo.py
2023-05-13 21:52:43.686 [info] > /sbin/python -I ~/.vscode-oss/extensions/ms-python.python-2023.8.0-universal/pythonFiles/get_output_via_markers.py ~/.vscode-oss/extensions/ms-python.python-2023.8.0-universal/pythonFiles/interpreterInfo.py
2023-05-13 21:52:43.729 [info] > /usr/bin/python -I ~/.vscode-oss/extensions/ms-python.python-2023.8.0-universal/pythonFiles/get_output_via_markers.py ~/.vscode-oss/extensions/ms-python.python-2023.8.0-universal/pythonFiles/interpreterInfo.py
2023-05-13 21:52:43.786 [info] > /usr/sbin/python -I ~/.vscode-oss/extensions/ms-python.python-2023.8.0-universal/pythonFiles/get_output_via_markers.py ~/.vscode-oss/extensions/ms-python.python-2023.8.0-universal/pythonFiles/interpreterInfo.py
2023-05-13 21:52:45.656 [info] Starting Jedi language server for lab.
