Visual Studio Code (1.79.2, undefined, desktop)
Jupyter Extension Version: 2023.4.1001091014.
Python Extension Version: 2023.12.0.
Platform: linux (x64).
Workspace folder ~/study/python/lab, Home = /home/_wajs_err_
00:10:27.273 [info] ZMQ loaded without the fallback mechanism.
00:10:27.550 [debug] Get Custom Env Variables, Class name = wc (started execution), Arg 1: undefined, Arg 2: "RunPythonCode"
00:10:27.551 [info] Start refreshing Kernel Picker (1691010627551)
00:10:27.556 [info] Using Pylance
00:10:27.993 [debug] No controller, hence notebook communications cannot be initialized for editor ~/study/python/lab/lab.ipynb
00:10:28.282 [debug] Get Custom Env Variables, Class name = wc, completed in 732ms, has a truthy return value, Arg 1: undefined, Arg 2: "RunPythonCode"
00:10:28.282 [debug] Jupyter Paths /kernels: 
00:10:28.288 [debug] Kernel Spec Root Paths, /usr/share/jupyter/kernels, /usr/local/share/jupyter/kernels, ~/.local/share/jupyter/kernels
00:10:28.345 [debug] Getting activated env variables, Class name = Is (started execution), Arg 1: "~/study/python/lab", Arg 2: <Uri:/bin/python>, Arg 3: undefined
00:10:28.345 [debug] Get Custom Env Variables, Class name = wc (started execution), Arg 1: "~/study/python/lab", Arg 2: "RunPythonCode"
00:10:28.350 [debug] Get Custom Env Variables, Class name = wc, completed in 5ms, has a truthy return value, Arg 1: "~/study/python/lab", Arg 2: "RunPythonCode"
00:10:28.373 [debug] Not Searching for kernels as path does not exist, /usr/share/jupyter/kernels
00:10:28.373 [debug] Not Searching for kernels as path does not exist, /usr/local/share/jupyter/kernels
00:10:28.438 [debug] Loading kernelspec from ~/.local/share/jupyter/kernels/python3/kernel.json for 
00:10:28.445 [debug] Conda file returned by Python Extension is conda
00:10:28.502 [warn] Failed to get activated env vars for /bin/python in 157ms
00:10:28.503 [debug] Create ProcessService, Class name = nc (started execution), Arg 1: undefined
00:10:28.503 [debug] Get Custom Env Variables, Class name = wc (started execution), Arg 1: undefined, Arg 2: "RunNonPythonCode", Arg 3: undefined
00:10:28.508 [debug] Get Custom Env Variables, Class name = wc, completed in 5ms, has a truthy return value, Arg 1: undefined, Arg 2: "RunNonPythonCode", Arg 3: undefined
00:10:28.508 [debug] Create ProcessService, Class name = nc, completed in 5ms, has a truthy return value, Arg 1: undefined
00:10:28.518 [info] Process Execution: /bin/python -c "import site;print("USER_BASE_VALUE");print(site.USER_BASE);print("USER_BASE_VALUE");"
00:10:28.546 [debug] USER_SITE for /bin/python is ~/.local/bin
00:10:28.546 [debug] Prepend PATH with user site path for /bin/python, user site ~/.local/bin
00:10:28.546 [debug] Prepend PATH with python bin for /bin/python, 
    PATH value is ~/.local/bin:/usr/local/sbin:/usr/local/bin:/usr/bin:/usr/bin/site_perl:/usr/bin/vendor_perl:/usr/bin/core_perl:/usr/local/sbin:/usr/local/bin:/usr/bin:/usr/bin/site_perl:/usr/bin/vendor_perl:/usr/bin/core_perl and 
    Path value is undefined
00:10:28.546 [debug] Activated Env Variables for /bin/python, 
    PATH value is /bin:~/.local/bin:/usr/local/sbin:/usr/local/bin:/usr/bin:/usr/bin/site_perl:/usr/bin/vendor_perl:/usr/bin/core_perl:/usr/local/sbin:/usr/local/bin:/usr/bin:/usr/bin/site_perl:/usr/bin/vendor_perl:/usr/bin/core_perl and 
    Path value is undefined
00:10:28.547 [debug] Got env vars with python /bin/python in 201ms with 48 variables
00:10:28.547 [debug] Getting activated env variables, Class name = Is, completed in 202ms, has a truthy return value, Arg 1: "~/study/python/lab", Arg 2: <Uri:/bin/python>, Arg 3: undefined
00:10:28.564 [info] Process Execution: /bin/python -m pip list
00:10:28.900 [debug] Full interpreter list after refreshing (total 663ms, resolve 41ms, refresh 622ms) is length: 4, /bin/python:undefined::/bin/python:/bin/python, /sbin/python:undefined::/sbin/python:/sbin/python, /usr/bin/python:undefined::/usr/bin/python:/usr/bin/python, /usr/sbin/python:undefined::/usr/sbin/python:/usr/sbin/python
00:10:28.910 [debug] Full interpreter list after refreshing (total 3ms, resolve 3ms, refresh 0ms) is length: 4, /bin/python:undefined::/bin/python:/bin/python, /sbin/python:undefined::/sbin/python:/sbin/python, /usr/bin/python:undefined::/usr/bin/python:/usr/bin/python, /usr/sbin/python:undefined::/usr/sbin/python:/usr/sbin/python
00:10:28.920 [debug] refreshData after detecting changes to interpreters
00:10:28.921 [debug] Listing Python & non-Python kernels for Interpreter /bin/python
00:10:28.921 [debug] Listing Python & non-Python kernels for Interpreter /sbin/python
00:10:28.921 [debug] Finding Global Python KernelSpecs
00:10:28.924 [debug] refreshData after detecting changes to interpreters
00:10:28.925 [debug] Listing Python & non-Python kernels for Interpreter /usr/bin/python
00:10:28.926 [debug] refreshData after detecting changes to interpreters
00:10:28.926 [debug] Listing Python & non-Python kernels for Interpreter /usr/sbin/python
00:10:28.926 [debug] refreshData after detecting changes to interpreters
00:10:28.929 [debug] refreshData after detecting changes to interpreters
00:10:28.930 [debug] Full interpreter list is length: 4, /bin/python::Unknown:/bin/python, /sbin/python::Unknown:/sbin/python, /usr/bin/python::Unknown:/usr/bin/python, /usr/sbin/python::Unknown:/usr/sbin/python
00:10:28.930 [debug] Refreshed Environments
00:10:28.935 [debug] Kernel for interpreter /bin/python is .jvsc74a57bd0e7370f93d1d0cde622a1f8e1c04877d8463912d04d973331ad4851f04de6915a./bin/python./bin/python.-m#ipykernel_launcher
00:10:28.935 [debug] Kernels for interpreter /bin/python are .jvsc74a57bd0e7370f93d1d0cde622a1f8e1c04877d8463912d04d973331ad4851f04de6915a./bin/python./bin/python.-m#ipykernel_launcher
00:10:28.940 [debug] Kernel for interpreter /sbin/python is .jvsc74a57bd0d2152fd7f0bbc62aa1baff8c990435d1e2c7175d001561303988032604c11a48./sbin/python./sbin/python.-m#ipykernel_launcher
00:10:28.940 [debug] Kernels for interpreter /sbin/python are .jvsc74a57bd0d2152fd7f0bbc62aa1baff8c990435d1e2c7175d001561303988032604c11a48./sbin/python./sbin/python.-m#ipykernel_launcher
00:10:28.943 [debug] Kernel for interpreter /usr/bin/python is .jvsc74a57bd0767d51c1340bd893661ea55ea3124f6de3c7a262a8b4abca0554b478b1e2ff90./usr/bin/python./usr/bin/python.-m#ipykernel_launcher
00:10:28.943 [debug] Kernels for interpreter /usr/bin/python are .jvsc74a57bd0767d51c1340bd893661ea55ea3124f6de3c7a262a8b4abca0554b478b1e2ff90./usr/bin/python./usr/bin/python.-m#ipykernel_launcher
00:10:28.945 [debug] Kernel for interpreter /usr/sbin/python is .jvsc74a57bd04e1d9a8909477db77738c33245c29c7265277ef753467dede8cf3f814cde494e./usr/sbin/python./usr/sbin/python.-m#ipykernel_launcher
00:10:28.945 [debug] Kernels for interpreter /usr/sbin/python are .jvsc74a57bd04e1d9a8909477db77738c33245c29c7265277ef753467dede8cf3f814cde494e./usr/sbin/python./usr/sbin/python.-m#ipykernel_launcher
00:10:28.977 [debug] KernelProvider switched kernel to id = .jvsc74a57bd0e7370f93d1d0cde622a1f8e1c04877d8463912d04d973331ad4851f04de6915a./bin/python./bin/python.-m#ipykernel_launcher
00:10:28.977 [debug] start the kernel, options.disableUI=true for ~/study/python/lab/lab.ipynb
00:10:28.978 [debug] Initialize notebook communications for editor ~/study/python/lab/lab.ipynb
00:10:28.978 [debug] Resolving notebook UI Comms (resolve) for ~/study/python/lab/lab.ipynb
00:10:28.978 [debug] initialize CommonMessageCoordinator
00:10:28.982 [debug] Registering commtarget jupyter.widget
00:10:28.982 [debug] IPyWidgetMessageDispatcher.initialize
00:10:28.982 [debug] Attempting to determine version of IPyWidgets
00:10:28.982 [debug] Controller selection change completed
00:10:28.983 [debug] Waiting for IPyWidgets version
00:10:28.983 [debug] Waiting for IPyWidgets version promise
00:10:29.013 [info] Starting Kernel startUsingPythonInterpreter, .jvsc74a57bd0e7370f93d1d0cde622a1f8e1c04877d8463912d04d973331ad4851f04de6915a./bin/python./bin/python.-m#ipykernel_launcher  (Python Path: /bin/python, Unknown, 3.11.3) for '~/study/python/lab/lab.ipynb' (disableUI=true)
00:10:29.013 [debug] Creating raw notebook for resource '~/study/python/lab/lab.ipynb'
00:10:29.067 [debug] Kernel Launcher. launch, Class name = Kg (started execution), Arg 1: ".jvsc74a57bd0e7370f93d1d0cde622a1f8e1c04877d8463912d04d973331ad4851f04de6915a./bin/python./bin/python.-m#ipykernel_launcher", Arg 2: 60000, Arg 3: "~/study/python/lab/lab.ipynb", Arg 4: "~/study/python/lab", Arg 5: ""
00:10:29.067 [debug] Getting activated env variables, Class name = Is (started execution), Arg 1: "~/study/python/lab/lab.ipynb", Arg 2: <Uri:/bin/python>, Arg 3: undefined
00:10:29.067 [debug] Get Custom Env Variables, Class name = wc (started execution), Arg 1: "~/study/python/lab/lab.ipynb", Arg 2: "RunPythonCode"
00:10:29.077 [debug] Get Custom Env Variables, Class name = wc, completed in 10ms, has a truthy return value, Arg 1: "~/study/python/lab/lab.ipynb", Arg 2: "RunPythonCode"
00:10:29.107 [debug] Attempting to determine version of IPyWidgets
00:10:29.108 [debug] Waiting for IPyWidgets version
00:10:29.108 [debug] Waiting for IPyWidgets version promise
00:10:29.110 [debug] Launching kernel in kernelProcess.ts, Class name = Ug (started execution), Arg 1: "~/study/python/lab", Arg 2: ""
00:10:29.115 [warn] Failed to get activated env vars for /bin/python in 48ms
00:10:29.116 [debug] Prepend PATH with user site path for /bin/python, user site ~/.local/bin
00:10:29.116 [debug] Prepend PATH with python bin for /bin/python, 
    PATH value is ~/.local/bin:/usr/local/sbin:/usr/local/bin:/usr/bin:/usr/bin/site_perl:/usr/bin/vendor_perl:/usr/bin/core_perl:/usr/local/sbin:/usr/local/bin:/usr/bin:/usr/bin/site_perl:/usr/bin/vendor_perl:/usr/bin/core_perl and 
    Path value is undefined
00:10:29.116 [debug] Activated Env Variables for /bin/python, 
    PATH value is /bin:~/.local/bin:/usr/local/sbin:/usr/local/bin:/usr/bin:/usr/bin/site_perl:/usr/bin/vendor_perl:/usr/bin/core_perl:/usr/local/sbin:/usr/local/bin:/usr/bin:/usr/bin/site_perl:/usr/bin/vendor_perl:/usr/bin/core_perl and 
    Path value is undefined
00:10:29.116 [debug] Got env vars with python /bin/python in 49ms with 48 variables
00:10:29.116 [debug] Getting activated env variables, Class name = Is, completed in 49ms, has a truthy return value, Arg 1: "~/study/python/lab/lab.ipynb", Arg 2: <Uri:/bin/python>, Arg 3: undefined
00:10:29.129 [info] Process Execution: /bin/python -c "import ipykernel; print(ipykernel.__version__); print("5dc3a68c-e34e-4080-9c3e-2a532b2ccb4d"); print(ipykernel.__file__)"
00:10:29.130 [debug] Kernel Env Variables for ~/.vscode-oss/extensions/ms-toolsai.jupyter-2023.4.1001091014-universal/temp/jupyter/kernels/pythonjvsc74a57bd0e7370f93d1d0cde622a1f8e1c04877d8463912d04d973331ad4851f04de6915a/kernel.json, PATH value is /bin:~/.local/bin:/usr/local/sbin:/usr/local/bin:/usr/bin:/usr/bin/site_perl:/usr/bin/vendor_perl:/usr/bin/core_perl:/usr/local/sbin:/usr/local/bin:/usr/bin:/usr/bin/site_perl:/usr/bin/vendor_perl:/usr/bin/core_perl
00:10:29.145 [info] Process Execution: /bin/python -m ipykernel_launcher --ip=127.0.0.1 --stdin=9003 --control=9001 --hb=9000 --Session.signature_scheme="hmac-sha256" --Session.key=b"2f95a974-ccab-4678-8771-e0fef6d2a575" --shell=9002 --transport="tcp" --iopub=9004 --f=~/.local/share/jupyter/runtime/kernel-v2-273604FF5uW9WHDCak.json
    > cwd: ~/study/python/lab
00:10:29.145 [debug] Launching kernel in kernelProcess.ts, Class name = Ug, completed in 35ms, has a truthy return value, Arg 1: "~/study/python/lab", Arg 2: ""
00:10:29.174 [warn] Stderr output when getting ipykernel version & path Traceback (most recent call last):
    File "<string>", line 1, in <module>
    ModuleNotFoundError: No module named 'ipykernel' for /bin/python
00:10:29.175 [debug] KernelProcess error: /bin/python: No module named ipykernel_launcher

00:10:29.175 [warn] StdErr from Kernel Process /bin/python: No module named ipykernel_launcher
00:10:29.180 [debug] KernelProcess Exit Exit - 1 /bin/python: No module named ipykernel_launcher

00:10:29.181 [error] Disposing kernel process due to an error [mp [Error]: The kernel died. Error: /bin/python: No module named ipykernel_launcher... View Jupyter [log](command:jupyter.viewOutput) for further details.
	at ChildProcess.<anonymous> (~/.vscode-oss/extensions/ms-toolsai.jupyter-2023.4.1001091014-universal/out/extension.node.js:24:86433)
	at ChildProcess.emit (node:events:525:35)
	at ChildProcess._handle.onexit (node:internal/child_process:291:12)] {
  category: 'kerneldied',
  isJupyterError: true,
  kernelConnectionMetadata: Ku {
    kind: 'startUsingPythonInterpreter',
    kernelSpec: lu {
      specFile: '~/.vscode-oss/extensions/ms-toolsai.jupyter-2023.4.1001091014-universal/temp/jupyter/kernels/pythonjvsc74a57bd0e7370f93d1d0cde622a1f8e1c04877d8463912d04d973331ad4851f04de6915a/kernel.json',
      interpreterPath: '/bin/python',
      isRegisteredByVSC: 'registeredByNewVersionOfExt',
      name: 'pythonjvsc74a57bd0e7370f93d1d0cde622a1f8e1c04877d8463912d04d973331ad4851f04de6915a',
      argv: [Array],
      language: 'python',
      executable: 'python',
      display_name: 'Python 3',
      metadata: [Object],
      env: {},
      interrupt_mode: undefined
    },
    interpreter: {
      id: '/bin/python',
      sysPrefix: '/usr',
      envPath: undefined,
      displayPath: [n],
      envName: '',
      uri: [n],
      displayName: '',
      envType: 'Unknown',
      isCondaEnvWithoutPython: false,
      version: [Object]
    },
    id: '.jvsc74a57bd0e7370f93d1d0cde622a1f8e1c04877d8463912d04d973331ad4851f04de6915a./bin/python./bin/python.-m#ipykernel_launcher'
  },
  exitCode: 1,
  stdErr: '/bin/python: No module named ipykernel_launcher\n'
}
00:10:29.183 [info] Dispose Kernel process 273783.
00:10:29.183 [debug] Disposed Kernel process 273783.
00:10:29.184 [error] Kernel Launcher. launch, Class name = Kg, completed in 117ms, has a falsy return value, Arg 1: ".jvsc74a57bd0e7370f93d1d0cde622a1f8e1c04877d8463912d04d973331ad4851f04de6915a./bin/python./bin/python.-m#ipykernel_launcher", Arg 2: 60000, Arg 3: "~/study/python/lab/lab.ipynb", Arg 4: "~/study/python/lab", Arg 5: "" [mp [Error]: The kernel died. Error: /bin/python: No module named ipykernel_launcher... View Jupyter [log](command:jupyter.viewOutput) for further details.
	at ChildProcess.<anonymous> (~/.vscode-oss/extensions/ms-toolsai.jupyter-2023.4.1001091014-universal/out/extension.node.js:24:86433)
	at ChildProcess.emit (node:events:525:35)
	at ChildProcess._handle.onexit (node:internal/child_process:291:12)] {
  category: 'kerneldied',
  isJupyterError: true,
  kernelConnectionMetadata: Ku {
    kind: 'startUsingPythonInterpreter',
    kernelSpec: lu {
      specFile: '~/.vscode-oss/extensions/ms-toolsai.jupyter-2023.4.1001091014-universal/temp/jupyter/kernels/pythonjvsc74a57bd0e7370f93d1d0cde622a1f8e1c04877d8463912d04d973331ad4851f04de6915a/kernel.json',
      interpreterPath: '/bin/python',
      isRegisteredByVSC: 'registeredByNewVersionOfExt',
      name: 'pythonjvsc74a57bd0e7370f93d1d0cde622a1f8e1c04877d8463912d04d973331ad4851f04de6915a',
      argv: [Array],
      language: 'python',
      executable: 'python',
      display_name: 'Python 3',
      metadata: [Object],
      env: {},
      interrupt_mode: undefined
    },
    interpreter: {
      id: '/bin/python',
      sysPrefix: '/usr',
      envPath: undefined,
      displayPath: [n],
      envName: '',
      uri: [n],
      displayName: '',
      envType: 'Unknown',
      isCondaEnvWithoutPython: false,
      version: [Object]
    },
    id: '.jvsc74a57bd0e7370f93d1d0cde622a1f8e1c04877d8463912d04d973331ad4851f04de6915a./bin/python./bin/python.-m#ipykernel_launcher'
  },
  exitCode: 1,
  stdErr: '/bin/python: No module named ipykernel_launcher\n'
}
00:10:29.185 [error] Failed to connect raw kernel session: Error: The kernel died. Error: /bin/python: No module named ipykernel_launcher... View Jupyter [log](command:jupyter.viewOutput) for further details.
00:10:29.186 [debug] Shutdown session -- complete
00:10:29.186 [debug] failed to create IJupyterKernelConnectionSession in kernel, UI Disabled = true [mp [Error]: The kernel died. Error: /bin/python: No module named ipykernel_launcher... View Jupyter [log](command:jupyter.viewOutput) for further details.
	at ChildProcess.<anonymous> (~/.vscode-oss/extensions/ms-toolsai.jupyter-2023.4.1001091014-universal/out/extension.node.js:24:86433)
	at ChildProcess.emit (node:events:525:35)
	at ChildProcess._handle.onexit (node:internal/child_process:291:12)] {
  category: 'kerneldied',
  isJupyterError: true,
  kernelConnectionMetadata: Ku {
    kind: 'startUsingPythonInterpreter',
    kernelSpec: lu {
      specFile: '~/.vscode-oss/extensions/ms-toolsai.jupyter-2023.4.1001091014-universal/temp/jupyter/kernels/pythonjvsc74a57bd0e7370f93d1d0cde622a1f8e1c04877d8463912d04d973331ad4851f04de6915a/kernel.json',
      interpreterPath: '/bin/python',
      isRegisteredByVSC: 'registeredByNewVersionOfExt',
      name: 'pythonjvsc74a57bd0e7370f93d1d0cde622a1f8e1c04877d8463912d04d973331ad4851f04de6915a',
      argv: [Array],
      language: 'python',
      executable: 'python',
      display_name: 'Python 3',
      metadata: [Object],
      env: {},
      interrupt_mode: undefined
    },
    interpreter: {
      id: '/bin/python',
      sysPrefix: '/usr',
      envPath: undefined,
      displayPath: [n],
      envName: '',
      uri: [n],
      displayName: '',
      envType: 'Unknown',
      isCondaEnvWithoutPython: false,
      version: [Object]
    },
    id: '.jvsc74a57bd0e7370f93d1d0cde622a1f8e1c04877d8463912d04d973331ad4851f04de6915a./bin/python./bin/python.-m#ipykernel_launcher'
  },
  exitCode: 1,
  stdErr: '/bin/python: No module named ipykernel_launcher\n'
}
00:10:29.187 [warn] Error occurred while trying to start the kernel, options.disableUI=true [mp [Error]: The kernel died. Error: /bin/python: No module named ipykernel_launcher... View Jupyter [log](command:jupyter.viewOutput) for further details.
	at ChildProcess.<anonymous> (~/.vscode-oss/extensions/ms-toolsai.jupyter-2023.4.1001091014-universal/out/extension.node.js:24:86433)
	at ChildProcess.emit (node:events:525:35)
	at ChildProcess._handle.onexit (node:internal/child_process:291:12)] {
  category: 'kerneldied',
  isJupyterError: true,
  kernelConnectionMetadata: Ku {
    kind: 'startUsingPythonInterpreter',
    kernelSpec: lu {
      specFile: '~/.vscode-oss/extensions/ms-toolsai.jupyter-2023.4.1001091014-universal/temp/jupyter/kernels/pythonjvsc74a57bd0e7370f93d1d0cde622a1f8e1c04877d8463912d04d973331ad4851f04de6915a/kernel.json',
      interpreterPath: '/bin/python',
      isRegisteredByVSC: 'registeredByNewVersionOfExt',
      name: 'pythonjvsc74a57bd0e7370f93d1d0cde622a1f8e1c04877d8463912d04d973331ad4851f04de6915a',
      argv: [Array],
      language: 'python',
      executable: 'python',
      display_name: 'Python 3',
      metadata: [Object],
      env: {},
      interrupt_mode: undefined
    },
    interpreter: {
      id: '/bin/python',
      sysPrefix: '/usr',
      envPath: undefined,
      displayPath: [n],
      envName: '',
      uri: [n],
      displayName: '',
      envType: 'Unknown',
      isCondaEnvWithoutPython: false,
      version: [Object]
    },
    id: '.jvsc74a57bd0e7370f93d1d0cde622a1f8e1c04877d8463912d04d973331ad4851f04de6915a./bin/python./bin/python.-m#ipykernel_launcher'
  },
  exitCode: 1,
  stdErr: '/bin/python: No module named ipykernel_launcher\n'
}
00:10:29.944 [info] End refreshing Kernel Picker (1691010627551)
00:10:43.948 [debug] Updating cache with Python kernels startUsingPythonInterpreter:'.jvsc74a57bd0e7370f93d1d0cde622a1f8e1c04877d8463912d04d973331ad4851f04de6915a./bin/python./bin/python.-m#ipykernel_launcher (interpreter id = /bin/python)', startUsingPythonInterpreter:'.jvsc74a57bd0d2152fd7f0bbc62aa1baff8c990435d1e2c7175d001561303988032604c11a48./sbin/python./sbin/python.-m#ipykernel_launcher (interpreter id = /sbin/python)', startUsingPythonInterpreter:'.jvsc74a57bd0767d51c1340bd893661ea55ea3124f6de3c7a262a8b4abca0554b478b1e2ff90./usr/bin/python./usr/bin/python.-m#ipykernel_launcher (interpreter id = /usr/bin/python)', startUsingPythonInterpreter:'.jvsc74a57bd04e1d9a8909477db77738c33245c29c7265277ef753467dede8cf3f814cde494e./usr/sbin/python./usr/sbin/python.-m#ipykernel_launcher (interpreter id = /usr/sbin/python)', Added = startUsingPythonInterpreter:'.jvsc74a57bd04e1d9a8909477db77738c33245c29c7265277ef753467dede8cf3f814cde494e./usr/sbin/python./usr/sbin/python.-m#ipykernel_launcher (interpreter id = /usr/sbin/python)', Updated = , Removed = 
00:10:44.632 [info] Shutting down notebooks for c82744bf-8311-489a-8d02-399a7d890c30
00:10:44.632 [info] Disposing HostJupyterExecution b75996f3-2357-4e3b-bbbe-bd4f2bad56b8
00:10:44.632 [debug] Disposing super HostJupyterExecution b75996f3-2357-4e3b-bbbe-bd4f2bad56b8
00:10:44.632 [info] Dispose Kernel '~/study/python/lab/lab.ipynb' associated with '~/study/python/lab/lab.ipynb'
00:10:44.633 [debug] Kernel got disposed, hence there is no longer a kernel associated with ~/study/python/lab/lab.ipynb
00:10:44.633 [info] Disposing HostJupyterExecution b75996f3-2357-4e3b-bbbe-bd4f2bad56b8
00:10:44.633 [debug] Finished disposing HostJupyterExecution  b75996f3-2357-4e3b-bbbe-bd4f2bad56b8
00:10:44.636 [debug] Disposing controller .jvsc74a57bd0e7370f93d1d0cde622a1f8e1c04877d8463912d04d973331ad4851f04de6915a./bin/python./bin/python.-m#ipykernel_launcher associated with connection .jvsc74a57bd0e7370f93d1d0cde622a1f8e1c04877d8463912d04d973331ad4851f04de6915a./bin/python./bin/python.-m#ipykernel_launcher and documents file://~/study/python/lab/lab.ipynb
00:10:44.638 [debug] Disposing controller .jvsc74a57bd0e7370f93d1d0cde622a1f8e1c04877d8463912d04d973331ad4851f04de6915a./bin/python./bin/python.-m#ipykernel_launcher (Interactive) associated with connection .jvsc74a57bd0e7370f93d1d0cde622a1f8e1c04877d8463912d04d973331ad4851f04de6915a./bin/python./bin/python.-m#ipykernel_launcher 
00:10:44.639 [debug] Disposing controller .jvsc74a57bd0d2152fd7f0bbc62aa1baff8c990435d1e2c7175d001561303988032604c11a48./sbin/python./sbin/python.-m#ipykernel_launcher associated with connection .jvsc74a57bd0d2152fd7f0bbc62aa1baff8c990435d1e2c7175d001561303988032604c11a48./sbin/python./sbin/python.-m#ipykernel_launcher 
00:10:44.639 [debug] Disposing controller .jvsc74a57bd0d2152fd7f0bbc62aa1baff8c990435d1e2c7175d001561303988032604c11a48./sbin/python./sbin/python.-m#ipykernel_launcher (Interactive) associated with connection .jvsc74a57bd0d2152fd7f0bbc62aa1baff8c990435d1e2c7175d001561303988032604c11a48./sbin/python./sbin/python.-m#ipykernel_launcher 
00:10:44.639 [debug] Disposing controller .jvsc74a57bd0767d51c1340bd893661ea55ea3124f6de3c7a262a8b4abca0554b478b1e2ff90./usr/bin/python./usr/bin/python.-m#ipykernel_launcher associated with connection .jvsc74a57bd0767d51c1340bd893661ea55ea3124f6de3c7a262a8b4abca0554b478b1e2ff90./usr/bin/python./usr/bin/python.-m#ipykernel_launcher 
00:10:44.639 [debug] Disposing controller .jvsc74a57bd0767d51c1340bd893661ea55ea3124f6de3c7a262a8b4abca0554b478b1e2ff90./usr/bin/python./usr/bin/python.-m#ipykernel_launcher (Interactive) associated with connection .jvsc74a57bd0767d51c1340bd893661ea55ea3124f6de3c7a262a8b4abca0554b478b1e2ff90./usr/bin/python./usr/bin/python.-m#ipykernel_launcher 
00:10:44.639 [debug] Disposing controller .jvsc74a57bd04e1d9a8909477db77738c33245c29c7265277ef753467dede8cf3f814cde494e./usr/sbin/python./usr/sbin/python.-m#ipykernel_launcher associated with connection .jvsc74a57bd04e1d9a8909477db77738c33245c29c7265277ef753467dede8cf3f814cde494e./usr/sbin/python./usr/sbin/python.-m#ipykernel_launcher 
00:10:44.639 [debug] Disposing controller .jvsc74a57bd04e1d9a8909477db77738c33245c29c7265277ef753467dede8cf3f814cde494e./usr/sbin/python./usr/sbin/python.-m#ipykernel_launcher (Interactive) associated with connection .jvsc74a57bd04e1d9a8909477db77738c33245c29c7265277ef753467dede8cf3f814cde494e./usr/sbin/python./usr/sbin/python.-m#ipykernel_launcher 
00:10:44.640 [debug] Cleaning up server cache b75996f3-2357-4e3b-bbbe-bd4f2bad56b8
00:10:44.641 [debug] Finished disposing HostJupyterExecution  b75996f3-2357-4e3b-bbbe-bd4f2bad56b8
