2023-05-07 22:11:26.441 [error] Extension 'ms-python.python CANNOT USE these API proposals 'contribEditorContentMenu, quickPickSortByLabel, envShellEvent, testObserver, quickPickItemTooltip, envCollectionWorkspace'. You MUST start in extension development mode or use the --enable-proposed-api command line flag
2023-05-07 22:11:26.457 [error] Extension 'ms-toolsai.jupyter CANNOT USE these API proposals 'notebookDeprecated, notebookMessaging, notebookMime, notebookCellExecutionState, portsAttributes, quickPickSortByLabel, notebookKernelSource, interactiveWindow, notebookControllerAffinityHidden, quickPickItemTooltip, notebookExecution'. You MUST start in extension development mode or use the --enable-proposed-api command line flag
2023-05-07 22:11:26.457 [error] Extension 'ms-toolsai.jupyter-renderers CANNOT USE these API proposals 'contribNotebookStaticPreloads'. You MUST start in extension development mode or use the --enable-proposed-api command line flag
2023-05-07 22:11:26.533 [error] [ms-python.python]: editor/content is a proposed menu identifier. It requires 'package.json#enabledApiProposals: ["contribEditorContentMenu"]' and is only available when running out of dev or with the following command line switch: --enable-proposed-api ms-python.python
2023-05-07 22:11:27.626 [error] [Extension Host] extension activation failed Error: Extension 'ms-toolsai.jupyter' CANNOT use API proposal: notebookCellExecutionState.
Its package.json#enabledApiProposals-property declares:  but NOT notebookCellExecutionState.
 The missing proposal MUST be added and you must start in extension development mode or use the following command line switch: --enable-proposed-api ms-toolsai.jupyter
	at T (/usr/lib/code/out/vs/workbench/api/node/extensionHostProcess.js:94:44801)
	at ga.onDidChangeNotebookCellExecutionState (/usr/lib/code/out/vs/workbench/api/node/extensionHostProcess.js:116:45809)
	at new rC (/home/_wajs_err_/.vscode-oss/extensions/ms-toolsai.jupyter-2023.4.1001091014-universal/out/extension.node.js:24:469102)
	at f (/home/_wajs_err_/.vscode-oss/extensions/ms-toolsai.jupyter-2023.4.1001091014-universal/out/extension.node.js:2:544291)
	at /home/_wajs_err_/.vscode-oss/extensions/ms-toolsai.jupyter-2023.4.1001091014-universal/out/extension.node.js:2:546181
	at t.resolveInstance (/home/_wajs_err_/.vscode-oss/extensions/ms-toolsai.jupyter-2023.4.1001091014-universal/out/extension.node.js:2:546208)
	at /home/_wajs_err_/.vscode-oss/extensions/ms-toolsai.jupyter-2023.4.1001091014-universal/out/extension.node.js:2:549240
	at /home/_wajs_err_/.vscode-oss/extensions/ms-toolsai.jupyter-2023.4.1001091014-universal/out/extension.node.js:2:549577
	at /home/_wajs_err_/.vscode-oss/extensions/ms-toolsai.jupyter-2023.4.1001091014-universal/out/extension.node.js:2:548900
	at v (/home/_wajs_err_/.vscode-oss/extensions/ms-toolsai.jupyter-2023.4.1001091014-universal/out/extension.node.js:2:548932)
	at /home/_wajs_err_/.vscode-oss/extensions/ms-toolsai.jupyter-2023.4.1001091014-universal/out/extension.node.js:2:548794
	at /home/_wajs_err_/.vscode-oss/extensions/ms-toolsai.jupyter-2023.4.1001091014-universal/out/extension.node.js:2:548728
	at Array.map (<anonymous>)
	at /home/_wajs_err_/.vscode-oss/extensions/ms-toolsai.jupyter-2023.4.1001091014-universal/out/extension.node.js:2:548700
	at /home/_wajs_err_/.vscode-oss/extensions/ms-toolsai.jupyter-2023.4.1001091014-universal/out/extension.node.js:2:545539
	at Array.reduce (<anonymous>)
	at /home/_wajs_err_/.vscode-oss/extensions/ms-toolsai.jupyter-2023.4.1001091014-universal/out/extension.node.js:2:545511
	at /home/_wajs_err_/.vscode-oss/extensions/ms-toolsai.jupyter-2023.4.1001091014-universal/out/extension.node.js:2:545838
	at t.resolveInstance (/home/_wajs_err_/.vscode-oss/extensions/ms-toolsai.jupyter-2023.4.1001091014-universal/out/extension.node.js:2:546208)
	at /home/_wajs_err_/.vscode-oss/extensions/ms-toolsai.jupyter-2023.4.1001091014-universal/out/extension.node.js:2:549240
	at /home/_wajs_err_/.vscode-oss/extensions/ms-toolsai.jupyter-2023.4.1001091014-universal/out/extension.node.js:2:549577
	at /home/_wajs_err_/.vscode-oss/extensions/ms-toolsai.jupyter-2023.4.1001091014-universal/out/extension.node.js:2:548900
	at v (/home/_wajs_err_/.vscode-oss/extensions/ms-toolsai.jupyter-2023.4.1001091014-universal/out/extension.node.js:2:548932)
	at /home/_wajs_err_/.vscode-oss/extensions/ms-toolsai.jupyter-2023.4.1001091014-universal/out/extension.node.js:2:548794
	at t.resolve (/home/_wajs_err_/.vscode-oss/extensions/ms-toolsai.jupyter-2023.4.1001091014-universal/out/extension.node.js:2:550764)
	at /home/_wajs_err_/.vscode-oss/extensions/ms-toolsai.jupyter-2023.4.1001091014-universal/out/extension.node.js:2:519737
	at e._get (/home/_wajs_err_/.vscode-oss/extensions/ms-toolsai.jupyter-2023.4.1001091014-universal/out/extension.node.js:2:519106)
	at e._getButThrowIfAsync (/home/_wajs_err_/.vscode-oss/extensions/ms-toolsai.jupyter-2023.4.1001091014-universal/out/extension.node.js:2:519166)
	at e.get (/home/_wajs_err_/.vscode-oss/extensions/ms-toolsai.jupyter-2023.4.1001091014-universal/out/extension.node.js:2:514861)
	at Gy.get (/home/_wajs_err_/.vscode-oss/extensions/ms-toolsai.jupyter-2023.4.1001091014-universal/out/extension.node.js:24:224551)
	at /home/_wajs_err_/.vscode-oss/extensions/ms-toolsai.jupyter-2023.4.1001091014-universal/out/extension.node.js:24:589031
2023-05-07 22:11:30.689 [info] [perf] Render performance baseline is 50ms
