2024-03-24 17:45:45.090 [info] Extension host with pid 1569838 started
2024-03-24 17:45:45.110 [info] ExtensionService#_doActivateExtension vscode.ipynb, startup: false, activationEvent: 'onNotebookSerializer:jupyter-notebook'
2024-03-24 17:45:45.137 [info] ExtensionService#_doActivateExtension vscode.git-base, startup: true, activationEvent: '*'
2024-03-24 17:45:45.143 [info] ExtensionService#_doActivateExtension vscode.github, startup: true, activationEvent: '*'
2024-03-24 17:45:45.179 [info] Eager extensions activated
2024-03-24 17:45:45.180 [info] ExtensionService#_doActivateExtension ms-toolsai.jupyter, startup: false, activationEvent: 'onNotebook:jupyter-notebook'
2024-03-24 17:45:45.314 [info] ExtensionService#_doActivateExtension vscode.debug-auto-launch, startup: false, activationEvent: 'onStartupFinished'
2024-03-24 17:45:45.316 [info] ExtensionService#_doActivateExtension vscode.merge-conflict, startup: false, activationEvent: 'onStartupFinished'
2024-03-24 17:45:45.917 [info] ExtensionService#_doActivateExtension ms-python.python, startup: false, activationEvent: 'api', root cause: ms-toolsai.jupyter
2024-03-24 17:45:46.374 [info] ExtensionService#_doActivateExtension vscode.emmet, startup: false, activationEvent: 'onLanguage'
2024-03-24 17:45:52.279 [info] ExtensionService#_doActivateExtension vscode.git, startup: false, activationEvent: 'api', root cause: vscode.github
2024-03-24 17:45:52.346 [info] ExtensionService#_doActivateExtension ms-python.debugpy, startup: false, activationEvent: 'onLanguage:python'
2024-03-24 17:45:52.361 [info] ExtensionService#_doActivateExtension ms-toolsai.jupyter-renderers, startup: false, activationEvent: 'onNotebook:*'
2024-03-24 17:45:52.362 [info] ExtensionService#_doActivateExtension ms-toolsai.vscode-jupyter-cell-tags, startup: false, activationEvent: 'onNotebook:jupyter-notebook'
2024-03-24 17:45:52.363 [info] ExtensionService#_doActivateExtension ms-toolsai.vscode-jupyter-slideshow, startup: false, activationEvent: 'onNotebook:jupyter-notebook'
2024-03-24 18:00:10.422 [info] ExtensionService#_doActivateExtension vscode.json-language-features, startup: false, activationEvent: 'onLanguage:jsonc'
2024-03-24 18:00:10.486 [info] ExtensionService#_doActivateExtension vscode.typescript-language-features, startup: false, activationEvent: 'onLanguage:jsonc'
2024-03-24 23:58:11.702 [info] Extension host terminating: renderer closed the MessagePort
2024-03-24 23:58:11.762 [error] Canceled: Canceled
	at new $ (/usr/lib/code/out/vs/workbench/api/node/extensionHostProcess.js:140:45885)
	at s.U (/usr/lib/code/out/vs/workbench/api/node/extensionHostProcess.js:147:5556)
	at z.<computed>.T.charCodeAt.z.<computed> (/usr/lib/code/out/vs/workbench/api/node/extensionHostProcess.js:147:3007)
	at l.g (/usr/lib/code/out/vs/workbench/api/node/extensionHostProcess.js:150:184300)
	at l.executeCommand (/usr/lib/code/out/vs/workbench/api/node/extensionHostProcess.js:150:183738)
	at f.registerCommand.description (/usr/lib/code/out/vs/workbench/api/node/extensionHostProcess.js:150:183062)
	at l.h (/usr/lib/code/out/vs/workbench/api/node/extensionHostProcess.js:150:184839)
	at l.g (/usr/lib/code/out/vs/workbench/api/node/extensionHostProcess.js:150:183831)
	at l.executeCommand (/usr/lib/code/out/vs/workbench/api/node/extensionHostProcess.js:150:183738)
	at Object.executeCommand (/usr/lib/code/out/vs/workbench/api/node/extensionHostProcess.js:160:21654)
	at ep.executeCommand (/home/_wajs_err_/.vscode/extensions/ms-toolsai.jupyter-2023.9.100-universal/out/extension.node.js:17:7443)
	at e_.set (/home/_wajs_err_/.vscode/extensions/ms-toolsai.jupyter-2023.9.100-universal/out/extension.node.js:24:299554)
	at Sk.updateContextOfActiveNotebookKernel (/home/_wajs_err_/.vscode/extensions/ms-toolsai.jupyter-2023.9.100-universal/out/extension.node.js:24:496820)
	at Sk.onDidKernelStatusChange (/home/_wajs_err_/.vscode/extensions/ms-toolsai.jupyter-2023.9.100-universal/out/extension.node.js:24:498409)
	at n.y (/usr/lib/code/out/vs/workbench/api/node/extensionHostProcess.js:80:1902)
	at n.z (/usr/lib/code/out/vs/workbench/api/node/extensionHostProcess.js:80:1972)
	at n.fire (/usr/lib/code/out/vs/workbench/api/node/extensionHostProcess.js:80:2188)
	at uv.<anonymous> (/home/_wajs_err_/.vscode/extensions/ms-toolsai.jupyter-2023.9.100-universal/out/extension.node.js:24:39580)
	at n.y (/usr/lib/code/out/vs/workbench/api/node/extensionHostProcess.js:80:1902)
	at n.z (/usr/lib/code/out/vs/workbench/api/node/extensionHostProcess.js:80:1972)
	at n.fire (/usr/lib/code/out/vs/workbench/api/node/extensionHostProcess.js:80:2188)
	at /home/_wajs_err_/.vscode/extensions/ms-toolsai.jupyter-2023.9.100-universal/out/extension.node.js:17:234906
	at Yg.dispose (/home/_wajs_err_/.vscode/extensions/ms-toolsai.jupyter-2023.9.100-universal/out/extension.node.js:17:235008)
	at /home/_wajs_err_/.vscode/extensions/ms-toolsai.jupyter-2023.9.100-universal/out/extension.node.js:2:2352947
	at Array.map (<anonymous>)
	at Ac.dispose (/home/_wajs_err_/.vscode/extensions/ms-toolsai.jupyter-2023.9.100-universal/out/extension.node.js:2:2352937)
	at Module.AT (/home/_wajs_err_/.vscode/extensions/ms-toolsai.jupyter-2023.9.100-universal/out/extension.node.js:24:650470)
	at w.cb (/usr/lib/code/out/vs/workbench/api/node/extensionHostProcess.js:156:9687)
	at /usr/lib/code/out/vs/workbench/api/node/extensionHostProcess.js:156:7816
	at Array.map (<anonymous>)
	at w.Y (/usr/lib/code/out/vs/workbench/api/node/extensionHostProcess.js:156:7803)
	at w.terminate (/usr/lib/code/out/vs/workbench/api/node/extensionHostProcess.js:156:8076)
	at o.terminate (/usr/lib/code/out/vs/workbench/api/node/extensionHostProcess.js:160:1513)
	at t (/usr/lib/code/out/vs/workbench/api/node/extensionHostProcess.js:173:9949)
	at MessagePortMain.<anonymous> (/usr/lib/code/out/vs/workbench/api/node/extensionHostProcess.js:173:6374)
	at MessagePortMain.emit (node:events:514:28)
	at Object.emit (node:electron/js2c/utility_init:2:2285) setContext undefined
2024-03-24 23:58:11.785 [info] Extension host with pid 1569838 exiting with code 0
