Visual Studio Code (1.90.0, undefined, desktop)
Jupyter Extension Version: 2023.9.100.
Python Extension Version: 2024.2.1.
Platform: linux (x64).
No workspace folder opened.
02:09:01.032 [info] User belongs to experiment group 'NewJupyterSession'
02:09:01.768 [debug] Get Custom Env Variables, Class name = Kl (started execution), Arg 1: undefined, Arg 2: "RunPythonCode"
02:09:01.771 [info] Start refreshing Kernel Picker (1716505741771)
02:09:01.785 [info] Using Pylance
02:09:01.841 [debug] Get Custom Env Variables, Class name = Kl, completed in 74ms, has a truthy return value, Arg 1: undefined, Arg 2: "RunPythonCode"
02:09:01.841 [debug] Jupyter Paths /kernels: 
02:09:01.843 [debug] Kernel Spec Root Paths, /usr/share/jupyter/kernels, /usr/local/share/jupyter/kernels, ~/.local/share/jupyter/kernels
02:09:02.156 [debug] Loading kernelspec from /usr/share/jupyter/kernels/python3/kernel.json 
02:09:02.309 [debug] Search for KernelSpecs in Interpreter /bin/python
02:09:02.312 [debug] Finding Global Python KernelSpecs
02:09:02.323 [debug] Getting activated env variables, Class name = za (started execution), Arg 1: undefined, Arg 2: "/bin/python", Arg 3: undefined
02:09:02.324 [debug] Get Custom Env Variables, Class name = Kl (started execution), Arg 1: undefined, Arg 2: "RunPythonCode"
02:09:02.328 [debug] Get Custom Env Variables, Class name = Kl, completed in 4ms, has a truthy return value, Arg 1: undefined, Arg 2: "RunPythonCode"
02:09:02.394 [debug] Kernels for interpreter /bin/python are .jvsc74a57bd0e7370f93d1d0cde622a1f8e1c04877d8463912d04d973331ad4851f04de6915a./bin/python./bin/python.-m#ipykernel_launcher
02:09:02.447 [debug] Conda file returned by Python Extension is conda
02:09:02.740 [debug] Python API env change detected, update => '/sbin/python'
02:09:02.744 [debug] Search for KernelSpecs in Interpreter /sbin/python
02:09:02.745 [debug] Search for KernelSpecs in Interpreter /bin/python
02:09:02.756 [debug] KernelProvider switched kernel to id = .jvsc74a57bd0e7370f93d1d0cde622a1f8e1c04877d8463912d04d973331ad4851f04de6915a./bin/python./bin/python.-m#ipykernel_launcher
02:09:02.756 [debug] start the kernel, options.disableUI=true for ~/study/optimization/hw/9/3.1.ipynb
02:09:02.759 [debug] Initialize notebook communications for editor ~/study/optimization/hw/9/3.1.ipynb
02:09:02.759 [debug] Resolving notebook UI Comms (resolve) for ~/study/optimization/hw/9/3.1.ipynb
02:09:02.760 [debug] initialize CommonMessageCoordinator
02:09:02.761 [debug] Registering commtarget jupyter.widget
02:09:02.761 [debug] IPyWidgetMessageDispatcher.initialize
02:09:02.762 [debug] Attempting to determine version of IPyWidgets
02:09:02.765 [debug] Controller selection change completed
02:09:02.765 [debug] Waiting for IPyWidgets version
02:09:02.765 [debug] Waiting for IPyWidgets version promise
02:09:02.769 [debug] Search for KernelSpecs in Interpreter /usr/bin/python
02:09:02.769 [debug] Search for KernelSpecs in Interpreter /bin/python
02:09:02.770 [debug] Search for KernelSpecs in Interpreter /usr/sbin/python
02:09:02.770 [debug] Search for KernelSpecs in Interpreter /bin/python
02:09:02.771 [debug] Search for KernelSpecs in Interpreter /bin/python
02:09:02.771 [debug] Full interpreter list is length: 4, /bin/python::Unknown:/bin/python, /sbin/python::Unknown:/sbin/python, /usr/bin/python::Unknown:/usr/bin/python, /usr/sbin/python::Unknown:/usr/sbin/python
02:09:02.773 [info] Starting Kernel startUsingPythonInterpreter, .jvsc74a57bd0e7370f93d1d0cde622a1f8e1c04877d8463912d04d973331ad4851f04de6915a./bin/python./bin/python.-m#ipykernel_launcher  (Python Path: /bin/python, Unknown, 3.11.8) for '~/study/optimization/hw/9/3.1.ipynb' (disableUI=true)
02:09:02.773 [debug] Creating raw notebook for resource '~/study/optimization/hw/9/3.1.ipynb'
02:09:02.776 [debug] Kernels for interpreter /sbin/python are .jvsc74a57bd0d2152fd7f0bbc62aa1baff8c990435d1e2c7175d001561303988032604c11a48./sbin/python./sbin/python.-m#ipykernel_launcher
02:09:02.776 [debug] Kernels for interpreter /bin/python are 
02:09:02.779 [warn] Failed to get activated env vars for /bin/python in 455ms
02:09:02.781 [debug] Create ProcessService, Class name = Cl (started execution), Arg 1: undefined
02:09:02.782 [debug] Get Custom Env Variables, Class name = Kl (started execution), Arg 1: undefined, Arg 2: "RunNonPythonCode", Arg 3: undefined
02:09:02.783 [debug] Get Custom Env Variables, Class name = Kl, completed in 2ms, has a truthy return value, Arg 1: undefined, Arg 2: "RunNonPythonCode", Arg 3: undefined
02:09:02.783 [debug] Create ProcessService, Class name = Cl, completed in 2ms, has a truthy return value, Arg 1: undefined
02:09:02.792 [info] Process Execution: /bin/python -c "import site;print("USER_BASE_VALUE");print(site.USER_BASE);print("USER_BASE_VALUE");"
02:09:02.793 [debug] Kernels for interpreter /usr/bin/python are .jvsc74a57bd0767d51c1340bd893661ea55ea3124f6de3c7a262a8b4abca0554b478b1e2ff90./usr/bin/python./usr/bin/python.-m#ipykernel_launcher
02:09:02.793 [debug] Kernels for interpreter /bin/python are 
02:09:02.794 [debug] Kernels for interpreter /usr/sbin/python are .jvsc74a57bd04e1d9a8909477db77738c33245c29c7265277ef753467dede8cf3f814cde494e./usr/sbin/python./usr/sbin/python.-m#ipykernel_launcher
02:09:02.794 [debug] Kernels for interpreter /bin/python are 
02:09:02.794 [debug] Kernels for interpreter /bin/python are .jvsc74a57bd0e7370f93d1d0cde622a1f8e1c04877d8463912d04d973331ad4851f04de6915a./bin/python./bin/python.-m#ipykernel_launcher
02:09:02.795 [debug] Kernel Launcher. launch, Class name = ey (started execution), Arg 1: ".jvsc74a57bd0e7370f93d1d0cde622a1f8e1c04877d8463912d04d973331ad4851f04de6915a./bin/python./bin/python.-m#ipykernel_launcher", Arg 2: 60000, Arg 3: "~/study/optimization/hw/9/3.1.ipynb", Arg 4: "~/study/optimization/hw/9", Arg 5: ""
02:09:02.826 [debug] Getting activated env variables, Class name = za (started execution), Arg 1: "~/study/optimization/hw/9/3.1.ipynb", Arg 2: "/bin/python", Arg 3: undefined
02:09:02.826 [debug] Get Custom Env Variables, Class name = Kl (started execution), Arg 1: "~/study/optimization/hw/9/3.1.ipynb", Arg 2: "RunPythonCode"
02:09:02.827 [debug] Get Custom Env Variables, Class name = Kl, completed in 1ms, has a truthy return value, Arg 1: "~/study/optimization/hw/9/3.1.ipynb", Arg 2: "RunPythonCode"
02:09:02.845 [debug] Search for KernelSpecs in Interpreter /bin/python
02:09:02.850 [debug] USER_SITE for /bin/python is ~/.local/bin
02:09:02.850 [debug] Prepend PATH with user site path for /bin/python, user site ~/.local/bin
02:09:02.850 [debug] Prepend PATH with python bin for /bin/python, 
    PATH value is ~/.local/bin:/usr/local/sbin:/usr/local/bin:/usr/bin:/usr/bin/site_perl:/usr/bin/vendor_perl:/usr/bin/core_perl:/usr/lib/rustup/bin:~/.cargo/bin:/usr/local/sbin:/usr/local/bin:/usr/bin:/usr/bin/site_perl:/usr/bin/vendor_perl:/usr/bin/core_perl:/usr/lib/rustup/bin:~/.cargo/bin and 
    Path value is undefined
02:09:02.850 [debug] Activated Env Variables for /bin/python, 
    PATH value is /bin:~/.local/bin:/usr/local/sbin:/usr/local/bin:/usr/bin:/usr/bin/site_perl:/usr/bin/vendor_perl:/usr/bin/core_perl:/usr/lib/rustup/bin:~/.cargo/bin:/usr/local/sbin:/usr/local/bin:/usr/bin:/usr/bin/site_perl:/usr/bin/vendor_perl:/usr/bin/core_perl:/usr/lib/rustup/bin:~/.cargo/bin and 
    Path value is undefined
02:09:02.851 [debug] Getting activated env variables, Class name = za, completed in 528ms, has a truthy return value, Arg 1: undefined, Arg 2: "/bin/python", Arg 3: undefined
02:09:02.857 [info] Process Execution: /bin/python -m pip list
02:09:02.858 [debug] Search for KernelSpecs in Interpreter /bin/python
02:09:02.859 [debug] Search for KernelSpecs in Interpreter /bin/python
02:09:02.864 [debug] Kernels for interpreter /bin/python are 
02:09:02.874 [debug] Kernels for interpreter /bin/python are 
02:09:02.875 [debug] Kernels for interpreter /bin/python are .jvsc74a57bd0e7370f93d1d0cde622a1f8e1c04877d8463912d04d973331ad4851f04de6915a./bin/python./bin/python.-m#ipykernel_launcher
02:09:02.901 [warn] Failed to get activated env vars for /bin/python in 75ms
02:09:02.902 [debug] Prepend PATH with user site path for /bin/python, user site ~/.local/bin
02:09:02.902 [debug] Prepend PATH with python bin for /bin/python, 
    PATH value is ~/.local/bin:/usr/local/sbin:/usr/local/bin:/usr/bin:/usr/bin/site_perl:/usr/bin/vendor_perl:/usr/bin/core_perl:/usr/lib/rustup/bin:~/.cargo/bin:/usr/local/sbin:/usr/local/bin:/usr/bin:/usr/bin/site_perl:/usr/bin/vendor_perl:/usr/bin/core_perl:/usr/lib/rustup/bin:~/.cargo/bin and 
    Path value is undefined
02:09:02.902 [debug] Activated Env Variables for /bin/python, 
    PATH value is /bin:~/.local/bin:/usr/local/sbin:/usr/local/bin:/usr/bin:/usr/bin/site_perl:/usr/bin/vendor_perl:/usr/bin/core_perl:/usr/lib/rustup/bin:~/.cargo/bin:/usr/local/sbin:/usr/local/bin:/usr/bin:/usr/bin/site_perl:/usr/bin/vendor_perl:/usr/bin/core_perl:/usr/lib/rustup/bin:~/.cargo/bin and 
    Path value is undefined
02:09:02.903 [debug] Getting activated env variables, Class name = za, completed in 77ms, has a truthy return value, Arg 1: "~/study/optimization/hw/9/3.1.ipynb", Arg 2: "/bin/python", Arg 3: undefined
02:09:02.912 [info] Process Execution: /bin/python -c "import ipykernel; print(ipykernel.__version__); print("5dc3a68c-e34e-4080-9c3e-2a532b2ccb4d"); print(ipykernel.__file__)"
02:09:02.923 [debug] Launching kernel in kernelProcess.ts, Class name = Xv (started execution), Arg 1: "~/study/optimization/hw/9", Arg 2: ""
02:09:02.927 [debug] Kernel Env Variables for ~/.vscode/extensions/ms-toolsai.jupyter-2023.9.100-universal/temp/jupyter/kernels/pythonjvsc74a57bd0e7370f93d1d0cde622a1f8e1c04877d8463912d04d973331ad4851f04de6915a/kernel.json, PATH value is /bin:~/.local/bin:/usr/local/sbin:/usr/local/bin:/usr/bin:/usr/bin/site_perl:/usr/bin/vendor_perl:/usr/bin/core_perl:/usr/lib/rustup/bin:~/.cargo/bin:/usr/local/sbin:/usr/local/bin:/usr/bin:/usr/bin/site_perl:/usr/bin/vendor_perl:/usr/bin/core_perl:/usr/lib/rustup/bin:~/.cargo/bin
02:09:02.938 [info] Process Execution: /bin/python -m ipykernel_launcher --ip=127.0.0.1 --stdin=9003 --control=9001 --hb=9000 --Session.signature_scheme="hmac-sha256" --Session.key=b"3c6e0349-430b-42c9-a5e8-fdc4e41f493d" --shell=9002 --transport="tcp" --iopub=9004 --f=~/.local/share/jupyter/runtime/kernel-v2-20805468ox2yPAMe2H.json
    > cwd: ~/study/optimization/hw/9
02:09:02.938 [debug] Launching kernel in kernelProcess.ts, Class name = Xv, completed in 15ms, has a truthy return value, Arg 1: "~/study/optimization/hw/9", Arg 2: ""
02:09:03.440 [info] ipykernel version & path 6.29.4, /usr/lib/python3.12/site-packages/ipykernel/__init__.py for /bin/python
02:09:03.860 [info] End refreshing Kernel Picker (1716505741771)
02:09:04.228 [debug] KernelProcess output: NOTE: When using the `ipython kernel` entry point, Ctrl-C will not work.

To exit, you will have to explicitly quit this process, by either sending
"quit" from a client, or using Ctrl-\ in UNIX-like environments.

To read more about this, see https://github.com/ipython/ipython/issues/2049


To connect another client to this kernel, use:
    --existing kernel-v2-20805468ox2yPAMe2H.json

02:09:04.229 [debug] Kernel Output: To connect another client to this kernel, use: --existing kernel-v2-20805468ox2yPAMe2H.json

02:09:04.388 [debug] Kernel Launcher. launch, Class name = ey, completed in 1593ms, has a truthy return value, Arg 1: ".jvsc74a57bd0e7370f93d1d0cde622a1f8e1c04877d8463912d04d973331ad4851f04de6915a./bin/python./bin/python.-m#ipykernel_launcher", Arg 2: 60000, Arg 3: "~/study/optimization/hw/9/3.1.ipynb", Arg 4: "~/study/optimization/hw/9", Arg 5: ""
02:09:04.403 [debug] Waiting for Raw Session to be ready in postStartRawSession
02:09:04.404 [debug] Waiting for Raw session to be ready, currently connected
02:09:04.404 [debug] Raw session connected
02:09:04.404 [debug] Waiting for Raw session to be ready for 30s
02:09:04.405 [debug] Waited for Raw session to be ready & got connected
02:09:04.405 [debug] Successfully waited for Raw Session to be ready in postStartRawSession
02:09:04.405 [debug] Kernel status before requesting kernel info and after ready is unknown
02:09:04.405 [debug] Sending request for kernelinfo
02:09:04.413 [debug] Got response for requestKernelInfo
02:09:04.413 [debug] Successfully compelted postStartRawSession
02:09:04.415 [info] Started Kernel Python 3.11.8 (pid: 208403)
02:09:04.416 [info] Started new session c0283743-4ad8-476c-afe4-77c4d2e7e172
02:09:04.418 [debug] Begin sendTelemetryForPythonKernelExecutable
02:09:04.418 [debug] Executing silently Code (idle) = import sys as _VSCODE_sys\nprint(_VSCODE_sys.executable); del _VSCODE_sys
02:09:04.429 [debug] Executing silently Code (completed) = import sys as _VSCODE_sys\nprint(_VSCODE_sys.executable); del _VSCODE_sys with 1 output(s)
02:09:04.429 [debug] End sendTelemetryForPythonKernelExecutable
02:09:04.430 [debug] Started running kernel initialization for ~/study/optimization/hw/9/3.1.ipynb
02:09:04.432 [debug] Executing silently Code (idle) = try:\nimport ipywidgets as _VSCODE_ipywidgets\nprint("e976ee50-99ed-4aba-9b6b-9dcd5634d07d:IPy
02:09:04.441 [debug] Executing silently Code (completed) = try:\nimport ipywidgets as _VSCODE_ipywidgets\nprint("e976ee50-99ed-4aba-9b6b-9dcd5634d07d:IPy with 0 output(s)
02:09:04.441 [debug] Determined IPyWidgets Version as undefined and event fired
02:09:04.442 [debug] Executing silently Code (idle) = import os as _VSCODE_os\nimport sys as _VSCODE_sys\n%cd "~/study/optimization/hw/9"\nif
02:09:04.463 [debug] Executing silently Code (completed) = import os as _VSCODE_os\nimport sys as _VSCODE_sys\n%cd "~/study/optimization/hw/9"\nif with 1 output(s)
02:09:04.465 [debug] Requesting Kernel info
02:09:04.467 [debug] Got Kernel info
02:09:04.467 [debug] End running kernel initialization, now waiting for idle
02:09:04.468 [debug] Waiting for 60000ms idle on (kernel): c0283743-4ad8-476c-afe4-77c4d2e7e172 -> idle
02:09:04.468 [debug] Finished waiting for idle on (kernel): c0283743-4ad8-476c-afe4-77c4d2e7e172 -> idle
02:09:04.468 [debug] End running kernel initialization, session is idle
02:09:04.472 [debug] IPyWidgetScriptSource.initialize
02:09:04.473 [debug] IPyWidgetMessageDispatcher.initialize
02:09:04.475 [debug] getDataDirsImpl, Class name = vf (started execution), Arg 1: "~/study/optimization/hw/9/3.1.ipynb", Arg 2: "/bin/python"
02:09:04.475 [debug] Get Custom Env Variables, Class name = Kl (started execution), Arg 1: undefined, Arg 2: "RunPythonCode"
02:09:04.476 [debug] Get Custom Env Variables, Class name = Kl, completed in 1ms, has a truthy return value, Arg 1: undefined, Arg 2: "RunPythonCode"
02:09:04.476 [debug] Jupyter Paths : 
02:09:04.488 [info] Process Execution: /bin/python ~/.vscode/extensions/ms-toolsai.jupyter-2023.9.100-universal/pythonFiles/printJupyterDataDir.py
02:09:04.520 [debug] getDataDirsImpl, Class name = vf, completed in 44ms, has a truthy return value, Arg 1: "~/study/optimization/hw/9/3.1.ipynb", Arg 2: "/bin/python"
02:09:40.879 [info] Dispose Kernel '~/study/optimization/hw/9/3.1.ipynb' associated with '~/study/optimization/hw/9/3.1.ipynb'
02:09:40.887 [debug] Shutdown session - current session, called from Error: 
	at _y.shutdownImplementation (~/.vscode/extensions/ms-toolsai.jupyter-2023.9.100-universal/out/extension.node.js:17:150669)
	at _y.disposeAsync (~/.vscode/extensions/ms-toolsai.jupyter-2023.9.100-universal/out/extension.node.js:17:145781)
	at ~/.vscode/extensions/ms-toolsai.jupyter-2023.9.100-universal/out/extension.node.js:17:234794
	at Yg.dispose (~/.vscode/extensions/ms-toolsai.jupyter-2023.9.100-universal/out/extension.node.js:17:235008)
	at uv.disposeOldKernel (~/.vscode/extensions/ms-toolsai.jupyter-2023.9.100-universal/out/extension.node.js:17:227272)
	at uv.<anonymous> (~/.vscode/extensions/ms-toolsai.jupyter-2023.9.100-universal/out/extension.node.js:17:225605)
	at o.y (/usr/lib/code/out/vs/workbench/api/node/extensionHostProcess.js:82:660)
	at o.z (/usr/lib/code/out/vs/workbench/api/node/extensionHostProcess.js:82:730)
	at o.fire (/usr/lib/code/out/vs/workbench/api/node/extensionHostProcess.js:82:946)
	at Oc.<anonymous> (~/.vscode/extensions/ms-toolsai.jupyter-2023.9.100-universal/out/extension.node.js:2:2351888)
	at a.value (/usr/lib/code/out/vs/workbench/api/node/extensionHostProcess.js:163:20668)
	at o.y (/usr/lib/code/out/vs/workbench/api/node/extensionHostProcess.js:82:660)
	at o.z (/usr/lib/code/out/vs/workbench/api/node/extensionHostProcess.js:82:730)
	at o.fire (/usr/lib/code/out/vs/workbench/api/node/extensionHostProcess.js:82:946)
	at r.$acceptDocumentAndEditorsDelta (/usr/lib/code/out/vs/workbench/api/node/extensionHostProcess.js:158:8939)
	at c.S (/usr/lib/code/out/vs/workbench/api/node/extensionHostProcess.js:150:5505)
	at c.Q (/usr/lib/code/out/vs/workbench/api/node/extensionHostProcess.js:150:5271)
	at c.M (/usr/lib/code/out/vs/workbench/api/node/extensionHostProcess.js:150:4361)
	at c.L (/usr/lib/code/out/vs/workbench/api/node/extensionHostProcess.js:150:3579)
	at a.value (/usr/lib/code/out/vs/workbench/api/node/extensionHostProcess.js:150:2227)
	at o.y (/usr/lib/code/out/vs/workbench/api/node/extensionHostProcess.js:82:660)
	at o.fire (/usr/lib/code/out/vs/workbench/api/node/extensionHostProcess.js:82:877)
	at l.fire (/usr/lib/code/out/vs/workbench/api/node/extensionHostProcess.js:107:14171)
	at a.value (/usr/lib/code/out/vs/workbench/api/node/extensionHostProcess.js:176:8023)
	at o.y (/usr/lib/code/out/vs/workbench/api/node/extensionHostProcess.js:82:660)
	at o.fire (/usr/lib/code/out/vs/workbench/api/node/extensionHostProcess.js:82:877)
	at l.fire (/usr/lib/code/out/vs/workbench/api/node/extensionHostProcess.js:107:14171)
	at MessagePortMain.<anonymous> (/usr/lib/code/out/vs/workbench/api/node/extensionHostProcess.js:176:6303)
	at MessagePortMain.emit (node:events:517:28)
	at MessagePortMain._internalPort.emit (node:electron/js2c/utility_init:2:2285)
02:09:40.888 [debug] shutdownSession c0283743-4ad8-476c-afe4-77c4d2e7e172, .jvsc74a57bd0e7370f93d1d0cde622a1f8e1c04877d8463912d04d973331ad4851f04de6915a./bin/python./bin/python.-m#ipykernel_launcher - start
02:09:40.888 [debug] Session can be shutdown .jvsc74a57bd0e7370f93d1d0cde622a1f8e1c04877d8463912d04d973331ad4851f04de6915a./bin/python./bin/python.-m#ipykernel_launcher
02:09:40.889 [info] Dispose Kernel process 208403.
02:09:40.897 [debug] Kernel got disposed, hence there is no longer a kernel associated with ~/study/optimization/hw/9/3.1.ipynb
02:09:40.910 [debug] Disposed Kernel process 208403.
02:09:40.910 [debug] shutdownSession c0283743-4ad8-476c-afe4-77c4d2e7e172, .jvsc74a57bd0e7370f93d1d0cde622a1f8e1c04877d8463912d04d973331ad4851f04de6915a./bin/python./bin/python.-m#ipykernel_launcher - shutdown complete
02:09:40.911 [debug] Shutdown session - get restart session
02:09:40.911 [debug] Shutdown session -- complete
02:09:40.915 [debug] KernelProcess Exited, Exit Code - undefined
02:10:26.979 [info] Start refreshing Interpreter Kernel Picker
02:10:26.979 [info] Start refreshing Kernel Picker (1716505826979)
02:10:26.990 [debug] No controller, hence notebook communications cannot be initialized for editor ~/downloads/grad2.ipynb
02:10:27.125 [debug] Python API env change detected, update => '/bin/python'
02:10:27.126 [debug] Python API env change detected, update => '/sbin/python'
02:10:27.126 [debug] Python API env change detected, update => '/usr/bin/python'
02:10:27.126 [debug] Python API env change detected, update => '/usr/sbin/python'
02:10:27.143 [debug] Full interpreter list is length: 4, /bin/python::Unknown:/bin/python, /sbin/python::Unknown:/sbin/python, /usr/bin/python::Unknown:/usr/bin/python, /usr/sbin/python::Unknown:/usr/sbin/python
02:10:27.143 [debug] Refreshed Environments
02:10:28.144 [info] End refreshing Kernel Picker (1716505826979)
02:10:34.045 [debug] No controller, hence notebook communications cannot be initialized for editor ~/downloads/grad3.ipynb
02:10:35.170 [debug] No controller, hence notebook communications cannot be initialized for editor ~/downloads/grad2.ipynb
02:19:34.885 [debug] No controller, hence notebook communications cannot be initialized for editor ~/downloads/grad3.ipynb
02:57:26.678 [debug] No controller, hence notebook communications cannot be initialized for editor ~/downloads/grad2.ipynb
03:05:25.462 [debug] No controller, hence notebook communications cannot be initialized for editor ~/downloads/grad3.ipynb
03:08:43.273 [debug] No controller, hence notebook communications cannot be initialized for editor ~/downloads/grad2.ipynb
04:34:13.080 [debug] No controller, hence notebook communications cannot be initialized for editor ~/downloads/grad3.ipynb
