2023-08-02 23:48:37.818 [info] Test server listening.
2023-08-02 23:48:37.819 [info] > conda info --json
2023-08-02 23:48:37.835 [info] Python interpreter path: /bin/python
2023-08-02 23:48:37.961 [info] Found: /bin/python --> /bin/python3.11
2023-08-02 23:48:37.985 [info] Found: /bin/python3 --> /bin/python3.11
2023-08-02 23:48:37.994 [info] Found: /bin/python3.11 --> /bin/python3.11
2023-08-02 23:48:38.129 [info] Found: /sbin/python --> /sbin/python3.11
2023-08-02 23:48:38.130 [info] Found: /sbin/python3 --> /sbin/python3.11
2023-08-02 23:48:38.142 [info] > /bin/python -I ~/.vscode-oss/extensions/ms-python.python-2023.8.0-universal/pythonFiles/get_output_via_markers.py ~/.vscode-oss/extensions/ms-python.python-2023.8.0-universal/pythonFiles/interpreterInfo.py
2023-08-02 23:48:38.143 [info] Found: /sbin/python3.11 --> /sbin/python3.11
2023-08-02 23:48:38.152 [info] Found: /usr/bin/python --> /usr/bin/python3.11
2023-08-02 23:48:38.152 [info] Found: /usr/bin/python3 --> /usr/bin/python3.11
2023-08-02 23:48:38.152 [info] Found: /usr/bin/python3.11 --> /usr/bin/python3.11
2023-08-02 23:48:38.202 [info] Found: /usr/sbin/python --> /usr/sbin/python3.11
2023-08-02 23:48:38.202 [info] Found: /usr/sbin/python3 --> /usr/sbin/python3.11
2023-08-02 23:48:38.202 [info] Found: /usr/sbin/python3.11 --> /usr/sbin/python3.11
2023-08-02 23:48:38.261 [info] > /sbin/python -I ~/.vscode-oss/extensions/ms-python.python-2023.8.0-universal/pythonFiles/get_output_via_markers.py ~/.vscode-oss/extensions/ms-python.python-2023.8.0-universal/pythonFiles/interpreterInfo.py
2023-08-02 23:48:38.296 [info] > /usr/bin/python -I ~/.vscode-oss/extensions/ms-python.python-2023.8.0-universal/pythonFiles/get_output_via_markers.py ~/.vscode-oss/extensions/ms-python.python-2023.8.0-universal/pythonFiles/interpreterInfo.py
2023-08-02 23:48:38.357 [info] > /usr/sbin/python -I ~/.vscode-oss/extensions/ms-python.python-2023.8.0-universal/pythonFiles/get_output_via_markers.py ~/.vscode-oss/extensions/ms-python.python-2023.8.0-universal/pythonFiles/interpreterInfo.py
2023-08-02 23:48:38.456 [info] Found: /bin/python --> /bin/python3.11
2023-08-02 23:48:38.456 [info] Found: /bin/python3 --> /bin/python3.11
2023-08-02 23:48:38.456 [info] Found: /bin/python3.11 --> /bin/python3.11
2023-08-02 23:48:38.510 [info] Found: /sbin/python --> /sbin/python3.11
2023-08-02 23:48:38.534 [info] Found: /sbin/python3 --> /sbin/python3.11
2023-08-02 23:48:38.534 [info] Found: /sbin/python3.11 --> /sbin/python3.11
2023-08-02 23:48:38.550 [info] Found: /usr/bin/python --> /usr/bin/python3.11
2023-08-02 23:48:38.551 [info] Found: /usr/bin/python3 --> /usr/bin/python3.11
2023-08-02 23:48:38.551 [info] Found: /usr/bin/python3.11 --> /usr/bin/python3.11
2023-08-02 23:48:38.692 [info] Found: /usr/sbin/python --> /usr/sbin/python3.11
2023-08-02 23:48:38.692 [info] Found: /usr/sbin/python3 --> /usr/sbin/python3.11
2023-08-02 23:48:38.693 [info] Found: /usr/sbin/python3.11 --> /usr/sbin/python3.11
2023-08-02 23:48:39.632 [info] Starting Jedi language server for lab.
2023-08-02 23:48:59.292 [info] Test server listening.
2023-08-02 23:48:59.292 [info] > conda info --json
2023-08-02 23:48:59.292 [info] Python interpreter path: /bin/python
2023-08-02 23:48:59.292 [info] Found: /bin/python --> /bin/python3.11
2023-08-02 23:48:59.292 [info] Found: /bin/python3 --> /bin/python3.11
2023-08-02 23:48:59.292 [info] Found: /bin/python3.11 --> /bin/python3.11
2023-08-02 23:48:59.292 [info] Found: /sbin/python --> /sbin/python3.11
2023-08-02 23:48:59.292 [info] Found: /sbin/python3 --> /sbin/python3.11
2023-08-02 23:48:59.292 [info] Found: /sbin/python3.11 --> /sbin/python3.11
2023-08-02 23:48:59.292 [info] Found: /usr/bin/python --> /usr/bin/python3.11
2023-08-02 23:48:59.292 [info] Found: /usr/bin/python3 --> /usr/bin/python3.11
2023-08-02 23:48:59.292 [info] Found: /usr/bin/python3.11 --> /usr/bin/python3.11
2023-08-02 23:48:59.292 [info] Found: /usr/sbin/python --> /usr/sbin/python3.11
2023-08-02 23:48:59.292 [info] Found: /usr/sbin/python3 --> /usr/sbin/python3.11
2023-08-02 23:48:59.292 [info] Found: /usr/sbin/python3.11 --> /usr/sbin/python3.11
2023-08-02 23:48:59.292 [info] > /bin/python -I ~/.vscode-oss/extensions/ms-python.python-2023.8.0-universal/pythonFiles/get_output_via_markers.py ~/.vscode-oss/extensions/ms-python.python-2023.8.0-universal/pythonFiles/interpreterInfo.py
2023-08-02 23:48:59.333 [info] > /sbin/python -I ~/.vscode-oss/extensions/ms-python.python-2023.8.0-universal/pythonFiles/get_output_via_markers.py ~/.vscode-oss/extensions/ms-python.python-2023.8.0-universal/pythonFiles/interpreterInfo.py
2023-08-02 23:48:59.372 [info] > /usr/bin/python -I ~/.vscode-oss/extensions/ms-python.python-2023.8.0-universal/pythonFiles/get_output_via_markers.py ~/.vscode-oss/extensions/ms-python.python-2023.8.0-universal/pythonFiles/interpreterInfo.py
2023-08-02 23:48:59.403 [info] > /usr/sbin/python -I ~/.vscode-oss/extensions/ms-python.python-2023.8.0-universal/pythonFiles/get_output_via_markers.py ~/.vscode-oss/extensions/ms-python.python-2023.8.0-universal/pythonFiles/interpreterInfo.py
2023-08-02 23:49:00.400 [info] Starting Jedi language server for lab.
