Visual Studio Code (1.85.1, undefined, desktop)
Jupyter Extension Version: 2023.9.100.
Python Extension Version: 2023.20.0.
Platform: linux (x64).
No workspace folder opened.
00:06:55.984 [info] User belongs to experiment group 'NewJupyterSession'
00:06:56.382 [debug] Get Custom Env Variables, Class name = Kl (started execution), Arg 1: undefined, Arg 2: "RunPythonCode"
00:06:56.383 [info] Start refreshing Kernel Picker (1702847216383)
00:06:56.395 [info] Using Pylance
00:06:56.429 [debug] Get Custom Env Variables, Class name = Kl, completed in 48ms, has a truthy return value, Arg 1: undefined, Arg 2: "RunPythonCode"
00:06:56.430 [debug] Jupyter Paths /kernels: 
00:06:56.431 [debug] Kernel Spec Root Paths, /usr/share/jupyter/kernels, /usr/local/share/jupyter/kernels, ~/.local/share/jupyter/kernels
00:06:57.032 [debug] No controller, hence notebook communications cannot be initialized for editor ~/05-spark-base_nb.ipynb
00:06:57.033 [info] Start refreshing Interpreter Kernel Picker
00:06:57.072 [debug] Loading kernelspec from /usr/share/jupyter/kernels/python3/kernel.json 
00:06:57.244 [debug] Search for KernelSpecs in Interpreter /bin/python
00:06:57.245 [debug] Finding Global Python KernelSpecs
00:06:57.248 [debug] Search for KernelSpecs in Interpreter /sbin/python
00:06:57.249 [debug] Search for KernelSpecs in Interpreter /usr/bin/python
00:06:57.250 [debug] Search for KernelSpecs in Interpreter /usr/sbin/python
00:06:57.251 [debug] Full interpreter list is length: 4, /bin/python::Unknown:/bin/python, /sbin/python::Unknown:/sbin/python, /usr/bin/python::Unknown:/usr/bin/python, /usr/sbin/python::Unknown:/usr/sbin/python
00:06:57.257 [debug] Getting activated env variables, Class name = za (started execution), Arg 1: undefined, Arg 2: "/bin/python", Arg 3: undefined
00:06:57.258 [debug] Get Custom Env Variables, Class name = Kl (started execution), Arg 1: undefined, Arg 2: "RunPythonCode"
00:06:57.261 [debug] Get Custom Env Variables, Class name = Kl, completed in 2ms, has a truthy return value, Arg 1: undefined, Arg 2: "RunPythonCode"
00:06:57.363 [debug] Kernels for interpreter /bin/python are .jvsc74a57bd0e7370f93d1d0cde622a1f8e1c04877d8463912d04d973331ad4851f04de6915a./bin/python./bin/python.-m#ipykernel_launcher
00:06:57.364 [debug] Kernels for interpreter /sbin/python are .jvsc74a57bd0d2152fd7f0bbc62aa1baff8c990435d1e2c7175d001561303988032604c11a48./sbin/python./sbin/python.-m#ipykernel_launcher
00:06:57.365 [debug] Kernels for interpreter /usr/bin/python are .jvsc74a57bd0767d51c1340bd893661ea55ea3124f6de3c7a262a8b4abca0554b478b1e2ff90./usr/bin/python./usr/bin/python.-m#ipykernel_launcher
00:06:57.365 [debug] Kernels for interpreter /usr/sbin/python are .jvsc74a57bd04e1d9a8909477db77738c33245c29c7265277ef753467dede8cf3f814cde494e./usr/sbin/python./usr/sbin/python.-m#ipykernel_launcher
00:06:57.435 [debug] Conda file returned by Python Extension is conda
00:06:57.495 [warn] Failed to get activated env vars for /bin/python in 237ms
00:06:57.497 [debug] Create ProcessService, Class name = Cl (started execution), Arg 1: undefined
00:06:57.497 [debug] Get Custom Env Variables, Class name = Kl (started execution), Arg 1: undefined, Arg 2: "RunNonPythonCode", Arg 3: undefined
00:06:57.498 [debug] Get Custom Env Variables, Class name = Kl, completed in 1ms, has a truthy return value, Arg 1: undefined, Arg 2: "RunNonPythonCode", Arg 3: undefined
00:06:57.498 [debug] Create ProcessService, Class name = Cl, completed in 1ms, has a truthy return value, Arg 1: undefined
00:06:57.513 [info] Process Execution: /bin/python -c "import site;print("USER_BASE_VALUE");print(site.USER_BASE);print("USER_BASE_VALUE");"
00:06:57.565 [debug] USER_SITE for /bin/python is ~/.local/bin
00:06:57.565 [debug] Prepend PATH with user site path for /bin/python, user site ~/.local/bin
00:06:57.565 [debug] Prepend PATH with python bin for /bin/python, 
    PATH value is ~/.local/bin:/usr/local/sbin:/usr/local/bin:/usr/bin:/opt/cuda/bin:/opt/cuda/nsight_compute:/opt/cuda/nsight_systems/bin:/usr/lib/jvm/default/bin:/usr/bin/site_perl:/usr/bin/vendor_perl:/usr/bin/core_perl:/usr/local/sbin:/usr/local/bin:/usr/bin:/opt/cuda/bin:/opt/cuda/nsight_compute:/opt/cuda/nsight_systems/bin:/usr/lib/jvm/default/bin:/usr/bin/site_perl:/usr/bin/vendor_perl:/usr/bin/core_perl and 
    Path value is undefined
00:06:57.565 [debug] Activated Env Variables for /bin/python, 
    PATH value is /bin:~/.local/bin:/usr/local/sbin:/usr/local/bin:/usr/bin:/opt/cuda/bin:/opt/cuda/nsight_compute:/opt/cuda/nsight_systems/bin:/usr/lib/jvm/default/bin:/usr/bin/site_perl:/usr/bin/vendor_perl:/usr/bin/core_perl:/usr/local/sbin:/usr/local/bin:/usr/bin:/opt/cuda/bin:/opt/cuda/nsight_compute:/opt/cuda/nsight_systems/bin:/usr/lib/jvm/default/bin:/usr/bin/site_perl:/usr/bin/vendor_perl:/usr/bin/core_perl and 
    Path value is undefined
00:06:57.565 [debug] Getting activated env variables, Class name = za, completed in 308ms, has a truthy return value, Arg 1: undefined, Arg 2: "/bin/python", Arg 3: undefined
00:06:57.580 [info] Process Execution: /bin/python -m pip list
00:06:57.902 [debug] Full interpreter list is length: 4, /bin/python::Unknown:/bin/python, /sbin/python::Unknown:/sbin/python, /usr/bin/python::Unknown:/usr/bin/python, /usr/sbin/python::Unknown:/usr/sbin/python
00:06:57.902 [debug] Refreshed Environments
00:06:58.903 [info] End refreshing Kernel Picker (1702847216383)
