2023-05-28 01:40:43.082 [info] Log level: Info
2023-05-28 01:40:43.082 [info] Validating found git in: "git"
2023-05-28 01:40:43.082 [info] Using git "2.40.0" from "git"
2023-05-28 01:40:43.082 [info] > git rev-parse --show-toplevel [9ms]
2023-05-28 01:40:43.082 [info] > git rev-parse --git-dir --git-common-dir [344ms]
2023-05-28 01:40:43.082 [info] Open repository: /home/_wajs_err_/study/python/lab
2023-05-28 01:40:43.085 [info] > git config --get commit.template [70ms]
2023-05-28 01:40:43.118 [info] > git for-each-ref --format=%(refname)%00%(upstream:short)%00%(objectname)%00%(upstream:track)%00%(upstream:remotename)%00%(upstream:remoteref) refs/heads/main refs/remotes/main [19ms]
2023-05-28 01:40:43.131 [info] > git status -z -uall [4ms]
2023-05-28 01:40:43.160 [info] > git config --get commit.template [10ms]
2023-05-28 01:40:43.160 [info] > git for-each-ref --format=%(refname)%00%(upstream:short)%00%(objectname)%00%(upstream:track)%00%(upstream:remotename)%00%(upstream:remoteref) refs/heads/main refs/remotes/main [2ms]
2023-05-28 01:40:43.171 [info] > git status -z -uall [2ms]
2023-05-28 01:40:43.640 [info] > git check-ignore -v -z --stdin [18ms]
2023-05-28 01:40:53.837 [info] > git check-ignore -v -z --stdin [4ms]
2023-05-28 01:41:05.004 [info] Log level: Info
2023-05-28 01:41:05.005 [info] Validating found git in: "git"
2023-05-28 01:41:05.005 [info] Using git "2.40.0" from "git"
2023-05-28 01:41:05.005 [info] > git rev-parse --show-toplevel [9ms]
2023-05-28 01:41:05.005 [info] > git rev-parse --git-dir --git-common-dir [316ms]
2023-05-28 01:41:05.005 [info] Open repository: /home/_wajs_err_/study/python/lab
2023-05-28 01:41:05.121 [info] > git config --get commit.template [98ms]
2023-05-28 01:41:05.154 [info] > git for-each-ref --format=%(refname)%00%(upstream:short)%00%(objectname)%00%(upstream:track)%00%(upstream:remotename)%00%(upstream:remoteref) refs/heads/main refs/remotes/main [3ms]
2023-05-28 01:41:05.180 [info] > git status -z -uall [16ms]
2023-05-28 01:41:05.221 [info] > git config --get commit.template [16ms]
2023-05-28 01:41:05.256 [info] > git for-each-ref --format=%(refname)%00%(upstream:short)%00%(objectname)%00%(upstream:track)%00%(upstream:remotename)%00%(upstream:remoteref) refs/heads/main refs/remotes/main [8ms]
2023-05-28 01:41:05.386 [info] > git status -z -uall [118ms]
2023-05-28 01:41:05.744 [info] > git check-ignore -v -z --stdin [2ms]
