2023-06-10 03:07:40.395 [info] Test server listening.
2023-06-10 03:07:40.395 [info] > conda info --json
2023-06-10 03:07:40.395 [info] Python interpreter path: /bin/python
2023-06-10 03:07:40.457 [info] Found: /bin/python --> /bin/python3.11
2023-06-10 03:07:40.502 [info] Found: /bin/python3 --> /bin/python3.11
2023-06-10 03:07:40.504 [info] Found: /bin/python3.11 --> /bin/python3.11
2023-06-10 03:07:40.640 [info] Found: /sbin/python --> /sbin/python3.11
2023-06-10 03:07:40.655 [info] > /bin/python -I ~/.vscode-oss/extensions/ms-python.python-2023.8.0-universal/pythonFiles/get_output_via_markers.py ~/.vscode-oss/extensions/ms-python.python-2023.8.0-universal/pythonFiles/interpreterInfo.py
2023-06-10 03:07:40.656 [info] Found: /sbin/python3 --> /sbin/python3.11
2023-06-10 03:07:40.656 [info] Found: /sbin/python3.11 --> /sbin/python3.11
2023-06-10 03:07:40.668 [info] Found: /usr/bin/python --> /usr/bin/python3.11
2023-06-10 03:07:40.668 [info] Found: /usr/bin/python3 --> /usr/bin/python3.11
2023-06-10 03:07:40.668 [info] Found: /usr/bin/python3.11 --> /usr/bin/python3.11
2023-06-10 03:07:40.712 [info] Found: /usr/sbin/python --> /usr/sbin/python3.11
2023-06-10 03:07:40.713 [info] Found: /usr/sbin/python3 --> /usr/sbin/python3.11
2023-06-10 03:07:40.713 [info] Found: /usr/sbin/python3.11 --> /usr/sbin/python3.11
2023-06-10 03:07:40.773 [info] > /sbin/python -I ~/.vscode-oss/extensions/ms-python.python-2023.8.0-universal/pythonFiles/get_output_via_markers.py ~/.vscode-oss/extensions/ms-python.python-2023.8.0-universal/pythonFiles/interpreterInfo.py
2023-06-10 03:07:40.797 [info] > /usr/bin/python -I ~/.vscode-oss/extensions/ms-python.python-2023.8.0-universal/pythonFiles/get_output_via_markers.py ~/.vscode-oss/extensions/ms-python.python-2023.8.0-universal/pythonFiles/interpreterInfo.py
2023-06-10 03:07:40.867 [info] > /usr/sbin/python -I ~/.vscode-oss/extensions/ms-python.python-2023.8.0-universal/pythonFiles/get_output_via_markers.py ~/.vscode-oss/extensions/ms-python.python-2023.8.0-universal/pythonFiles/interpreterInfo.py
2023-06-10 03:07:40.964 [info] Found: /bin/python --> /bin/python3.11
2023-06-10 03:07:40.965 [info] Found: /bin/python3 --> /bin/python3.11
2023-06-10 03:07:40.965 [info] Found: /bin/python3.11 --> /bin/python3.11
2023-06-10 03:07:41.001 [info] Found: /sbin/python --> /sbin/python3.11
2023-06-10 03:07:41.002 [info] Found: /sbin/python3 --> /sbin/python3.11
2023-06-10 03:07:41.002 [info] Found: /sbin/python3.11 --> /sbin/python3.11
2023-06-10 03:07:41.010 [info] Found: /usr/bin/python --> /usr/bin/python3.11
2023-06-10 03:07:41.011 [info] Found: /usr/bin/python3 --> /usr/bin/python3.11
2023-06-10 03:07:41.011 [info] Found: /usr/bin/python3.11 --> /usr/bin/python3.11
2023-06-10 03:07:41.056 [info] Found: /usr/sbin/python --> /usr/sbin/python3.11
2023-06-10 03:07:41.057 [info] Found: /usr/sbin/python3 --> /usr/sbin/python3.11
2023-06-10 03:07:41.057 [info] Found: /usr/sbin/python3.11 --> /usr/sbin/python3.11
2023-06-10 03:07:43.293 [info] Starting Jedi language server for lab.
