Visual Studio Code (1.78.0, undefined, desktop)
Jupyter Extension Version: 2023.4.1001091014.
Python Extension Version: 2023.8.0.
Platform: linux (x64).
Workspace folder ~/study/python/lab, Home = /home/_wajs_err_
22:17:10.022 [info] ZMQ loaded without the fallback mechanism.
22:17:10.271 [debug] Get Custom Env Variables, Class name = wc (started execution), Arg 1: undefined, Arg 2: "RunPythonCode"
22:17:10.271 [info] Start refreshing Kernel Picker (1683487030271)
22:17:10.277 [info] Using Pylance
22:17:10.462 [debug] No controller, hence notebook communications cannot be initialized for editor ~/study/python/lab/lab.ipynb
22:17:10.710 [debug] Get Custom Env Variables, Class name = wc, completed in 439ms, has a truthy return value, Arg 1: undefined, Arg 2: "RunPythonCode"
22:17:10.710 [debug] Jupyter Paths /kernels: 
22:17:10.714 [debug] Kernel Spec Root Paths, /usr/share/jupyter/kernels, /usr/local/share/jupyter/kernels, ~/.local/share/jupyter/kernels
22:17:10.722 [debug] Getting activated env variables, Class name = Is (started execution), Arg 1: "~/study/python/lab", Arg 2: <Uri:/bin/python>, Arg 3: undefined
22:17:10.722 [debug] Get Custom Env Variables, Class name = wc (started execution), Arg 1: "~/study/python/lab", Arg 2: "RunPythonCode"
22:17:10.724 [debug] Get Custom Env Variables, Class name = wc, completed in 2ms, has a truthy return value, Arg 1: "~/study/python/lab", Arg 2: "RunPythonCode"
22:17:10.744 [debug] Not Searching for kernels as path does not exist, /usr/share/jupyter/kernels
22:17:10.745 [debug] Not Searching for kernels as path does not exist, /usr/local/share/jupyter/kernels
22:17:10.826 [debug] Loading kernelspec from ~/.local/share/jupyter/kernels/python3/kernel.json for 
22:17:10.828 [debug] Conda file returned by Python Extension is conda
22:17:10.908 [warn] Failed to get activated env vars for /bin/python in 186ms
22:17:10.909 [debug] Create ProcessService, Class name = nc (started execution), Arg 1: undefined
22:17:10.909 [debug] Get Custom Env Variables, Class name = wc (started execution), Arg 1: undefined, Arg 2: "RunNonPythonCode", Arg 3: undefined
22:17:10.912 [debug] Get Custom Env Variables, Class name = wc, completed in 3ms, has a truthy return value, Arg 1: undefined, Arg 2: "RunNonPythonCode", Arg 3: undefined
22:17:10.912 [debug] Create ProcessService, Class name = nc, completed in 3ms, has a truthy return value, Arg 1: undefined
22:17:10.926 [info] Process Execution: /bin/python -c "import site;print("USER_BASE_VALUE");print(site.USER_BASE);print("USER_BASE_VALUE");"
22:17:10.961 [debug] USER_SITE for /bin/python is ~/.local/bin
22:17:10.961 [debug] Prepend PATH with user site path for /bin/python, user site ~/.local/bin
22:17:10.961 [debug] Prepend PATH with python bin for /bin/python, 
    PATH value is ~/.local/bin:/usr/local/sbin:/usr/local/bin:/usr/bin:/usr/bin/site_perl:/usr/bin/vendor_perl:/usr/bin/core_perl:/usr/local/sbin:/usr/local/bin:/usr/bin:/usr/bin/site_perl:/usr/bin/vendor_perl:/usr/bin/core_perl and 
    Path value is undefined
22:17:10.961 [debug] Activated Env Variables for /bin/python, 
    PATH value is /bin:~/.local/bin:/usr/local/sbin:/usr/local/bin:/usr/bin:/usr/bin/site_perl:/usr/bin/vendor_perl:/usr/bin/core_perl:/usr/local/sbin:/usr/local/bin:/usr/bin:/usr/bin/site_perl:/usr/bin/vendor_perl:/usr/bin/core_perl and 
    Path value is undefined
22:17:10.961 [debug] Got env vars with python /bin/python in 239ms with 46 variables
22:17:10.961 [debug] Getting activated env variables, Class name = Is, completed in 239ms, has a truthy return value, Arg 1: "~/study/python/lab", Arg 2: <Uri:/bin/python>, Arg 3: undefined
22:17:10.975 [info] Process Execution: /bin/python -m pip list
22:17:11.240 [debug] Full interpreter list after refreshing (total 565ms, resolve 34ms, refresh 531ms) is length: 4, /bin/python:undefined::/bin/python:/bin/python, /sbin/python:undefined::/sbin/python:/sbin/python, /usr/bin/python:undefined::/usr/bin/python:/usr/bin/python, /usr/sbin/python:undefined::/usr/sbin/python:/usr/sbin/python
22:17:11.248 [debug] Full interpreter list after refreshing (total 1ms, resolve 1ms, refresh 0ms) is length: 4, /bin/python:undefined::/bin/python:/bin/python, /sbin/python:undefined::/sbin/python:/sbin/python, /usr/bin/python:undefined::/usr/bin/python:/usr/bin/python, /usr/sbin/python:undefined::/usr/sbin/python:/usr/sbin/python
22:17:11.252 [debug] refreshData after detecting changes to interpreters
22:17:11.252 [debug] Listing Python & non-Python kernels for Interpreter /bin/python
22:17:11.253 [debug] Listing Python & non-Python kernels for Interpreter /sbin/python
22:17:11.253 [debug] Finding Global Python KernelSpecs
22:17:11.257 [debug] refreshData after detecting changes to interpreters
22:17:11.257 [debug] Listing Python & non-Python kernels for Interpreter /usr/bin/python
22:17:11.258 [debug] refreshData after detecting changes to interpreters
22:17:11.259 [debug] Listing Python & non-Python kernels for Interpreter /usr/sbin/python
22:17:11.259 [debug] refreshData after detecting changes to interpreters
22:17:11.262 [debug] refreshData after detecting changes to interpreters
22:17:11.263 [debug] Full interpreter list is length: 4, /bin/python::Unknown:/bin/python, /sbin/python::Unknown:/sbin/python, /usr/bin/python::Unknown:/usr/bin/python, /usr/sbin/python::Unknown:/usr/sbin/python
22:17:11.263 [debug] Refreshed Environments
22:17:11.316 [debug] Kernel for interpreter /bin/python is .jvsc74a57bd0e7370f93d1d0cde622a1f8e1c04877d8463912d04d973331ad4851f04de6915a./bin/python./bin/python.-m#ipykernel_launcher
22:17:11.316 [debug] Kernels for interpreter /bin/python are .jvsc74a57bd0e7370f93d1d0cde622a1f8e1c04877d8463912d04d973331ad4851f04de6915a./bin/python./bin/python.-m#ipykernel_launcher
22:17:11.321 [debug] Kernel for interpreter /sbin/python is .jvsc74a57bd0d2152fd7f0bbc62aa1baff8c990435d1e2c7175d001561303988032604c11a48./sbin/python./sbin/python.-m#ipykernel_launcher
22:17:11.322 [debug] Kernels for interpreter /sbin/python are .jvsc74a57bd0d2152fd7f0bbc62aa1baff8c990435d1e2c7175d001561303988032604c11a48./sbin/python./sbin/python.-m#ipykernel_launcher
22:17:11.324 [debug] Kernel for interpreter /usr/bin/python is .jvsc74a57bd0767d51c1340bd893661ea55ea3124f6de3c7a262a8b4abca0554b478b1e2ff90./usr/bin/python./usr/bin/python.-m#ipykernel_launcher
22:17:11.324 [debug] Kernels for interpreter /usr/bin/python are .jvsc74a57bd0767d51c1340bd893661ea55ea3124f6de3c7a262a8b4abca0554b478b1e2ff90./usr/bin/python./usr/bin/python.-m#ipykernel_launcher
22:17:11.327 [debug] Kernel for interpreter /usr/sbin/python is .jvsc74a57bd04e1d9a8909477db77738c33245c29c7265277ef753467dede8cf3f814cde494e./usr/sbin/python./usr/sbin/python.-m#ipykernel_launcher
22:17:11.327 [debug] Kernels for interpreter /usr/sbin/python are .jvsc74a57bd04e1d9a8909477db77738c33245c29c7265277ef753467dede8cf3f814cde494e./usr/sbin/python./usr/sbin/python.-m#ipykernel_launcher
22:17:11.395 [debug] KernelProvider switched kernel to id = .jvsc74a57bd0e7370f93d1d0cde622a1f8e1c04877d8463912d04d973331ad4851f04de6915a./bin/python./bin/python.-m#ipykernel_launcher
22:17:11.396 [debug] start the kernel, options.disableUI=true for ~/study/python/lab/lab.ipynb
22:17:11.397 [debug] Initialize notebook communications for editor ~/study/python/lab/lab.ipynb
22:17:11.397 [debug] Resolving notebook UI Comms (resolve) for ~/study/python/lab/lab.ipynb
22:17:11.397 [debug] initialize CommonMessageCoordinator
22:17:11.403 [debug] Registering commtarget jupyter.widget
22:17:11.403 [debug] IPyWidgetMessageDispatcher.initialize
22:17:11.404 [debug] Attempting to determine version of IPyWidgets
22:17:11.406 [debug] Controller selection change completed
22:17:11.406 [debug] Waiting for IPyWidgets version
22:17:11.406 [debug] Waiting for IPyWidgets version promise
22:17:11.451 [info] Starting Kernel startUsingPythonInterpreter, .jvsc74a57bd0e7370f93d1d0cde622a1f8e1c04877d8463912d04d973331ad4851f04de6915a./bin/python./bin/python.-m#ipykernel_launcher  (Python Path: /bin/python, Unknown, 3.10.10) for '~/study/python/lab/lab.ipynb' (disableUI=true)
22:17:11.451 [debug] Creating raw notebook for resource '~/study/python/lab/lab.ipynb'
22:17:11.467 [debug] Kernel Launcher. launch, Class name = Kg (started execution), Arg 1: ".jvsc74a57bd0e7370f93d1d0cde622a1f8e1c04877d8463912d04d973331ad4851f04de6915a./bin/python./bin/python.-m#ipykernel_launcher", Arg 2: 60000, Arg 3: "~/study/python/lab/lab.ipynb", Arg 4: "~/study/python/lab", Arg 5: ""
22:17:11.467 [debug] Getting activated env variables, Class name = Is (started execution), Arg 1: "~/study/python/lab/lab.ipynb", Arg 2: <Uri:/bin/python>, Arg 3: undefined
22:17:11.467 [debug] Get Custom Env Variables, Class name = wc (started execution), Arg 1: "~/study/python/lab/lab.ipynb", Arg 2: "RunPythonCode"
22:17:11.474 [debug] Get Custom Env Variables, Class name = wc, completed in 7ms, has a truthy return value, Arg 1: "~/study/python/lab/lab.ipynb", Arg 2: "RunPythonCode"
22:17:11.485 [debug] Launching kernel in kernelProcess.ts, Class name = Ug (started execution), Arg 1: "~/study/python/lab", Arg 2: ""
22:17:11.488 [warn] Failed to get activated env vars for /bin/python in 21ms
22:17:11.489 [debug] Prepend PATH with user site path for /bin/python, user site ~/.local/bin
22:17:11.489 [debug] Prepend PATH with python bin for /bin/python, 
    PATH value is ~/.local/bin:/usr/local/sbin:/usr/local/bin:/usr/bin:/usr/bin/site_perl:/usr/bin/vendor_perl:/usr/bin/core_perl:/usr/local/sbin:/usr/local/bin:/usr/bin:/usr/bin/site_perl:/usr/bin/vendor_perl:/usr/bin/core_perl and 
    Path value is undefined
22:17:11.490 [debug] Activated Env Variables for /bin/python, 
    PATH value is /bin:~/.local/bin:/usr/local/sbin:/usr/local/bin:/usr/bin:/usr/bin/site_perl:/usr/bin/vendor_perl:/usr/bin/core_perl:/usr/local/sbin:/usr/local/bin:/usr/bin:/usr/bin/site_perl:/usr/bin/vendor_perl:/usr/bin/core_perl and 
    Path value is undefined
22:17:11.490 [debug] Got env vars with python /bin/python in 23ms with 46 variables
22:17:11.490 [debug] Getting activated env variables, Class name = Is, completed in 23ms, has a truthy return value, Arg 1: "~/study/python/lab/lab.ipynb", Arg 2: <Uri:/bin/python>, Arg 3: undefined
22:17:11.506 [info] Process Execution: /bin/python -c "import ipykernel; print(ipykernel.__version__); print("5dc3a68c-e34e-4080-9c3e-2a532b2ccb4d"); print(ipykernel.__file__)"
22:17:11.507 [debug] Kernel Env Variables for ~/.vscode-oss/extensions/ms-toolsai.jupyter-2023.4.1001091014-universal/temp/jupyter/kernels/pythonjvsc74a57bd0e7370f93d1d0cde622a1f8e1c04877d8463912d04d973331ad4851f04de6915a/kernel.json, PATH value is /bin:~/.local/bin:/usr/local/sbin:/usr/local/bin:/usr/bin:/usr/bin/site_perl:/usr/bin/vendor_perl:/usr/bin/core_perl:/usr/local/sbin:/usr/local/bin:/usr/bin:/usr/bin/site_perl:/usr/bin/vendor_perl:/usr/bin/core_perl
22:17:11.525 [info] Process Execution: /bin/python -m ipykernel_launcher --ip=127.0.0.1 --stdin=9003 --control=9001 --hb=9000 --Session.signature_scheme="hmac-sha256" --Session.key=b"64965eb7-475f-4e96-b242-799742a6af15" --shell=9002 --transport="tcp" --iopub=9004 --f=~/.local/share/jupyter/runtime/kernel-v2-588676mqGpi8MoCVrv.json
    > cwd: ~/study/python/lab
22:17:11.526 [debug] Launching kernel in kernelProcess.ts, Class name = Ug, completed in 41ms, has a truthy return value, Arg 1: "~/study/python/lab", Arg 2: ""
22:17:11.814 [info] ipykernel version & path 6.22.0, ~/.local/lib/python3.10/site-packages/ipykernel/__init__.py for /bin/python
22:17:12.263 [info] End refreshing Kernel Picker (1683487030271)
22:17:12.390 [debug] KernelProcess error: ~/.local/lib/python3.10/site-packages/traitlets/traitlets.py:2548: FutureWarning: Supporting extra quotes around strings is deprecated in traitlets 5.0. You can use 'hmac-sha256' instead of '"hmac-sha256"' if you require traitlets >=5.
  warn(
~/.local/lib/python3.10/site-packages/traitlets/traitlets.py:2499: FutureWarning: Supporting extra quotes around Bytes is deprecated in traitlets 5.0. Use '64965eb7-475f-4e96-b242-799742a6af15' instead of 'b"64965eb7-475f-4e96-b242-799742a6af15"'.
  warn(

22:17:12.403 [debug] KernelProcess output: NOTE: When using the `ipython kernel` entry point, Ctrl-C will not work.

To exit, you will have to explicitly quit this process, by either sending
"quit" from a client, or using Ctrl-\ in UNIX-like environments.

To read more about this, see https://github.com/ipython/ipython/issues/2049


To connect another client to this kernel, use:
    --existing kernel-v2-588676mqGpi8MoCVrv.json

22:17:12.403 [debug] Kernel Output: To connect another client to this kernel, use: --existing kernel-v2-588676mqGpi8MoCVrv.json

22:17:12.541 [debug] Kernel Launcher. launch, Class name = Kg, completed in 1075ms, has a truthy return value, Arg 1: ".jvsc74a57bd0e7370f93d1d0cde622a1f8e1c04877d8463912d04d973331ad4851f04de6915a./bin/python./bin/python.-m#ipykernel_launcher", Arg 2: 60000, Arg 3: "~/study/python/lab/lab.ipynb", Arg 4: "~/study/python/lab", Arg 5: ""
22:17:12.547 [info] ZMQ loaded without the fallback mechanism.
22:17:12.553 [debug] Waiting for Raw Session to be ready in postStartRawSession
22:17:12.553 [debug] Waiting for Raw session to be ready, currently connected
22:17:12.553 [debug] Raw session connected
22:17:12.553 [debug] Waiting for Raw session to be ready for 30s
22:17:12.553 [debug] Waited for Raw session to be ready & got connected
22:17:12.553 [debug] Successfully waited for Raw Session to be ready in postStartRawSession
22:17:12.553 [debug] Kernel status before requesting kernel info and after ready is unknown
22:17:12.553 [debug] Sending request for kernelinfo
22:17:12.569 [debug] Got response for requestKernelInfo
22:17:12.569 [debug] Successfully compelted postStartRawSession
22:17:12.570 [info] Started Kernel Python 3.10.10 (pid: 588850)
22:17:12.570 [info] Started new session 291d3587-c09b-42ca-9357-08bba48eeae4
22:17:12.571 [debug] Started running kernel initialization for ~/study/python/lab/lab.ipynb
22:17:12.571 [debug] Executing silently Code (idle) = try:\nimport ipywidgets as _VSCODE_ipywidgets\nprint("e976ee50-99ed-4aba-9b6b-9dcd5634d07d:IPy
22:17:12.631 [debug] Executing silently Code (completed) = try:\nimport ipywidgets as _VSCODE_ipywidgets\nprint("e976ee50-99ed-4aba-9b6b-9dcd5634d07d:IPy with 1 output(s)
22:17:12.631 [debug] Determined IPyKernel Version as 8 and event fired
22:17:12.631 [debug] Version of IPyWidgets 8 determined after 1.227s
22:17:12.632 [debug] Initialize matplotlib for ~/study/python/lab/lab.ipynb
22:17:12.633 [debug] Executing silently Code (idle) = import os as _VSCODE_os\nimport sys as _VSCODE_sys\n%cd "/~/study/python/lab"\nif _VSCOD
22:17:13.075 [debug] Executing silently Code (completed) = import os as _VSCODE_os\nimport sys as _VSCODE_sys\n%cd "/~/study/python/lab"\nif _VSCOD with 1 output(s)
22:17:13.075 [debug] Requesting Kernel info
22:17:13.075 [debug] Got Kernel info
22:17:13.075 [debug] End running kernel initialization, now waiting for idle
22:17:13.075 [debug] Waiting for 60000ms idle on (kernel): 291d3587-c09b-42ca-9357-08bba48eeae4 -> idle
22:17:13.076 [debug] Finished waiting for idle on (kernel): 291d3587-c09b-42ca-9357-08bba48eeae4 -> idle
22:17:13.076 [debug] End running kernel initialization, session is idle
22:17:13.078 [debug] IPyWidgetScriptSource.initialize
22:17:13.079 [debug] IPyWidgetMessageDispatcher.initialize
22:17:13.080 [debug] getDataDirsImpl, Class name = nh (started execution), Arg 1: "~/study/python/lab/lab.ipynb", Arg 2: "/bin/python"
22:17:13.080 [debug] Get Custom Env Variables, Class name = wc (started execution), Arg 1: undefined, Arg 2: "RunPythonCode"
22:17:13.081 [debug] Get Custom Env Variables, Class name = wc, completed in 1ms, has a truthy return value, Arg 1: undefined, Arg 2: "RunPythonCode"
22:17:13.081 [debug] Jupyter Paths : 
22:17:13.097 [info] Process Execution: /bin/python ~/.vscode-oss/extensions/ms-toolsai.jupyter-2023.4.1001091014-universal/pythonFiles/printJupyterDataDir.py
22:17:13.130 [debug] getDataDirsImpl, Class name = nh, completed in 50ms, has a truthy return value, Arg 1: "~/study/python/lab/lab.ipynb", Arg 2: "/bin/python"
22:17:13.239 [debug] IPyWidgetMessageDispatcher.initialize
22:17:13.240 [debug] Web view is ready to receive widget messages
22:17:13.302 [debug] Widget Message: Received IPyWidgets_kernelOptions in ScriptManager
22:17:13.302 [debug] Widget Message: Received IPyWidgetMessages.IPyWidgets_kernelOptions
22:17:13.317 [debug] IPyWidgetMessageDispatcher.initialize
22:17:13.317 [debug] IPyWidgetMessageDispatcher.initialize
22:17:13.345 [debug] Widget Message: data-base-url set to https://file%2B.vscode-resource.vscode-cdn.net~/.vscode-oss/extensions/ms-toolsai.jupyter-2023.4.1001091014-universal/temp/scripts/5025d6a5c4df71f4502a853d7f80a37d8be0228745293b0e528bc4850f83a169/jupyter
22:17:13.345 [debug] Widget Message: Received IPyWidgets_kernelOptions in ScriptManager
22:17:13.346 [debug] Widget Message: Received IPyWidgetMessages.IPyWidgets_kernelOptions
22:17:13.346 [debug] Widget Message: data-base-url set to https://file%2B.vscode-resource.vscode-cdn.net~/.vscode-oss/extensions/ms-toolsai.jupyter-2023.4.1001091014-universal/temp/scripts/5025d6a5c4df71f4502a853d7f80a37d8be0228745293b0e528bc4850f83a169/jupyter
22:17:26.330 [debug] Updating cache with Python kernels startUsingPythonInterpreter:'.jvsc74a57bd0e7370f93d1d0cde622a1f8e1c04877d8463912d04d973331ad4851f04de6915a./bin/python./bin/python.-m#ipykernel_launcher (interpreter id = /bin/python)', startUsingPythonInterpreter:'.jvsc74a57bd0d2152fd7f0bbc62aa1baff8c990435d1e2c7175d001561303988032604c11a48./sbin/python./sbin/python.-m#ipykernel_launcher (interpreter id = /sbin/python)', startUsingPythonInterpreter:'.jvsc74a57bd0767d51c1340bd893661ea55ea3124f6de3c7a262a8b4abca0554b478b1e2ff90./usr/bin/python./usr/bin/python.-m#ipykernel_launcher (interpreter id = /usr/bin/python)', startUsingPythonInterpreter:'.jvsc74a57bd04e1d9a8909477db77738c33245c29c7265277ef753467dede8cf3f814cde494e./usr/sbin/python./usr/sbin/python.-m#ipykernel_launcher (interpreter id = /usr/sbin/python)', Added = startUsingPythonInterpreter:'.jvsc74a57bd04e1d9a8909477db77738c33245c29c7265277ef753467dede8cf3f814cde494e./usr/sbin/python./usr/sbin/python.-m#ipykernel_launcher (interpreter id = /usr/sbin/python)', Updated = , Removed = 
22:19:00.909 [debug] VSCodeNotebookController::handleExecution, Class name = Ty (started execution)
22:19:00.909 [debug] Execute Cell 11 ~/study/python/lab/lab.ipynb
22:19:00.910 [debug] start the kernel, options.disableUI=false for ~/study/python/lab/lab.ipynb
22:19:00.912 [debug] Start cell 11 execution @ 1683487140912
22:19:01.161 [debug] End cell 11 execution @ 1683487141161, started @ 1683487140912, elapsed time = 0.249s
22:19:01.162 [debug] Cell 11 executed with state Success
22:19:01.162 [debug] VSCodeNotebookController::handleExecution, Class name = Ty, completed in 253ms, has a falsy return value
22:19:02.322 [debug] VSCodeNotebookController::handleExecution, Class name = Ty (started execution)
22:19:02.322 [debug] Execute Cell 11 ~/study/python/lab/lab.ipynb
22:19:02.322 [debug] start the kernel, options.disableUI=false for ~/study/python/lab/lab.ipynb
22:19:02.323 [debug] Start cell 11 execution @ 1683487142323
22:19:02.361 [debug] End cell 11 execution @ 1683487142361, started @ 1683487142323, elapsed time = 0.038s
22:19:02.361 [debug] Cell 11 executed with state Success
22:19:02.361 [debug] VSCodeNotebookController::handleExecution, Class name = Ty, completed in 39ms, has a falsy return value
22:19:03.616 [debug] VSCodeNotebookController::handleExecution, Class name = Ty (started execution)
22:19:03.616 [debug] Execute Cell 13 ~/study/python/lab/lab.ipynb
22:19:03.617 [debug] start the kernel, options.disableUI=false for ~/study/python/lab/lab.ipynb
22:19:03.618 [debug] Start cell 13 execution @ 1683487143618
22:19:03.718 [debug] End cell 13 execution @ 1683487143718, started @ 1683487143618, elapsed time = 0.1s
22:19:03.718 [debug] Cell 13 executed with state Success
22:19:03.718 [debug] VSCodeNotebookController::handleExecution, Class name = Ty, completed in 102ms, has a falsy return value
22:19:04.817 [debug] VSCodeNotebookController::handleExecution, Class name = Ty (started execution)
22:19:04.817 [debug] Execute Cell 15 ~/study/python/lab/lab.ipynb
22:19:04.817 [debug] start the kernel, options.disableUI=false for ~/study/python/lab/lab.ipynb
22:19:04.818 [debug] Start cell 15 execution @ 1683487144818
22:19:04.889 [debug] End cell 15 execution @ 1683487144889, started @ 1683487144818, elapsed time = 0.071s
22:19:04.890 [debug] Cell 15 executed with state Success
22:19:04.890 [debug] VSCodeNotebookController::handleExecution, Class name = Ty, completed in 73ms, has a falsy return value
22:19:17.092 [debug] VSCodeNotebookController::handleExecution, Class name = Ty (started execution)
22:19:17.092 [debug] Execute Cell 34 ~/study/python/lab/lab.ipynb
22:19:17.092 [debug] start the kernel, options.disableUI=false for ~/study/python/lab/lab.ipynb
22:19:17.093 [debug] Start cell 34 execution @ 1683487157093
22:19:17.126 [debug] End cell 34 execution @ 1683487157125, started @ 1683487157093, elapsed time = 0.032s
22:19:17.126 [debug] Cell 34 executed with state Success
22:19:17.126 [debug] VSCodeNotebookController::handleExecution, Class name = Ty, completed in 34ms, has a falsy return value
22:19:21.976 [debug] VSCodeNotebookController::handleExecution, Class name = Ty (started execution)
22:19:21.976 [debug] Execute Cell 34 ~/study/python/lab/lab.ipynb
22:19:21.976 [debug] start the kernel, options.disableUI=false for ~/study/python/lab/lab.ipynb
22:19:21.977 [debug] Start cell 34 execution @ 1683487161977
22:19:22.042 [debug] End cell 34 execution @ 1683487162042, started @ 1683487161977, elapsed time = 0.065s
22:19:22.042 [debug] Cell 34 executed with state Success
22:19:22.042 [debug] VSCodeNotebookController::handleExecution, Class name = Ty, completed in 66ms, has a falsy return value
22:19:22.967 [debug] VSCodeNotebookController::handleExecution, Class name = Ty (started execution)
22:19:22.967 [debug] Execute Cell 36 ~/study/python/lab/lab.ipynb
22:19:22.967 [debug] start the kernel, options.disableUI=false for ~/study/python/lab/lab.ipynb
22:19:22.968 [debug] Start cell 36 execution @ 1683487162968
22:19:23.320 [debug] End cell 36 execution @ 1683487163319, started @ 1683487162968, elapsed time = 0.351s
22:19:23.320 [debug] Cell 36 executed with state Success
22:19:23.320 [debug] VSCodeNotebookController::handleExecution, Class name = Ty, completed in 353ms, has a falsy return value
22:20:15.692 [debug] VSCodeNotebookController::handleExecution, Class name = Ty (started execution)
22:20:15.693 [debug] Execute Cell 47 ~/study/python/lab/lab.ipynb
22:20:15.693 [debug] start the kernel, options.disableUI=false for ~/study/python/lab/lab.ipynb
22:20:15.694 [debug] Start cell 47 execution @ 1683487215694
22:20:15.740 [debug] End cell 47 execution @ 1683487215740, started @ 1683487215694, elapsed time = 0.046s
22:20:15.740 [debug] Cell 47 executed with state Success
22:20:15.740 [debug] VSCodeNotebookController::handleExecution, Class name = Ty, completed in 48ms, has a falsy return value
22:20:17.162 [debug] VSCodeNotebookController::handleExecution, Class name = Ty (started execution)
22:20:17.162 [debug] Execute Cell 48 ~/study/python/lab/lab.ipynb
22:20:17.163 [debug] start the kernel, options.disableUI=false for ~/study/python/lab/lab.ipynb
22:20:17.164 [debug] Start cell 48 execution @ 1683487217164
22:20:17.232 [debug] End cell 48 execution @ 1683487217232, started @ 1683487217164, elapsed time = 0.068s
22:20:17.233 [debug] Cell 48 executed with state Success
22:20:17.233 [debug] VSCodeNotebookController::handleExecution, Class name = Ty, completed in 71ms, has a falsy return value
22:20:19.048 [debug] VSCodeNotebookController::handleExecution, Class name = Ty (started execution)
22:20:19.049 [debug] Execute Cell 49 ~/study/python/lab/lab.ipynb
22:20:19.049 [debug] start the kernel, options.disableUI=false for ~/study/python/lab/lab.ipynb
22:20:19.050 [debug] Start cell 49 execution @ 1683487219050
22:20:19.104 [debug] End cell 49 execution @ 1683487219104, started @ 1683487219050, elapsed time = 0.054s
22:20:19.104 [debug] Cell 49 executed with state Success
22:20:19.104 [debug] VSCodeNotebookController::handleExecution, Class name = Ty, completed in 56ms, has a falsy return value
22:21:22.080 [debug] VSCodeNotebookController::handleExecution, Class name = Ty (started execution)
22:21:22.081 [debug] Execute Cell 67 ~/study/python/lab/lab.ipynb
22:21:22.081 [debug] start the kernel, options.disableUI=false for ~/study/python/lab/lab.ipynb
22:21:22.082 [debug] Start cell 67 execution @ 1683487282082
22:21:22.336 [debug] End cell 67 execution @ 1683487282336, started @ 1683487282082, elapsed time = 0.254s
22:21:22.337 [warn] Cancel all remaining cells due to cancellation or failure in execution
22:21:22.337 [debug] Cancel pending cells
22:21:22.337 [debug] Cell 67 executed with state Error
22:21:22.337 [debug] VSCodeNotebookController::handleExecution, Class name = Ty, completed in 257ms, has a falsy return value
22:21:24.449 [debug] VSCodeNotebookController::handleExecution, Class name = Ty (started execution)
22:21:24.449 [debug] Execute Cell 66 ~/study/python/lab/lab.ipynb
22:21:24.449 [debug] start the kernel, options.disableUI=false for ~/study/python/lab/lab.ipynb
22:21:24.450 [debug] Start cell 66 execution @ 1683487284450
22:21:24.486 [debug] End cell 66 execution @ 1683487284486, started @ 1683487284450, elapsed time = 0.036s
22:21:24.487 [warn] Cancel all remaining cells due to cancellation or failure in execution
22:21:24.487 [debug] Cancel pending cells
22:21:24.487 [debug] Cell 66 executed with state Error
22:21:24.487 [debug] VSCodeNotebookController::handleExecution, Class name = Ty, completed in 38ms, has a falsy return value
22:21:36.588 [debug] VSCodeNotebookController::handleExecution, Class name = Ty (started execution)
22:21:36.588 [debug] Execute Cell 66 ~/study/python/lab/lab.ipynb
22:21:36.589 [debug] start the kernel, options.disableUI=false for ~/study/python/lab/lab.ipynb
22:21:36.589 [debug] Start cell 66 execution @ 1683487296589
22:21:36.648 [debug] End cell 66 execution @ 1683487296648, started @ 1683487296589, elapsed time = 0.059s
22:21:36.648 [debug] Cell 66 executed with state Success
22:21:36.649 [debug] VSCodeNotebookController::handleExecution, Class name = Ty, completed in 61ms, has a falsy return value
22:21:38.534 [debug] VSCodeNotebookController::handleExecution, Class name = Ty (started execution)
22:21:38.534 [debug] Execute Cell 67 ~/study/python/lab/lab.ipynb
22:21:38.535 [debug] start the kernel, options.disableUI=false for ~/study/python/lab/lab.ipynb
22:21:38.535 [debug] Start cell 67 execution @ 1683487298535
22:21:38.652 [debug] End cell 67 execution @ 1683487298652, started @ 1683487298535, elapsed time = 0.117s
22:21:38.653 [debug] Cell 67 executed with state Success
22:21:38.653 [debug] VSCodeNotebookController::handleExecution, Class name = Ty, completed in 119ms, has a falsy return value
22:21:41.656 [debug] VSCodeNotebookController::handleExecution, Class name = Ty (started execution)
22:21:41.656 [debug] Execute Cell 69 ~/study/python/lab/lab.ipynb
22:21:41.656 [debug] start the kernel, options.disableUI=false for ~/study/python/lab/lab.ipynb
22:21:41.657 [debug] Start cell 69 execution @ 1683487301657
22:21:41.730 [debug] End cell 69 execution @ 1683487301730, started @ 1683487301657, elapsed time = 0.073s
22:21:41.730 [debug] Cell 69 executed with state Success
22:21:41.730 [debug] VSCodeNotebookController::handleExecution, Class name = Ty, completed in 74ms, has a falsy return value
22:26:20.612 [debug] Jupyter completion time: 7
22:26:22.053 [debug] Jupyter completion time: 5
22:26:22.518 [debug] Jupyter completion time: 11
22:27:22.620 [debug] VSCodeNotebookController::handleExecution, Class name = Ty (started execution)
22:27:22.620 [debug] Execute Cell 67 ~/study/python/lab/lab.ipynb
22:27:22.620 [debug] start the kernel, options.disableUI=false for ~/study/python/lab/lab.ipynb
22:27:22.621 [debug] Start cell 67 execution @ 1683487642621
22:27:22.712 [debug] End cell 67 execution @ 1683487642712, started @ 1683487642621, elapsed time = 0.091s
22:27:22.712 [debug] Cell 67 executed with state Success
22:27:22.712 [debug] VSCodeNotebookController::handleExecution, Class name = Ty, completed in 92ms, has a falsy return value
22:27:37.682 [debug] Jupyter completion time: 6
22:27:42.474 [debug] VSCodeNotebookController::handleExecution, Class name = Ty (started execution)
22:27:42.474 [debug] Execute Cell 69 ~/study/python/lab/lab.ipynb
22:27:42.475 [debug] start the kernel, options.disableUI=false for ~/study/python/lab/lab.ipynb
22:27:42.476 [debug] Start cell 69 execution @ 1683487662476
22:27:42.567 [debug] End cell 69 execution @ 1683487662567, started @ 1683487662476, elapsed time = 0.091s
22:27:42.567 [debug] Cell 69 executed with state Success
22:27:42.567 [debug] VSCodeNotebookController::handleExecution, Class name = Ty, completed in 93ms, has a falsy return value
22:34:11.822 [debug] Jupyter completion time: 6
22:34:12.492 [debug] Jupyter completion time: 9
22:34:17.235 [debug] Jupyter completion time: 19
22:34:20.482 [debug] Jupyter completion time: 15
22:34:24.044 [debug] Jupyter completion time: 5
22:34:24.325 [debug] Jupyter completion time: 9
22:34:24.454 [debug] Jupyter completion time: 7
22:34:28.847 [debug] VSCodeNotebookController::handleExecution, Class name = Ty (started execution)
22:34:28.847 [debug] Execute Cell 66 ~/study/python/lab/lab.ipynb
22:34:28.848 [debug] start the kernel, options.disableUI=false for ~/study/python/lab/lab.ipynb
22:34:28.848 [debug] Start cell 66 execution @ 1683488068848
22:34:28.904 [debug] End cell 66 execution @ 1683488068903, started @ 1683488068848, elapsed time = 0.055s
22:34:28.904 [debug] Cell 66 executed with state Success
22:34:28.904 [debug] VSCodeNotebookController::handleExecution, Class name = Ty, completed in 57ms, has a falsy return value
22:34:40.362 [debug] Jupyter completion time: 7
22:34:40.428 [debug] Jupyter completion time: 8
22:34:41.163 [debug] Jupyter completion time: 7
22:34:42.515 [debug] Jupyter completion time: 12
22:34:42.709 [debug] Jupyter completion time: 4
22:34:45.240 [debug] Jupyter completion time: 7
22:34:46.559 [debug] Jupyter completion time: 9
22:34:46.799 [debug] Jupyter completion time: 8
22:34:49.879 [debug] VSCodeNotebookController::handleExecution, Class name = Ty (started execution)
22:34:49.879 [debug] Execute Cell 66 ~/study/python/lab/lab.ipynb
22:34:49.880 [debug] start the kernel, options.disableUI=false for ~/study/python/lab/lab.ipynb
22:34:49.880 [debug] Start cell 66 execution @ 1683488089880
22:34:49.955 [debug] End cell 66 execution @ 1683488089955, started @ 1683488089880, elapsed time = 0.075s
22:34:49.956 [debug] Cell 66 executed with state Success
22:34:49.956 [debug] VSCodeNotebookController::handleExecution, Class name = Ty, completed in 77ms, has a falsy return value
22:35:08.723 [debug] Jupyter completion time: 5
22:35:09.419 [debug] Jupyter completion time: 14
22:35:17.250 [debug] VSCodeNotebookController::handleExecution, Class name = Ty (started execution)
22:35:17.251 [debug] Execute Cell 66 ~/study/python/lab/lab.ipynb
22:35:17.251 [debug] start the kernel, options.disableUI=false for ~/study/python/lab/lab.ipynb
22:35:17.251 [debug] Start cell 66 execution @ 1683488117251
22:35:17.402 [debug] End cell 66 execution @ 1683488117402, started @ 1683488117251, elapsed time = 0.151s
22:35:17.402 [debug] Cell 66 executed with state Success
22:35:17.402 [debug] VSCodeNotebookController::handleExecution, Class name = Ty, completed in 152ms, has a falsy return value
22:35:35.164 [debug] Jupyter completion time: 7
22:35:35.415 [debug] Jupyter completion time: 7
22:35:35.713 [debug] Jupyter completion time: 11
22:35:36.318 [debug] Jupyter completion time: 5
22:35:36.517 [debug] Jupyter completion time: 8
22:35:37.017 [debug] Jupyter completion time: 5
22:35:37.630 [debug] Jupyter completion time: 7
22:35:38.003 [debug] Jupyter completion time: 10
22:35:38.098 [debug] Jupyter completion time: 8
22:35:38.306 [debug] Jupyter completion time: 9
22:35:38.347 [debug] Jupyter completion time: 8
22:35:38.624 [debug] Jupyter completion time: 9
22:35:38.805 [debug] Jupyter completion time: 8
22:35:39.002 [debug] Jupyter completion time: 7
22:35:39.845 [debug] VSCodeNotebookController::handleExecution, Class name = Ty (started execution)
22:35:39.845 [debug] Execute Cell 66 ~/study/python/lab/lab.ipynb
22:35:39.846 [debug] start the kernel, options.disableUI=false for ~/study/python/lab/lab.ipynb
22:35:39.846 [debug] Start cell 66 execution @ 1683488139846
22:35:39.941 [debug] End cell 66 execution @ 1683488139941, started @ 1683488139846, elapsed time = 0.095s
22:35:39.941 [warn] Cancel all remaining cells due to cancellation or failure in execution
22:35:39.941 [debug] Cancel pending cells
22:35:39.942 [debug] Cell 66 executed with state Error
22:35:39.942 [debug] VSCodeNotebookController::handleExecution, Class name = Ty, completed in 97ms, has a falsy return value
22:35:45.374 [debug] VSCodeNotebookController::handleExecution, Class name = Ty (started execution)
22:35:45.374 [debug] Execute Cell 66 ~/study/python/lab/lab.ipynb
22:35:45.374 [debug] start the kernel, options.disableUI=false for ~/study/python/lab/lab.ipynb
22:35:45.375 [debug] Start cell 66 execution @ 1683488145375
22:35:45.479 [debug] End cell 66 execution @ 1683488145479, started @ 1683488145375, elapsed time = 0.104s
22:35:45.480 [debug] Cell 66 executed with state Success
22:35:45.480 [debug] VSCodeNotebookController::handleExecution, Class name = Ty, completed in 106ms, has a falsy return value
22:36:46.652 [debug] VSCodeNotebookController::handleExecution, Class name = Ty (started execution)
22:36:46.652 [debug] Execute Cell 66 ~/study/python/lab/lab.ipynb
22:36:46.652 [debug] start the kernel, options.disableUI=false for ~/study/python/lab/lab.ipynb
22:36:46.653 [debug] Start cell 66 execution @ 1683488206653
22:36:46.696 [debug] End cell 66 execution @ 1683488206696, started @ 1683488206653, elapsed time = 0.043s
22:36:46.697 [debug] Cell 66 executed with state Success
22:36:46.697 [debug] VSCodeNotebookController::handleExecution, Class name = Ty, completed in 45ms, has a falsy return value
22:36:49.397 [debug] Jupyter completion time: 10
22:36:50.479 [debug] Jupyter completion time: 12
22:36:50.714 [debug] Jupyter completion time: 5
22:36:51.701 [debug] Jupyter completion time: 5
22:36:51.986 [debug] Jupyter completion time: 6
22:36:52.871 [debug] VSCodeNotebookController::handleExecution, Class name = Ty (started execution)
22:36:52.872 [debug] Execute Cell 66 ~/study/python/lab/lab.ipynb
22:36:52.872 [debug] start the kernel, options.disableUI=false for ~/study/python/lab/lab.ipynb
22:36:52.873 [debug] Start cell 66 execution @ 1683488212873
22:36:52.932 [debug] End cell 66 execution @ 1683488212932, started @ 1683488212873, elapsed time = 0.059s
22:36:52.932 [debug] Cell 66 executed with state Success
22:36:52.932 [debug] VSCodeNotebookController::handleExecution, Class name = Ty, completed in 61ms, has a falsy return value
22:37:00.078 [debug] Jupyter completion time: 4
22:37:00.246 [debug] Jupyter completion time: 7
22:37:00.378 [debug] Jupyter completion time: 5
22:37:00.537 [debug] Jupyter completion time: 9
22:37:00.764 [debug] Jupyter completion time: 7
22:37:01.005 [debug] Jupyter completion time: 6
22:37:01.606 [debug] Jupyter completion time: 5
22:37:04.960 [debug] Jupyter completion time: 8
22:37:05.326 [debug] Jupyter completion time: 6
22:37:05.759 [debug] Jupyter completion time: 7
22:37:06.603 [debug] VSCodeNotebookController::handleExecution, Class name = Ty (started execution)
22:37:06.604 [debug] Execute Cell 66 ~/study/python/lab/lab.ipynb
22:37:06.604 [debug] start the kernel, options.disableUI=false for ~/study/python/lab/lab.ipynb
22:37:06.605 [debug] Start cell 66 execution @ 1683488226605
22:37:06.741 [debug] End cell 66 execution @ 1683488226741, started @ 1683488226605, elapsed time = 0.136s
22:37:06.741 [debug] Cell 66 executed with state Success
22:37:06.741 [debug] VSCodeNotebookController::handleExecution, Class name = Ty, completed in 138ms, has a falsy return value
22:48:23.697 [debug] notebook communications already initialized for editor ~/study/python/lab/lab.ipynb
22:48:25.819 [info] Shutting down notebooks for 6939174a-f06b-4868-8013-216e56df773e
22:48:25.819 [info] Disposing HostJupyterExecution e9248852-c91b-4cb2-86ec-4eab23b4706b
22:48:25.819 [debug] Disposing super HostJupyterExecution e9248852-c91b-4cb2-86ec-4eab23b4706b
22:48:25.819 [info] Dispose Kernel '~/study/python/lab/lab.ipynb' associated with '~/study/python/lab/lab.ipynb'
22:48:25.820 [debug] Cancel pending cells
22:48:25.820 [debug] Shutdown session - current session, called from Error: 
	at ov.shutdownImplementation (~/.vscode-oss/extensions/ms-toolsai.jupyter-2023.4.1001091014-universal/out/extension.node.js:17:168193)
	at ov.dispose (~/.vscode-oss/extensions/ms-toolsai.jupyter-2023.4.1001091014-universal/out/extension.node.js:17:162652)
	at ~/.vscode-oss/extensions/ms-toolsai.jupyter-2023.4.1001091014-universal/out/extension.node.js:17:224370
	at jm.dispose (~/.vscode-oss/extensions/ms-toolsai.jupyter-2023.4.1001091014-universal/out/extension.node.js:17:224579)
	at ~/.vscode-oss/extensions/ms-toolsai.jupyter-2023.4.1001091014-universal/out/extension.node.js:2:1770348
	at Array.map (<anonymous>)
	at va.dispose (~/.vscode-oss/extensions/ms-toolsai.jupyter-2023.4.1001091014-universal/out/extension.node.js:2:1770338)
	at Module.FE (~/.vscode-oss/extensions/ms-toolsai.jupyter-2023.4.1001091014-universal/out/extension.node.js:24:590356)
	at v.Y (/usr/lib/code/out/vs/workbench/api/node/extensionHostProcess.js:112:10974)
	at /usr/lib/code/out/vs/workbench/api/node/extensionHostProcess.js:112:9157
	at Array.map (<anonymous>)
	at v.R (/usr/lib/code/out/vs/workbench/api/node/extensionHostProcess.js:112:9144)
	at v.terminate (/usr/lib/code/out/vs/workbench/api/node/extensionHostProcess.js:112:9415)
	at d.terminate (/usr/lib/code/out/vs/workbench/api/node/extensionHostProcess.js:116:1544)
	at g (/usr/lib/code/out/vs/workbench/api/node/extensionHostProcess.js:126:34439)
	at MessagePortMain.<anonymous> (/usr/lib/code/out/vs/workbench/api/node/extensionHostProcess.js:126:30578)
	at MessagePortMain.emit (node:events:513:28)
	at MessagePortMain._internalPort.emit (node:electron/js2c/utility_init:2:367)
22:48:25.820 [debug] shutdownSession 291d3587-c09b-42ca-9357-08bba48eeae4, .jvsc74a57bd0e7370f93d1d0cde622a1f8e1c04877d8463912d04d973331ad4851f04de6915a./bin/python./bin/python.-m#ipykernel_launcher - start
22:48:25.820 [debug] Session can be shutdown .jvsc74a57bd0e7370f93d1d0cde622a1f8e1c04877d8463912d04d973331ad4851f04de6915a./bin/python./bin/python.-m#ipykernel_launcher
22:48:25.820 [info] Dispose Kernel process 588850.
22:48:25.829 [debug] Kernel got disposed, hence there is no longer a kernel associated with ~/study/python/lab/lab.ipynb
22:48:25.830 [info] Disposing HostJupyterExecution e9248852-c91b-4cb2-86ec-4eab23b4706b
22:48:25.830 [debug] Finished disposing HostJupyterExecution  e9248852-c91b-4cb2-86ec-4eab23b4706b
22:48:25.831 [debug] Disposing controller .jvsc74a57bd0e7370f93d1d0cde622a1f8e1c04877d8463912d04d973331ad4851f04de6915a./bin/python./bin/python.-m#ipykernel_launcher associated with connection .jvsc74a57bd0e7370f93d1d0cde622a1f8e1c04877d8463912d04d973331ad4851f04de6915a./bin/python./bin/python.-m#ipykernel_launcher and documents file://~/study/python/lab/lab.ipynb
22:48:25.832 [debug] Disposing controller .jvsc74a57bd0e7370f93d1d0cde622a1f8e1c04877d8463912d04d973331ad4851f04de6915a./bin/python./bin/python.-m#ipykernel_launcher (Interactive) associated with connection .jvsc74a57bd0e7370f93d1d0cde622a1f8e1c04877d8463912d04d973331ad4851f04de6915a./bin/python./bin/python.-m#ipykernel_launcher 
22:48:25.832 [debug] Disposing controller .jvsc74a57bd0d2152fd7f0bbc62aa1baff8c990435d1e2c7175d001561303988032604c11a48./sbin/python./sbin/python.-m#ipykernel_launcher associated with connection .jvsc74a57bd0d2152fd7f0bbc62aa1baff8c990435d1e2c7175d001561303988032604c11a48./sbin/python./sbin/python.-m#ipykernel_launcher 
22:48:25.832 [debug] Disposing controller .jvsc74a57bd0d2152fd7f0bbc62aa1baff8c990435d1e2c7175d001561303988032604c11a48./sbin/python./sbin/python.-m#ipykernel_launcher (Interactive) associated with connection .jvsc74a57bd0d2152fd7f0bbc62aa1baff8c990435d1e2c7175d001561303988032604c11a48./sbin/python./sbin/python.-m#ipykernel_launcher 
22:48:25.832 [debug] Disposing controller .jvsc74a57bd0767d51c1340bd893661ea55ea3124f6de3c7a262a8b4abca0554b478b1e2ff90./usr/bin/python./usr/bin/python.-m#ipykernel_launcher associated with connection .jvsc74a57bd0767d51c1340bd893661ea55ea3124f6de3c7a262a8b4abca0554b478b1e2ff90./usr/bin/python./usr/bin/python.-m#ipykernel_launcher 
22:48:25.832 [debug] Disposing controller .jvsc74a57bd0767d51c1340bd893661ea55ea3124f6de3c7a262a8b4abca0554b478b1e2ff90./usr/bin/python./usr/bin/python.-m#ipykernel_launcher (Interactive) associated with connection .jvsc74a57bd0767d51c1340bd893661ea55ea3124f6de3c7a262a8b4abca0554b478b1e2ff90./usr/bin/python./usr/bin/python.-m#ipykernel_launcher 
22:48:25.832 [debug] Disposing controller .jvsc74a57bd04e1d9a8909477db77738c33245c29c7265277ef753467dede8cf3f814cde494e./usr/sbin/python./usr/sbin/python.-m#ipykernel_launcher associated with connection .jvsc74a57bd04e1d9a8909477db77738c33245c29c7265277ef753467dede8cf3f814cde494e./usr/sbin/python./usr/sbin/python.-m#ipykernel_launcher 
22:48:25.832 [debug] Disposing controller .jvsc74a57bd04e1d9a8909477db77738c33245c29c7265277ef753467dede8cf3f814cde494e./usr/sbin/python./usr/sbin/python.-m#ipykernel_launcher (Interactive) associated with connection .jvsc74a57bd04e1d9a8909477db77738c33245c29c7265277ef753467dede8cf3f814cde494e./usr/sbin/python./usr/sbin/python.-m#ipykernel_launcher 
22:48:25.834 [debug] Cleaning up server cache e9248852-c91b-4cb2-86ec-4eab23b4706b
22:48:25.836 [debug] Shutdown session - current session, called from Error: 
	at ov.shutdownImplementation (~/.vscode-oss/extensions/ms-toolsai.jupyter-2023.4.1001091014-universal/out/extension.node.js:17:168193)
	at ov.dispose (~/.vscode-oss/extensions/ms-toolsai.jupyter-2023.4.1001091014-universal/out/extension.node.js:17:162652)
	at ~/.vscode-oss/extensions/ms-toolsai.jupyter-2023.4.1001091014-universal/out/extension.node.js:24:121414
	at Array.map (<anonymous>)
	at av.dispose (~/.vscode-oss/extensions/ms-toolsai.jupyter-2023.4.1001091014-universal/out/extension.node.js:24:121404)
	at async Promise.all (index 0)
	at async va.dispose (~/.vscode-oss/extensions/ms-toolsai.jupyter-2023.4.1001091014-universal/out/extension.node.js:2:1770360)
	at async Promise.all (index 15)
	at async v.R (/usr/lib/code/out/vs/workbench/api/node/extensionHostProcess.js:112:9171)
22:48:25.836 [debug] shutdownSession 291d3587-c09b-42ca-9357-08bba48eeae4, .jvsc74a57bd0e7370f93d1d0cde622a1f8e1c04877d8463912d04d973331ad4851f04de6915a./bin/python./bin/python.-m#ipykernel_launcher - start
22:48:25.836 [debug] Session can be shutdown .jvsc74a57bd0e7370f93d1d0cde622a1f8e1c04877d8463912d04d973331ad4851f04de6915a./bin/python./bin/python.-m#ipykernel_launcher
22:48:25.836 [debug] Finished disposing HostJupyterExecution  e9248852-c91b-4cb2-86ec-4eab23b4706b
22:48:25.843 [debug] KernelProcess Exit Exit - undefined ~/.local/lib/python3.10/site-packages/traitlets/traitlets.py:2548: FutureWarning: Supporting extra quotes around strings is deprecated in traitlets 5.0. You can use 'hmac-sha256' instead of '"hmac-sha256"' if you require traitlets >=5.
  warn(
~/.local/lib/python3.10/site-packages/traitlets/traitlets.py:2499: FutureWarning: Supporting extra quotes around Bytes is deprecated in traitlets 5.0. Use '64965eb7-475f-4e96-b242-799742a6af15' instead of 'b"64965eb7-475f-4e96-b242-799742a6af15"'.
  warn(

22:48:25.845 [debug] Disposed Kernel process 588850.
22:48:25.846 [debug] shutdownSession 291d3587-c09b-42ca-9357-08bba48eeae4, .jvsc74a57bd0e7370f93d1d0cde622a1f8e1c04877d8463912d04d973331ad4851f04de6915a./bin/python./bin/python.-m#ipykernel_launcher - shutdown complete
22:48:25.846 [debug] shutdownSession 291d3587-c09b-42ca-9357-08bba48eeae4, .jvsc74a57bd0e7370f93d1d0cde622a1f8e1c04877d8463912d04d973331ad4851f04de6915a./bin/python./bin/python.-m#ipykernel_launcher - shutdown complete
22:48:25.846 [debug] Shutdown session - get restart session
22:48:25.847 [debug] Shutdown session -- complete
22:48:25.847 [debug] Shutdown session - get restart session
22:48:25.847 [debug] Shutdown session -- complete
22:48:25.848 [warn] Failed to delete connection file ~/.local/share/jupyter/runtime/kernel-v2-588676mqGpi8MoCVrv.json for pid 588850 [Canceled (FileSystemError): Canceled
	at Zt.c (/usr/lib/code/out/vs/workbench/api/node/extensionHostProcess.js:100:27273)
	at Object.stat (/usr/lib/code/out/vs/workbench/api/node/extensionHostProcess.js:100:25374)
	at async _d.delete (~/.vscode-oss/extensions/ms-toolsai.jupyter-2023.4.1001091014-universal/out/extension.node.js:17:18527)
	at async ~/.vscode-oss/extensions/ms-toolsai.jupyter-2023.4.1001091014-universal/out/extension.node.js:24:89152] {
  code: 'Unknown'
}
