2023-06-10 03:07:37.893 [info] Extension host with pid 973 started
2023-06-10 03:07:37.894 [info] Skipping acquiring lock for /home/_wajs_err_/.config/Code - OSS/User/workspaceStorage/b96180d722d1712813ad5934f361ae08.
2023-06-10 03:07:37.955 [info] ExtensionService#_doActivateExtension vscode.ipynb, startup: false, activationEvent: 'onNotebookSerializer:jupyter-notebook'
2023-06-10 03:07:37.995 [info] ExtensionService#_doActivateExtension vscode.git-base, startup: true, activationEvent: '*', root cause: vscode.git
2023-06-10 03:07:38.000 [info] ExtensionService#_doActivateExtension s-nlf-fh.glassit, startup: true, activationEvent: '*'
2023-06-10 03:07:38.160 [info] ExtensionService#_doActivateExtension vscode.git, startup: true, activationEvent: '*'
2023-06-10 03:07:38.266 [info] ExtensionService#_doActivateExtension vscode.github, startup: true, activationEvent: '*'
2023-06-10 03:07:38.385 [info] Eager extensions activated
2023-06-10 03:07:38.401 [info] ExtensionService#_doActivateExtension ms-toolsai.jupyter, startup: false, activationEvent: 'onNotebook:jupyter-notebook'
2023-06-10 03:07:38.633 [info] ExtensionService#_doActivateExtension ms-toolsai.vscode-jupyter-cell-tags, startup: false, activationEvent: 'onNotebook:jupyter-notebook'
2023-06-10 03:07:38.638 [info] ExtensionService#_doActivateExtension ms-toolsai.vscode-jupyter-slideshow, startup: false, activationEvent: 'onNotebook:jupyter-notebook'
2023-06-10 03:07:38.643 [info] ExtensionService#_doActivateExtension ms-toolsai.jupyter-renderers, startup: false, activationEvent: 'onNotebook:*'
2023-06-10 03:07:38.647 [info] ExtensionService#_doActivateExtension vscode.json-language-features, startup: false, activationEvent: 'onLanguage:jsonc'
2023-06-10 03:07:38.734 [info] ExtensionService#_doActivateExtension vscode.typescript-language-features, startup: false, activationEvent: 'onLanguage:jsonc'
2023-06-10 03:07:38.791 [info] ExtensionService#_doActivateExtension vscode.emmet, startup: false, activationEvent: 'onLanguage'
2023-06-10 03:07:38.820 [info] ExtensionService#_doActivateExtension vscode.debug-auto-launch, startup: false, activationEvent: 'onStartupFinished'
2023-06-10 03:07:38.822 [info] ExtensionService#_doActivateExtension vscode.merge-conflict, startup: false, activationEvent: 'onStartupFinished'
2023-06-10 03:07:39.403 [info] ExtensionService#_doActivateExtension ms-python.python, startup: false, activationEvent: 'api', root cause: ms-toolsai.jupyter
2023-06-10 03:07:41.311 [info] ExtensionService#_doActivateExtension vscode.github-authentication, startup: false, activationEvent: 'onAuthenticationRequest:github'
2023-06-10 03:07:42.029 [info] ExtensionService#_doActivateExtension vscode.microsoft-authentication, startup: false, activationEvent: 'onAuthenticationRequest:microsoft'
2023-06-10 03:07:55.364 [info] Extension host terminating: renderer closed the MessagePort
2023-06-10 03:07:55.395 [error] Canceled: Canceled
	at new l (/usr/lib/code/out/vs/workbench/api/node/extensionHostProcess.js:99:105905)
	at s.O (/usr/lib/code/out/vs/workbench/api/node/extensionHostProcess.js:111:11754)
	at $.<computed>.j.charCodeAt.$.<computed> (/usr/lib/code/out/vs/workbench/api/node/extensionHostProcess.js:111:9029)
	at e.ExtHostCommands.g (/usr/lib/code/out/vs/workbench/api/node/extensionHostProcess.js:99:130078)
	at e.ExtHostCommands.executeCommand (/usr/lib/code/out/vs/workbench/api/node/extensionHostProcess.js:99:129454)
	at k.registerCommand.description (/usr/lib/code/out/vs/workbench/api/node/extensionHostProcess.js:99:128747)
	at e.ExtHostCommands.h (/usr/lib/code/out/vs/workbench/api/node/extensionHostProcess.js:99:130664)
	at e.ExtHostCommands.g (/usr/lib/code/out/vs/workbench/api/node/extensionHostProcess.js:99:129554)
	at e.ExtHostCommands.executeCommand (/usr/lib/code/out/vs/workbench/api/node/extensionHostProcess.js:99:129454)
	at Object.executeCommand (/usr/lib/code/out/vs/workbench/api/node/extensionHostProcess.js:117:24230)
	at D (/usr/lib/code/extensions/git/dist/main.js:2:1261260)
	at b.invoke (/usr/lib/code/out/vs/workbench/api/node/extensionHostProcess.js:63:145)
	at d.deliver (/usr/lib/code/out/vs/workbench/api/node/extensionHostProcess.js:63:2121)
	at n.fire (/usr/lib/code/out/vs/workbench/api/node/extensionHostProcess.js:63:1729)
	at Object.m [as dispose] (/usr/lib/code/extensions/git/dist/main.js:2:1276093)
	at /usr/lib/code/extensions/git/dist/main.js:2:1280594
	at Array.forEach (<anonymous>)
	at g.dispose (/usr/lib/code/extensions/git/dist/main.js:2:1280580)
	at r.<anonymous> (/usr/lib/code/out/vs/workbench/api/node/extensionHostProcess.js:97:12552)
	at r.dispose (/usr/lib/code/out/vs/workbench/api/node/extensionHostProcess.js:97:12687)
	at r.<anonymous> (/usr/lib/code/extensions/git/dist/main.js:2:1263390)
	at r.dispose (/usr/lib/code/out/vs/workbench/api/node/extensionHostProcess.js:97:12687)
	at I (/usr/lib/code/out/vs/workbench/api/node/extensionHostProcess.js:10:12083)
	at n.Z (/usr/lib/code/out/vs/workbench/api/node/extensionHostProcess.js:113:11285)
	at /usr/lib/code/out/vs/workbench/api/node/extensionHostProcess.js:113:9187
	at Array.map (<anonymous>)
	at n.S (/usr/lib/code/out/vs/workbench/api/node/extensionHostProcess.js:113:9175)
	at n.terminate (/usr/lib/code/out/vs/workbench/api/node/extensionHostProcess.js:113:9445)
	at h.terminate (/usr/lib/code/out/vs/workbench/api/node/extensionHostProcess.js:117:1544)
	at p (/usr/lib/code/out/vs/workbench/api/node/extensionHostProcess.js:127:34497)
	at MessagePortMain.<anonymous> (/usr/lib/code/out/vs/workbench/api/node/extensionHostProcess.js:127:30636)
	at MessagePortMain.emit (node:events:513:28)
	at MessagePortMain._internalPort.emit (node:electron/js2c/utility_init:2:367) setContext undefined
2023-06-10 03:07:55.396 [error] Canceled: Canceled
	at new l (/usr/lib/code/out/vs/workbench/api/node/extensionHostProcess.js:99:105905)
	at s.O (/usr/lib/code/out/vs/workbench/api/node/extensionHostProcess.js:111:11754)
	at $.<computed>.j.charCodeAt.$.<computed> (/usr/lib/code/out/vs/workbench/api/node/extensionHostProcess.js:111:9029)
	at e.ExtHostCommands.g (/usr/lib/code/out/vs/workbench/api/node/extensionHostProcess.js:99:130078)
	at e.ExtHostCommands.executeCommand (/usr/lib/code/out/vs/workbench/api/node/extensionHostProcess.js:99:129454)
	at k.registerCommand.description (/usr/lib/code/out/vs/workbench/api/node/extensionHostProcess.js:99:128747)
	at e.ExtHostCommands.h (/usr/lib/code/out/vs/workbench/api/node/extensionHostProcess.js:99:130664)
	at e.ExtHostCommands.g (/usr/lib/code/out/vs/workbench/api/node/extensionHostProcess.js:99:129554)
	at e.ExtHostCommands.executeCommand (/usr/lib/code/out/vs/workbench/api/node/extensionHostProcess.js:99:129454)
	at Object.executeCommand (/usr/lib/code/out/vs/workbench/api/node/extensionHostProcess.js:117:24230)
	at set b [as b] (/usr/lib/code/extensions/github/dist/extension.js:2:152873)
	at /usr/lib/code/extensions/github/dist/extension.js:2:153583
	at /usr/lib/code/extensions/git/dist/main.js:2:1348853
	at b.invoke (/usr/lib/code/out/vs/workbench/api/node/extensionHostProcess.js:63:145)
	at d.deliver (/usr/lib/code/out/vs/workbench/api/node/extensionHostProcess.js:63:2121)
	at n.fire (/usr/lib/code/out/vs/workbench/api/node/extensionHostProcess.js:63:1729)
	at Object.m [as dispose] (/usr/lib/code/extensions/git/dist/main.js:2:1276093)
	at /usr/lib/code/extensions/git/dist/main.js:2:1280594
	at Array.forEach (<anonymous>)
	at g.dispose (/usr/lib/code/extensions/git/dist/main.js:2:1280580)
	at r.<anonymous> (/usr/lib/code/out/vs/workbench/api/node/extensionHostProcess.js:97:12552)
	at r.dispose (/usr/lib/code/out/vs/workbench/api/node/extensionHostProcess.js:97:12687)
	at r.<anonymous> (/usr/lib/code/extensions/git/dist/main.js:2:1263390)
	at r.dispose (/usr/lib/code/out/vs/workbench/api/node/extensionHostProcess.js:97:12687)
	at I (/usr/lib/code/out/vs/workbench/api/node/extensionHostProcess.js:10:12083)
	at n.Z (/usr/lib/code/out/vs/workbench/api/node/extensionHostProcess.js:113:11285)
	at /usr/lib/code/out/vs/workbench/api/node/extensionHostProcess.js:113:9187
	at Array.map (<anonymous>)
	at n.S (/usr/lib/code/out/vs/workbench/api/node/extensionHostProcess.js:113:9175)
	at n.terminate (/usr/lib/code/out/vs/workbench/api/node/extensionHostProcess.js:113:9445)
	at h.terminate (/usr/lib/code/out/vs/workbench/api/node/extensionHostProcess.js:117:1544)
	at p (/usr/lib/code/out/vs/workbench/api/node/extensionHostProcess.js:127:34497)
	at MessagePortMain.<anonymous> (/usr/lib/code/out/vs/workbench/api/node/extensionHostProcess.js:127:30636)
	at MessagePortMain.emit (node:events:513:28)
	at MessagePortMain._internalPort.emit (node:electron/js2c/utility_init:2:367) setContext undefined
2023-06-10 03:07:55.396 [error] Error: The kernel died. Error: /bin/python: No module named ipykernel_launcher... View Jupyter [log](command:jupyter.viewOutput) for further details.
	at ChildProcess.<anonymous> (/home/_wajs_err_/.vscode-oss/extensions/ms-toolsai.jupyter-2023.4.1001091014-universal/out/extension.node.js:24:86433)
	at ChildProcess.emit (node:events:525:35)
	at ChildProcess._handle.onexit (node:internal/child_process:291:12)
2023-06-10 03:07:55.400 [info] Extension host with pid 973 exiting with code 0
