2023-05-07 22:48:31.068 [info] Log level: Info
2023-05-07 22:48:31.068 [info] Validating found git in: "git"
2023-05-07 22:48:31.068 [info] Using git "2.40.0" from "git"
2023-05-07 22:48:31.068 [info] > git rev-parse --show-toplevel [9ms]
2023-05-07 22:48:31.068 [info] fatal: not a git repository (or any of the parent directories): .git
2023-05-07 22:48:32.041 [info] > git rev-parse --show-toplevel [24ms]
2023-05-07 22:48:32.041 [info] fatal: not a git repository (or any of the parent directories): .git
2023-05-07 22:48:32.718 [info] > git rev-parse --show-toplevel [3ms]
2023-05-07 22:48:32.718 [info] fatal: not a git repository (or any of the parent directories): .git
2023-05-07 22:48:33.458 [info] > git rev-parse --show-toplevel [4ms]
2023-05-07 22:48:33.459 [info] fatal: not a git repository (or any of the parent directories): .git
2023-05-07 22:48:33.637 [info] > git rev-parse --show-toplevel [4ms]
2023-05-07 22:48:33.637 [info] fatal: not a git repository (or any of the parent directories): .git
2023-05-07 22:49:30.317 [info] > git rev-parse --show-toplevel [1ms]
2023-05-07 22:49:30.317 [info] fatal: not a git repository (or any of the parent directories): .git
2023-05-07 22:51:16.234 [info] > git rev-parse --show-toplevel [1ms]
2023-05-07 22:51:16.234 [info] fatal: not a git repository (or any of the parent directories): .git
2023-05-07 22:51:20.053 [info] > git rev-parse --show-toplevel [2ms]
2023-05-07 22:51:20.053 [info] fatal: not a git repository (or any of the parent directories): .git
2023-05-07 22:54:06.907 [info] > git rev-parse --show-toplevel [1ms]
2023-05-07 22:54:06.907 [info] fatal: not a git repository (or any of the parent directories): .git
2023-05-07 22:54:37.236 [info] > git rev-parse --show-toplevel [3ms]
2023-05-07 22:54:37.236 [info] fatal: not a git repository (or any of the parent directories): .git
2023-05-07 22:55:45.353 [info] > git rev-parse --show-toplevel [3ms]
2023-05-07 22:55:45.353 [info] fatal: not a git repository (or any of the parent directories): .git
2023-05-07 22:55:59.636 [info] > git rev-parse --show-toplevel [1ms]
2023-05-07 22:55:59.636 [info] fatal: not a git repository (or any of the parent directories): .git
2023-05-07 22:56:37.097 [info] > git rev-parse --show-toplevel [1ms]
2023-05-07 22:56:37.097 [info] fatal: not a git repository (or any of the parent directories): .git
2023-05-07 22:57:04.508 [info] > git rev-parse --show-toplevel [3ms]
2023-05-07 22:57:04.508 [info] fatal: not a git repository (or any of the parent directories): .git
2023-05-07 22:57:50.390 [info] > git rev-parse --show-toplevel [1ms]
2023-05-07 22:57:50.390 [info] fatal: not a git repository (or any of the parent directories): .git
2023-05-07 22:58:30.971 [info] > git rev-parse --show-toplevel [1ms]
2023-05-07 22:58:30.971 [info] fatal: not a git repository (or any of the parent directories): .git
2023-05-07 22:58:42.711 [info] > git rev-parse --show-toplevel [1ms]
2023-05-07 22:58:42.711 [info] fatal: not a git repository (or any of the parent directories): .git
2023-05-07 22:59:38.604 [info] > git rev-parse --show-toplevel [1ms]
2023-05-07 22:59:38.604 [info] fatal: not a git repository (or any of the parent directories): .git
2023-05-07 23:00:21.143 [info] > git rev-parse --show-toplevel [1ms]
2023-05-07 23:00:21.143 [info] fatal: not a git repository (or any of the parent directories): .git
2023-05-07 23:01:06.924 [info] > git rev-parse --show-toplevel [1ms]
2023-05-07 23:01:06.924 [info] fatal: not a git repository (or any of the parent directories): .git
2023-05-07 23:01:30.523 [info] > git rev-parse --show-toplevel [1ms]
2023-05-07 23:01:30.523 [info] fatal: not a git repository (or any of the parent directories): .git
