2023-05-07 22:12:07.982 [info] Test server listening.
2023-05-07 22:12:07.982 [info] > conda info --json
2023-05-07 22:12:07.982 [info] Python interpreter path: /bin/python
2023-05-07 22:12:07.990 [info] Found: /bin/python --> /bin/python3.10
2023-05-07 22:12:07.994 [info] Found: /bin/python3 --> /bin/python3.10
2023-05-07 22:12:07.994 [info] Found: /bin/python3.10 --> /bin/python3.10
2023-05-07 22:12:08.049 [info] Found: /sbin/python --> /sbin/python3.10
2023-05-07 22:12:08.071 [info] Found: /sbin/python3 --> /sbin/python3.10
2023-05-07 22:12:08.071 [info] Found: /sbin/python3.10 --> /sbin/python3.10
2023-05-07 22:12:08.082 [info] Found: /usr/bin/python --> /usr/bin/python3.10
2023-05-07 22:12:08.083 [info] Found: /usr/bin/python3 --> /usr/bin/python3.10
2023-05-07 22:12:08.083 [info] Found: /usr/bin/python3.10 --> /usr/bin/python3.10
2023-05-07 22:12:08.196 [info] Found: /usr/sbin/python --> /usr/sbin/python3.10
2023-05-07 22:12:08.223 [info] Found: /usr/sbin/python3 --> /usr/sbin/python3.10
2023-05-07 22:12:08.224 [info] Found: /usr/sbin/python3.10 --> /usr/sbin/python3.10
2023-05-07 22:12:08.258 [info] > /bin/python -I ~/.vscode-oss/extensions/ms-python.python-2023.8.0-universal/pythonFiles/get_output_via_markers.py ~/.vscode-oss/extensions/ms-python.python-2023.8.0-universal/pythonFiles/interpreterInfo.py
2023-05-07 22:12:08.309 [info] > /sbin/python -I ~/.vscode-oss/extensions/ms-python.python-2023.8.0-universal/pythonFiles/get_output_via_markers.py ~/.vscode-oss/extensions/ms-python.python-2023.8.0-universal/pythonFiles/interpreterInfo.py
2023-05-07 22:12:08.384 [info] > /usr/bin/python -I ~/.vscode-oss/extensions/ms-python.python-2023.8.0-universal/pythonFiles/get_output_via_markers.py ~/.vscode-oss/extensions/ms-python.python-2023.8.0-universal/pythonFiles/interpreterInfo.py
2023-05-07 22:12:08.409 [info] > /usr/sbin/python -I ~/.vscode-oss/extensions/ms-python.python-2023.8.0-universal/pythonFiles/get_output_via_markers.py ~/.vscode-oss/extensions/ms-python.python-2023.8.0-universal/pythonFiles/interpreterInfo.py
2023-05-07 22:12:09.716 [info] Starting Jedi language server for lab.
