2024-03-23 20:51:46.312 [error] [uncaught exception in sharedProcess]: Event not found: onDidChange: CodeExpectedError: Event not found: onDidChange
    at Object.listen (/usr/lib/code/out/vs/code/node/sharedProcess/sharedProcessMain.js:45:4960)
    at E.t (/usr/lib/code/out/vs/code/node/sharedProcess/sharedProcessMain.js:44:251)
    at E.q (/usr/lib/code/out/vs/code/node/sharedProcess/sharedProcessMain.js:43:4371)
    at y.value (/usr/lib/code/out/vs/code/node/sharedProcess/sharedProcessMain.js:43:3602)
    at d.y (/usr/lib/code/out/vs/code/node/sharedProcess/sharedProcessMain.js:38:1902)
    at d.z (/usr/lib/code/out/vs/code/node/sharedProcess/sharedProcessMain.js:38:1972)
    at d.fire (/usr/lib/code/out/vs/code/node/sharedProcess/sharedProcessMain.js:38:2188)
    at MessagePortMain.fe (/usr/lib/code/out/vs/code/node/sharedProcess/sharedProcessMain.js:36:30382)
    at MessagePortMain.emit (node:events:514:28)
    at Object.emit (node:electron/js2c/utility_init:2:2285)
2024-03-23 20:51:46.431 [info] Deleted uninstalled extension from disk llvm-vs-code-extensions.vscode-clangd /home/_wajs_err_/.vscode/extensions/llvm-vs-code-extensions.vscode-clangd-0.1.25-universal
2024-03-23 20:51:49.584 [info] Getting Manifest... llvm-vs-code-extensions.vscode-clangd
2024-03-23 20:51:49.596 [info] Getting Manifest... ms-python.python
2024-03-23 20:51:50.565 [info] Installing extension: llvm-vs-code-extensions.vscode-clangd
2024-03-23 20:51:50.611 [info] Installing extension: ms-python.python
2024-03-23 20:51:50.908 [info] Getting Manifest... ms-python.debugpy
2024-03-23 20:51:51.322 [info] Installing extension: ms-python.debugpy
2024-03-23 20:51:51.721 [error] Could not load vsce-sign module Cannot find module '@vscode/vsce-sign'
Require stack:
- /usr/lib/code/out/bootstrap-amd.js
- /usr/lib/code/out/bootstrap-fork.js
- 
2024-03-23 20:51:51.733 [info] Extension signature verification is not done: llvm-vs-code-extensions.vscode-clangd
2024-03-23 20:51:51.774 [info] Extracted extension to file:///home/_wajs_err_/.vscode/extensions/llvm-vs-code-extensions.vscode-clangd-0.1.28-universal: llvm-vs-code-extensions.vscode-clangd
2024-03-23 20:51:51.782 [info] Renamed to /home/_wajs_err_/.vscode/extensions/llvm-vs-code-extensions.vscode-clangd-0.1.28-universal
2024-03-23 20:51:51.783 [info] Extracting extension completed. llvm-vs-code-extensions.vscode-clangd
2024-03-23 20:51:51.807 [info] Extension installed successfully: llvm-vs-code-extensions.vscode-clangd
2024-03-23 20:51:51.816 [info] Marked extension as uninstalled llvm-vs-code-extensions.vscode-clangd-0.1.26-universal
2024-03-23 20:51:51.867 [error] [uncaught exception in sharedProcess]: Error: ENOENT: no such file or directory, stat '/home/_wajs_err_/.vscode/extensions/extensions.json.vsctmp': EntryNotFound (FileSystemError): Error: ENOENT: no such file or directory, stat '/home/_wajs_err_/.vscode/extensions/extensions.json.vsctmp'
    at r.create (/usr/lib/code/out/vs/code/node/sharedProcess/sharedProcessMain.js:51:30083)
    at a (/usr/lib/code/out/vs/code/node/sharedProcess/sharedProcessMain.js:51:30198)
    at i.fb (/usr/lib/code/out/vs/code/node/sharedProcess/sharedProcessMain.js:56:36634)
    at i.stat (/usr/lib/code/out/vs/code/node/sharedProcess/sharedProcessMain.js:56:29080)
    at async v.stat (/usr/lib/code/out/vs/code/node/sharedProcess/sharedProcessMain.js:56:16226)
    at async X.sb (/usr/lib/code/out/vs/code/node/sharedProcess/sharedProcessMain.js:102:107729)
2024-03-23 20:51:55.641 [error] Could not load vsce-sign module Cannot find module '@vscode/vsce-sign'
Require stack:
- /usr/lib/code/out/bootstrap-amd.js
- /usr/lib/code/out/bootstrap-fork.js
- 
2024-03-23 20:51:55.642 [info] Extension signature verification is not done: ms-python.debugpy
2024-03-23 20:51:56.158 [info] Extracted extension to file:///home/_wajs_err_/.vscode/extensions/ms-python.debugpy-2024.2.0-linux-x64: ms-python.debugpy
2024-03-23 20:51:56.171 [info] Renamed to /home/_wajs_err_/.vscode/extensions/ms-python.debugpy-2024.2.0-linux-x64
2024-03-23 20:51:56.173 [info] Extracting extension completed. ms-python.debugpy
2024-03-23 20:51:56.275 [error] [uncaught exception in sharedProcess]: Error: ENOENT: no such file or directory, stat '/home/_wajs_err_/.vscode/extensions/extensions.json.vsctmp': EntryNotFound (FileSystemError): Error: ENOENT: no such file or directory, stat '/home/_wajs_err_/.vscode/extensions/extensions.json.vsctmp'
    at r.create (/usr/lib/code/out/vs/code/node/sharedProcess/sharedProcessMain.js:51:30083)
    at a (/usr/lib/code/out/vs/code/node/sharedProcess/sharedProcessMain.js:51:30198)
    at i.fb (/usr/lib/code/out/vs/code/node/sharedProcess/sharedProcessMain.js:56:36634)
    at i.stat (/usr/lib/code/out/vs/code/node/sharedProcess/sharedProcessMain.js:56:29080)
    at async v.stat (/usr/lib/code/out/vs/code/node/sharedProcess/sharedProcessMain.js:56:16226)
    at async X.sb (/usr/lib/code/out/vs/code/node/sharedProcess/sharedProcessMain.js:102:107729)
2024-03-23 20:53:32.797 [error] Could not load vsce-sign module Cannot find module '@vscode/vsce-sign'
Require stack:
- /usr/lib/code/out/bootstrap-amd.js
- /usr/lib/code/out/bootstrap-fork.js
- 
2024-03-23 20:53:32.801 [info] Extension signature verification is not done: ms-python.python
2024-03-23 20:53:34.536 [info] Extracted extension to file:///home/_wajs_err_/.vscode/extensions/ms-python.python-2024.2.1-universal: ms-python.python
2024-03-23 20:53:34.545 [info] Renamed to /home/_wajs_err_/.vscode/extensions/ms-python.python-2024.2.1-universal
2024-03-23 20:53:34.548 [info] Extracting extension completed. ms-python.python
2024-03-23 20:53:34.559 [info] Extension installed successfully: ms-python.debugpy
2024-03-23 20:53:34.559 [info] Extension installed successfully: ms-python.python
2024-03-23 20:53:34.566 [info] Marked extension as uninstalled ms-python.python-2023.20.0-universal
2024-03-23 20:53:34.633 [error] [uncaught exception in sharedProcess]: Error: ENOENT: no such file or directory, stat '/home/_wajs_err_/.vscode/extensions/extensions.json.vsctmp': EntryNotFound (FileSystemError): Error: ENOENT: no such file or directory, stat '/home/_wajs_err_/.vscode/extensions/extensions.json.vsctmp'
    at r.create (/usr/lib/code/out/vs/code/node/sharedProcess/sharedProcessMain.js:51:30083)
    at a (/usr/lib/code/out/vs/code/node/sharedProcess/sharedProcessMain.js:51:30198)
    at i.fb (/usr/lib/code/out/vs/code/node/sharedProcess/sharedProcessMain.js:56:36634)
    at i.stat (/usr/lib/code/out/vs/code/node/sharedProcess/sharedProcessMain.js:56:29080)
    at async v.stat (/usr/lib/code/out/vs/code/node/sharedProcess/sharedProcessMain.js:56:16226)
    at async X.sb (/usr/lib/code/out/vs/code/node/sharedProcess/sharedProcessMain.js:102:107729)
