2024-03-24 17:45:46.540 [error] Not allowed to refresh environments in an untrusted workspace
2024-03-24 17:45:46.547 [info] Test server listening.
2024-03-24 17:45:46.570 [info] Only Pylance is supported in untrusted workspaces, setting language server to None.
2024-03-24 17:45:46.570 [info] Starting Jedi language server for default.
2024-03-24 17:45:52.129 [info] > conda info --json
2024-03-24 17:45:52.171 [info] Test server listening.
2024-03-24 17:45:52.173 [info] Python interpreter path: /bin/python
2024-03-24 17:45:52.174 [info] Found: /bin/python --> /bin/python3.11
2024-03-24 17:45:52.177 [info] Found: /bin/python3 --> /bin/python3.11
2024-03-24 17:45:52.182 [info] Found: /bin/python3.11 --> /bin/python3.11
2024-03-24 17:45:52.225 [info] Found: /sbin/python --> /sbin/python3.11
2024-03-24 17:45:52.225 [info] Found: /sbin/python3 --> /sbin/python3.11
2024-03-24 17:45:52.225 [info] Found: /sbin/python3.11 --> /sbin/python3.11
2024-03-24 17:45:52.244 [warning] Retry failed, storage update failed for key PYTHON_WORKSPACE_STORAGE_KEYS
2024-03-24 17:45:52.248 [info] Found: /usr/bin/python --> /usr/bin/python3.11
2024-03-24 17:45:52.253 [info] Found: /usr/bin/python3 --> /usr/bin/python3.11
2024-03-24 17:45:52.267 [info] > /usr/bin/python -I ~/.vscode/extensions/ms-python.python-2024.2.1-universal/pythonFiles/get_output_via_markers.py ~/.vscode/extensions/ms-python.python-2024.2.1-universal/pythonFiles/interpreterInfo.py
2024-03-24 17:45:52.278 [info] > /sbin/python -I ~/.vscode/extensions/ms-python.python-2024.2.1-universal/pythonFiles/get_output_via_markers.py ~/.vscode/extensions/ms-python.python-2024.2.1-universal/pythonFiles/interpreterInfo.py
2024-03-24 17:45:52.278 [info] Found: /usr/bin/python3.11 --> /usr/bin/python3.11
2024-03-24 17:45:52.328 [info] > /usr/sbin/python -I ~/.vscode/extensions/ms-python.python-2024.2.1-universal/pythonFiles/get_output_via_markers.py ~/.vscode/extensions/ms-python.python-2024.2.1-universal/pythonFiles/interpreterInfo.py
2024-03-24 17:45:52.399 [info] Found: /usr/sbin/python --> /usr/sbin/python3.11
2024-03-24 17:45:52.400 [info] Found: /usr/sbin/python3 --> /usr/sbin/python3.11
2024-03-24 17:45:52.400 [info] Found: /usr/sbin/python3.11 --> /usr/sbin/python3.11
2024-03-24 17:45:52.418 [info] > /bin/python -I ~/.vscode/extensions/ms-python.python-2024.2.1-universal/pythonFiles/get_output_via_markers.py ~/.vscode/extensions/ms-python.python-2024.2.1-universal/pythonFiles/interpreterInfo.py
2024-03-24 17:45:53.042 [info] Starting Jedi language server for default.
