Code - OSS (1.78.0, undefined, desktop)
Jupyter Extension Version: 2023.4.1001091014.
Python Extension Version: 2023.8.0.
Platform: linux (x64).
Workspace folder ~/study/python/lab, Home = /home/_wajs_err_
22:11:27.295 [info] ZMQ loaded without the fallback mechanism.
22:11:27.607 [error] Failure during activation. [Error: Extension 'ms-toolsai.jupyter' CANNOT use API proposal: notebookCellExecutionState.
Its package.json#enabledApiProposals-property declares:  but NOT notebookCellExecutionState.
 The missing proposal MUST be added and you must start in extension development mode or use the following command line switch: --enable-proposed-api ms-toolsai.jupyter
	at T (/usr/lib/code/out/vs/workbench/api/node/extensionHostProcess.js:94:44801)
	at ga.onDidChangeNotebookCellExecutionState (/usr/lib/code/out/vs/workbench/api/node/extensionHostProcess.js:116:45809)
	at new rC (~/.vscode-oss/extensions/ms-toolsai.jupyter-2023.4.1001091014-universal/out/extension.node.js:24:469102)
	at f (~/.vscode-oss/extensions/ms-toolsai.jupyter-2023.4.1001091014-universal/out/extension.node.js:2:544291)
	at ~/.vscode-oss/extensions/ms-toolsai.jupyter-2023.4.1001091014-universal/out/extension.node.js:2:546181
	at t.resolveInstance (~/.vscode-oss/extensions/ms-toolsai.jupyter-2023.4.1001091014-universal/out/extension.node.js:2:546208)
	at ~/.vscode-oss/extensions/ms-toolsai.jupyter-2023.4.1001091014-universal/out/extension.node.js:2:549240
	at ~/.vscode-oss/extensions/ms-toolsai.jupyter-2023.4.1001091014-universal/out/extension.node.js:2:549577
	at ~/.vscode-oss/extensions/ms-toolsai.jupyter-2023.4.1001091014-universal/out/extension.node.js:2:548900
	at v (~/.vscode-oss/extensions/ms-toolsai.jupyter-2023.4.1001091014-universal/out/extension.node.js:2:548932)
	at ~/.vscode-oss/extensions/ms-toolsai.jupyter-2023.4.1001091014-universal/out/extension.node.js:2:548794
	at ~/.vscode-oss/extensions/ms-toolsai.jupyter-2023.4.1001091014-universal/out/extension.node.js:2:548728
	at Array.map (<anonymous>)
	at ~/.vscode-oss/extensions/ms-toolsai.jupyter-2023.4.1001091014-universal/out/extension.node.js:2:548700
	at ~/.vscode-oss/extensions/ms-toolsai.jupyter-2023.4.1001091014-universal/out/extension.node.js:2:545539
	at Array.reduce (<anonymous>)
	at ~/.vscode-oss/extensions/ms-toolsai.jupyter-2023.4.1001091014-universal/out/extension.node.js:2:545511
	at ~/.vscode-oss/extensions/ms-toolsai.jupyter-2023.4.1001091014-universal/out/extension.node.js:2:545838
	at t.resolveInstance (~/.vscode-oss/extensions/ms-toolsai.jupyter-2023.4.1001091014-universal/out/extension.node.js:2:546208)
	at ~/.vscode-oss/extensions/ms-toolsai.jupyter-2023.4.1001091014-universal/out/extension.node.js:2:549240
	at ~/.vscode-oss/extensions/ms-toolsai.jupyter-2023.4.1001091014-universal/out/extension.node.js:2:549577
	at ~/.vscode-oss/extensions/ms-toolsai.jupyter-2023.4.1001091014-universal/out/extension.node.js:2:548900
	at v (~/.vscode-oss/extensions/ms-toolsai.jupyter-2023.4.1001091014-universal/out/extension.node.js:2:548932)
	at ~/.vscode-oss/extensions/ms-toolsai.jupyter-2023.4.1001091014-universal/out/extension.node.js:2:548794
	at t.resolve (~/.vscode-oss/extensions/ms-toolsai.jupyter-2023.4.1001091014-universal/out/extension.node.js:2:550764)
	at ~/.vscode-oss/extensions/ms-toolsai.jupyter-2023.4.1001091014-universal/out/extension.node.js:2:519737
	at e._get (~/.vscode-oss/extensions/ms-toolsai.jupyter-2023.4.1001091014-universal/out/extension.node.js:2:519106)
	at e._getButThrowIfAsync (~/.vscode-oss/extensions/ms-toolsai.jupyter-2023.4.1001091014-universal/out/extension.node.js:2:519166)
	at e.get (~/.vscode-oss/extensions/ms-toolsai.jupyter-2023.4.1001091014-universal/out/extension.node.js:2:514861)
	at Gy.get (~/.vscode-oss/extensions/ms-toolsai.jupyter-2023.4.1001091014-universal/out/extension.node.js:24:224551)
	at ~/.vscode-oss/extensions/ms-toolsai.jupyter-2023.4.1001091014-universal/out/extension.node.js:24:589031]
22:11:27.620 [error] sendStartupTelemetry() failed. [Error: Extension 'ms-toolsai.jupyter' CANNOT use API proposal: notebookCellExecutionState.
Its package.json#enabledApiProposals-property declares:  but NOT notebookCellExecutionState.
 The missing proposal MUST be added and you must start in extension development mode or use the following command line switch: --enable-proposed-api ms-toolsai.jupyter
	at T (/usr/lib/code/out/vs/workbench/api/node/extensionHostProcess.js:94:44801)
	at ga.onDidChangeNotebookCellExecutionState (/usr/lib/code/out/vs/workbench/api/node/extensionHostProcess.js:116:45809)
	at new rC (~/.vscode-oss/extensions/ms-toolsai.jupyter-2023.4.1001091014-universal/out/extension.node.js:24:469102)
	at f (~/.vscode-oss/extensions/ms-toolsai.jupyter-2023.4.1001091014-universal/out/extension.node.js:2:544291)
	at ~/.vscode-oss/extensions/ms-toolsai.jupyter-2023.4.1001091014-universal/out/extension.node.js:2:546181
	at t.resolveInstance (~/.vscode-oss/extensions/ms-toolsai.jupyter-2023.4.1001091014-universal/out/extension.node.js:2:546208)
	at ~/.vscode-oss/extensions/ms-toolsai.jupyter-2023.4.1001091014-universal/out/extension.node.js:2:549240
	at ~/.vscode-oss/extensions/ms-toolsai.jupyter-2023.4.1001091014-universal/out/extension.node.js:2:549577
	at ~/.vscode-oss/extensions/ms-toolsai.jupyter-2023.4.1001091014-universal/out/extension.node.js:2:548900
	at v (~/.vscode-oss/extensions/ms-toolsai.jupyter-2023.4.1001091014-universal/out/extension.node.js:2:548932)
	at ~/.vscode-oss/extensions/ms-toolsai.jupyter-2023.4.1001091014-universal/out/extension.node.js:2:548794
	at ~/.vscode-oss/extensions/ms-toolsai.jupyter-2023.4.1001091014-universal/out/extension.node.js:2:548728
	at Array.map (<anonymous>)
	at ~/.vscode-oss/extensions/ms-toolsai.jupyter-2023.4.1001091014-universal/out/extension.node.js:2:548700
	at ~/.vscode-oss/extensions/ms-toolsai.jupyter-2023.4.1001091014-universal/out/extension.node.js:2:545539
	at Array.reduce (<anonymous>)
	at ~/.vscode-oss/extensions/ms-toolsai.jupyter-2023.4.1001091014-universal/out/extension.node.js:2:545511
	at ~/.vscode-oss/extensions/ms-toolsai.jupyter-2023.4.1001091014-universal/out/extension.node.js:2:545838
	at t.resolveInstance (~/.vscode-oss/extensions/ms-toolsai.jupyter-2023.4.1001091014-universal/out/extension.node.js:2:546208)
	at ~/.vscode-oss/extensions/ms-toolsai.jupyter-2023.4.1001091014-universal/out/extension.node.js:2:549240
	at ~/.vscode-oss/extensions/ms-toolsai.jupyter-2023.4.1001091014-universal/out/extension.node.js:2:549577
	at ~/.vscode-oss/extensions/ms-toolsai.jupyter-2023.4.1001091014-universal/out/extension.node.js:2:548900
	at v (~/.vscode-oss/extensions/ms-toolsai.jupyter-2023.4.1001091014-universal/out/extension.node.js:2:548932)
	at ~/.vscode-oss/extensions/ms-toolsai.jupyter-2023.4.1001091014-universal/out/extension.node.js:2:548794
	at t.resolve (~/.vscode-oss/extensions/ms-toolsai.jupyter-2023.4.1001091014-universal/out/extension.node.js:2:550764)
	at ~/.vscode-oss/extensions/ms-toolsai.jupyter-2023.4.1001091014-universal/out/extension.node.js:2:519737
	at e._get (~/.vscode-oss/extensions/ms-toolsai.jupyter-2023.4.1001091014-universal/out/extension.node.js:2:519106)
	at e._getButThrowIfAsync (~/.vscode-oss/extensions/ms-toolsai.jupyter-2023.4.1001091014-universal/out/extension.node.js:2:519166)
	at e.get (~/.vscode-oss/extensions/ms-toolsai.jupyter-2023.4.1001091014-universal/out/extension.node.js:2:514861)
	at Gy.get (~/.vscode-oss/extensions/ms-toolsai.jupyter-2023.4.1001091014-universal/out/extension.node.js:24:224551)
	at ~/.vscode-oss/extensions/ms-toolsai.jupyter-2023.4.1001091014-universal/out/extension.node.js:24:589031]
22:11:27.621 [error] extension activation failed [Error: Extension 'ms-toolsai.jupyter' CANNOT use API proposal: notebookCellExecutionState.
Its package.json#enabledApiProposals-property declares:  but NOT notebookCellExecutionState.
 The missing proposal MUST be added and you must start in extension development mode or use the following command line switch: --enable-proposed-api ms-toolsai.jupyter
	at T (/usr/lib/code/out/vs/workbench/api/node/extensionHostProcess.js:94:44801)
	at ga.onDidChangeNotebookCellExecutionState (/usr/lib/code/out/vs/workbench/api/node/extensionHostProcess.js:116:45809)
	at new rC (~/.vscode-oss/extensions/ms-toolsai.jupyter-2023.4.1001091014-universal/out/extension.node.js:24:469102)
	at f (~/.vscode-oss/extensions/ms-toolsai.jupyter-2023.4.1001091014-universal/out/extension.node.js:2:544291)
	at ~/.vscode-oss/extensions/ms-toolsai.jupyter-2023.4.1001091014-universal/out/extension.node.js:2:546181
	at t.resolveInstance (~/.vscode-oss/extensions/ms-toolsai.jupyter-2023.4.1001091014-universal/out/extension.node.js:2:546208)
	at ~/.vscode-oss/extensions/ms-toolsai.jupyter-2023.4.1001091014-universal/out/extension.node.js:2:549240
	at ~/.vscode-oss/extensions/ms-toolsai.jupyter-2023.4.1001091014-universal/out/extension.node.js:2:549577
	at ~/.vscode-oss/extensions/ms-toolsai.jupyter-2023.4.1001091014-universal/out/extension.node.js:2:548900
	at v (~/.vscode-oss/extensions/ms-toolsai.jupyter-2023.4.1001091014-universal/out/extension.node.js:2:548932)
	at ~/.vscode-oss/extensions/ms-toolsai.jupyter-2023.4.1001091014-universal/out/extension.node.js:2:548794
	at ~/.vscode-oss/extensions/ms-toolsai.jupyter-2023.4.1001091014-universal/out/extension.node.js:2:548728
	at Array.map (<anonymous>)
	at ~/.vscode-oss/extensions/ms-toolsai.jupyter-2023.4.1001091014-universal/out/extension.node.js:2:548700
	at ~/.vscode-oss/extensions/ms-toolsai.jupyter-2023.4.1001091014-universal/out/extension.node.js:2:545539
	at Array.reduce (<anonymous>)
	at ~/.vscode-oss/extensions/ms-toolsai.jupyter-2023.4.1001091014-universal/out/extension.node.js:2:545511
	at ~/.vscode-oss/extensions/ms-toolsai.jupyter-2023.4.1001091014-universal/out/extension.node.js:2:545838
	at t.resolveInstance (~/.vscode-oss/extensions/ms-toolsai.jupyter-2023.4.1001091014-universal/out/extension.node.js:2:546208)
	at ~/.vscode-oss/extensions/ms-toolsai.jupyter-2023.4.1001091014-universal/out/extension.node.js:2:549240
	at ~/.vscode-oss/extensions/ms-toolsai.jupyter-2023.4.1001091014-universal/out/extension.node.js:2:549577
	at ~/.vscode-oss/extensions/ms-toolsai.jupyter-2023.4.1001091014-universal/out/extension.node.js:2:548900
	at v (~/.vscode-oss/extensions/ms-toolsai.jupyter-2023.4.1001091014-universal/out/extension.node.js:2:548932)
	at ~/.vscode-oss/extensions/ms-toolsai.jupyter-2023.4.1001091014-universal/out/extension.node.js:2:548794
	at t.resolve (~/.vscode-oss/extensions/ms-toolsai.jupyter-2023.4.1001091014-universal/out/extension.node.js:2:550764)
	at ~/.vscode-oss/extensions/ms-toolsai.jupyter-2023.4.1001091014-universal/out/extension.node.js:2:519737
	at e._get (~/.vscode-oss/extensions/ms-toolsai.jupyter-2023.4.1001091014-universal/out/extension.node.js:2:519106)
	at e._getButThrowIfAsync (~/.vscode-oss/extensions/ms-toolsai.jupyter-2023.4.1001091014-universal/out/extension.node.js:2:519166)
	at e.get (~/.vscode-oss/extensions/ms-toolsai.jupyter-2023.4.1001091014-universal/out/extension.node.js:2:514861)
	at Gy.get (~/.vscode-oss/extensions/ms-toolsai.jupyter-2023.4.1001091014-universal/out/extension.node.js:24:224551)
	at ~/.vscode-oss/extensions/ms-toolsai.jupyter-2023.4.1001091014-universal/out/extension.node.js:24:589031]
22:11:27.627 [error] Failed to active the Jupyter Extension [Error: Extension 'ms-toolsai.jupyter' CANNOT use API proposal: notebookCellExecutionState.
Its package.json#enabledApiProposals-property declares:  but NOT notebookCellExecutionState.
 The missing proposal MUST be added and you must start in extension development mode or use the following command line switch: --enable-proposed-api ms-toolsai.jupyter
	at T (/usr/lib/code/out/vs/workbench/api/node/extensionHostProcess.js:94:44801)
	at ga.onDidChangeNotebookCellExecutionState (/usr/lib/code/out/vs/workbench/api/node/extensionHostProcess.js:116:45809)
	at new rC (~/.vscode-oss/extensions/ms-toolsai.jupyter-2023.4.1001091014-universal/out/extension.node.js:24:469102)
	at f (~/.vscode-oss/extensions/ms-toolsai.jupyter-2023.4.1001091014-universal/out/extension.node.js:2:544291)
	at ~/.vscode-oss/extensions/ms-toolsai.jupyter-2023.4.1001091014-universal/out/extension.node.js:2:546181
	at t.resolveInstance (~/.vscode-oss/extensions/ms-toolsai.jupyter-2023.4.1001091014-universal/out/extension.node.js:2:546208)
	at ~/.vscode-oss/extensions/ms-toolsai.jupyter-2023.4.1001091014-universal/out/extension.node.js:2:549240
	at ~/.vscode-oss/extensions/ms-toolsai.jupyter-2023.4.1001091014-universal/out/extension.node.js:2:549577
	at ~/.vscode-oss/extensions/ms-toolsai.jupyter-2023.4.1001091014-universal/out/extension.node.js:2:548900
	at v (~/.vscode-oss/extensions/ms-toolsai.jupyter-2023.4.1001091014-universal/out/extension.node.js:2:548932)
	at ~/.vscode-oss/extensions/ms-toolsai.jupyter-2023.4.1001091014-universal/out/extension.node.js:2:548794
	at ~/.vscode-oss/extensions/ms-toolsai.jupyter-2023.4.1001091014-universal/out/extension.node.js:2:548728
	at Array.map (<anonymous>)
	at ~/.vscode-oss/extensions/ms-toolsai.jupyter-2023.4.1001091014-universal/out/extension.node.js:2:548700
	at ~/.vscode-oss/extensions/ms-toolsai.jupyter-2023.4.1001091014-universal/out/extension.node.js:2:545539
	at Array.reduce (<anonymous>)
	at ~/.vscode-oss/extensions/ms-toolsai.jupyter-2023.4.1001091014-universal/out/extension.node.js:2:545511
	at ~/.vscode-oss/extensions/ms-toolsai.jupyter-2023.4.1001091014-universal/out/extension.node.js:2:545838
	at t.resolveInstance (~/.vscode-oss/extensions/ms-toolsai.jupyter-2023.4.1001091014-universal/out/extension.node.js:2:546208)
	at ~/.vscode-oss/extensions/ms-toolsai.jupyter-2023.4.1001091014-universal/out/extension.node.js:2:549240
	at ~/.vscode-oss/extensions/ms-toolsai.jupyter-2023.4.1001091014-universal/out/extension.node.js:2:549577
	at ~/.vscode-oss/extensions/ms-toolsai.jupyter-2023.4.1001091014-universal/out/extension.node.js:2:548900
	at v (~/.vscode-oss/extensions/ms-toolsai.jupyter-2023.4.1001091014-universal/out/extension.node.js:2:548932)
	at ~/.vscode-oss/extensions/ms-toolsai.jupyter-2023.4.1001091014-universal/out/extension.node.js:2:548794
	at t.resolve (~/.vscode-oss/extensions/ms-toolsai.jupyter-2023.4.1001091014-universal/out/extension.node.js:2:550764)
	at ~/.vscode-oss/extensions/ms-toolsai.jupyter-2023.4.1001091014-universal/out/extension.node.js:2:519737
	at e._get (~/.vscode-oss/extensions/ms-toolsai.jupyter-2023.4.1001091014-universal/out/extension.node.js:2:519106)
	at e._getButThrowIfAsync (~/.vscode-oss/extensions/ms-toolsai.jupyter-2023.4.1001091014-universal/out/extension.node.js:2:519166)
	at e.get (~/.vscode-oss/extensions/ms-toolsai.jupyter-2023.4.1001091014-universal/out/extension.node.js:2:514861)
	at Gy.get (~/.vscode-oss/extensions/ms-toolsai.jupyter-2023.4.1001091014-universal/out/extension.node.js:24:224551)
	at ~/.vscode-oss/extensions/ms-toolsai.jupyter-2023.4.1001091014-universal/out/extension.node.js:24:589031]
22:11:28.332 [debug] Full interpreter list after refreshing (total 431ms, resolve 15ms, refresh 416ms) is length: 4, /bin/python:undefined::/bin/python:/bin/python, /sbin/python:undefined::/sbin/python:/sbin/python, /usr/bin/python:undefined::/usr/bin/python:/usr/bin/python, /usr/sbin/python:undefined::/usr/sbin/python:/usr/sbin/python
22:11:28.338 [debug] refreshData after detecting changes to interpreters
22:11:28.339 [debug] Listing Python & non-Python kernels for Interpreter /bin/python
22:11:28.340 [debug] Get Custom Env Variables, Class name = wc (started execution), Arg 1: undefined, Arg 2: "RunPythonCode"
22:11:28.341 [debug] Finding Global Python KernelSpecs
22:11:28.345 [debug] Get Custom Env Variables, Class name = wc, completed in 6ms, has a truthy return value, Arg 1: undefined, Arg 2: "RunPythonCode"
22:11:28.345 [debug] Jupyter Paths /kernels: 
22:11:28.345 [debug] Kernel Spec Root Paths, /usr/share/jupyter/kernels, /usr/local/share/jupyter/kernels, ~/.local/share/jupyter/kernels
22:11:28.347 [debug] refreshData after detecting changes to interpreters
22:11:28.347 [debug] Listing Python & non-Python kernels for Interpreter /sbin/python
22:11:28.348 [debug] refreshData after detecting changes to interpreters
22:11:28.348 [debug] Listing Python & non-Python kernels for Interpreter /usr/bin/python
22:11:28.349 [debug] refreshData after detecting changes to interpreters
22:11:28.349 [debug] Listing Python & non-Python kernels for Interpreter /usr/sbin/python
22:11:28.349 [debug] refreshData after detecting changes to interpreters
22:11:28.350 [debug] Full interpreter list is length: 4, /bin/python::Unknown:/bin/python, /sbin/python::Unknown:/sbin/python, /usr/bin/python::Unknown:/usr/bin/python, /usr/sbin/python::Unknown:/usr/sbin/python
22:11:28.362 [debug] Kernel for interpreter /bin/python is .jvsc74a57bd0e7370f93d1d0cde622a1f8e1c04877d8463912d04d973331ad4851f04de6915a./bin/python./bin/python.-m#ipykernel_launcher
22:11:28.362 [debug] Kernels for interpreter /bin/python are .jvsc74a57bd0e7370f93d1d0cde622a1f8e1c04877d8463912d04d973331ad4851f04de6915a./bin/python./bin/python.-m#ipykernel_launcher
22:11:28.379 [debug] Kernel for interpreter /sbin/python is .jvsc74a57bd0d2152fd7f0bbc62aa1baff8c990435d1e2c7175d001561303988032604c11a48./sbin/python./sbin/python.-m#ipykernel_launcher
22:11:28.379 [debug] Kernels for interpreter /sbin/python are .jvsc74a57bd0d2152fd7f0bbc62aa1baff8c990435d1e2c7175d001561303988032604c11a48./sbin/python./sbin/python.-m#ipykernel_launcher
22:11:28.380 [debug] Kernel for interpreter /usr/bin/python is .jvsc74a57bd0767d51c1340bd893661ea55ea3124f6de3c7a262a8b4abca0554b478b1e2ff90./usr/bin/python./usr/bin/python.-m#ipykernel_launcher
22:11:28.380 [debug] Kernels for interpreter /usr/bin/python are .jvsc74a57bd0767d51c1340bd893661ea55ea3124f6de3c7a262a8b4abca0554b478b1e2ff90./usr/bin/python./usr/bin/python.-m#ipykernel_launcher
22:11:28.380 [debug] Kernel for interpreter /usr/sbin/python is .jvsc74a57bd04e1d9a8909477db77738c33245c29c7265277ef753467dede8cf3f814cde494e./usr/sbin/python./usr/sbin/python.-m#ipykernel_launcher
22:11:28.381 [debug] Kernels for interpreter /usr/sbin/python are .jvsc74a57bd04e1d9a8909477db77738c33245c29c7265277ef753467dede8cf3f814cde494e./usr/sbin/python./usr/sbin/python.-m#ipykernel_launcher
22:11:58.712 [info] Shutting down notebooks for e282d541-eccb-4b6c-8daa-6d0ec9053192
22:11:58.712 [info] Disposing HostJupyterExecution 5bfce048-1200-47c3-8fc6-9f42055c1c2b
22:11:58.712 [debug] Disposing super HostJupyterExecution 5bfce048-1200-47c3-8fc6-9f42055c1c2b
22:11:58.712 [info] Disposing HostJupyterExecution 5bfce048-1200-47c3-8fc6-9f42055c1c2b
22:11:58.712 [debug] Finished disposing HostJupyterExecution  5bfce048-1200-47c3-8fc6-9f42055c1c2b
22:11:58.713 [debug] Cleaning up server cache 5bfce048-1200-47c3-8fc6-9f42055c1c2b
22:11:58.714 [debug] Finished disposing HostJupyterExecution  5bfce048-1200-47c3-8fc6-9f42055c1c2b
