Visual Studio Code (1.78.0, undefined, desktop)
Jupyter Extension Version: 2023.4.1001091014.
Python Extension Version: 2023.8.0.
Platform: linux (x64).
Workspace folder ~/study/python/lab, Home = /home/_wajs_err_
02:30:29.526 [info] ZMQ loaded without the fallback mechanism.
02:30:29.841 [debug] Get Custom Env Variables, Class name = wc (started execution), Arg 1: undefined, Arg 2: "RunPythonCode"
02:30:29.842 [info] Start refreshing Kernel Picker (1684452629842)
02:30:29.851 [info] Using Pylance
02:30:30.140 [debug] Get Custom Env Variables, Class name = wc, completed in 300ms, has a truthy return value, Arg 1: undefined, Arg 2: "RunPythonCode"
02:30:30.140 [debug] Jupyter Paths /kernels: 
02:30:30.142 [debug] Kernel Spec Root Paths, /usr/share/jupyter/kernels, /usr/local/share/jupyter/kernels, ~/.local/share/jupyter/kernels
02:30:30.149 [debug] Getting activated env variables, Class name = Is (started execution), Arg 1: "~/study/python/lab", Arg 2: <Uri:/bin/python>, Arg 3: undefined
02:30:30.149 [debug] Get Custom Env Variables, Class name = wc (started execution), Arg 1: "~/study/python/lab", Arg 2: "RunPythonCode"
02:30:30.152 [debug] Get Custom Env Variables, Class name = wc, completed in 3ms, has a truthy return value, Arg 1: "~/study/python/lab", Arg 2: "RunPythonCode"
02:30:30.168 [debug] Not Searching for kernels as path does not exist, /usr/local/share/jupyter/kernels
02:30:30.168 [debug] Not Searching for kernels as path does not exist, /usr/share/jupyter/kernels
02:30:30.230 [debug] Loading kernelspec from ~/.local/share/jupyter/kernels/python3/kernel.json for 
02:30:30.235 [debug] Conda file returned by Python Extension is conda
02:30:30.241 [warn] Failed to get activated env vars for /bin/python in 92ms
02:30:30.242 [debug] Create ProcessService, Class name = nc (started execution), Arg 1: undefined
02:30:30.242 [debug] Get Custom Env Variables, Class name = wc (started execution), Arg 1: undefined, Arg 2: "RunNonPythonCode", Arg 3: undefined
02:30:30.249 [debug] Get Custom Env Variables, Class name = wc, completed in 7ms, has a truthy return value, Arg 1: undefined, Arg 2: "RunNonPythonCode", Arg 3: undefined
02:30:30.249 [debug] Create ProcessService, Class name = nc, completed in 7ms, has a truthy return value, Arg 1: undefined
02:30:30.262 [info] Process Execution: /bin/python -c "import site;print("USER_BASE_VALUE");print(site.USER_BASE);print("USER_BASE_VALUE");"
02:30:30.337 [debug] USER_SITE for /bin/python is ~/.local/bin
02:30:30.337 [debug] Prepend PATH with user site path for /bin/python, user site ~/.local/bin
02:30:30.337 [debug] Prepend PATH with python bin for /bin/python, 
    PATH value is ~/.local/bin:/usr/local/sbin:/usr/local/bin:/usr/bin:/usr/bin/site_perl:/usr/bin/vendor_perl:/usr/bin/core_perl:/usr/local/sbin:/usr/local/bin:/usr/bin:/usr/bin/site_perl:/usr/bin/vendor_perl:/usr/bin/core_perl and 
    Path value is undefined
02:30:30.337 [debug] Activated Env Variables for /bin/python, 
    PATH value is /bin:~/.local/bin:/usr/local/sbin:/usr/local/bin:/usr/bin:/usr/bin/site_perl:/usr/bin/vendor_perl:/usr/bin/core_perl:/usr/local/sbin:/usr/local/bin:/usr/bin:/usr/bin/site_perl:/usr/bin/vendor_perl:/usr/bin/core_perl and 
    Path value is undefined
02:30:30.337 [debug] Got env vars with python /bin/python in 188ms with 46 variables
02:30:30.337 [debug] Getting activated env variables, Class name = Is, completed in 188ms, has a truthy return value, Arg 1: "~/study/python/lab", Arg 2: <Uri:/bin/python>, Arg 3: undefined
02:30:30.348 [info] Process Execution: /bin/python -m pip list
02:30:30.486 [debug] Full interpreter list after refreshing (total 374ms, resolve 27ms, refresh 347ms) is length: 4, /bin/python:undefined::/bin/python:/bin/python, /sbin/python:undefined::/sbin/python:/sbin/python, /usr/bin/python:undefined::/usr/bin/python:/usr/bin/python, /usr/sbin/python:undefined::/usr/sbin/python:/usr/sbin/python
02:30:30.497 [debug] Full interpreter list after refreshing (total 2ms, resolve 1ms, refresh 1ms) is length: 4, /bin/python:undefined::/bin/python:/bin/python, /sbin/python:undefined::/sbin/python:/sbin/python, /usr/bin/python:undefined::/usr/bin/python:/usr/bin/python, /usr/sbin/python:undefined::/usr/sbin/python:/usr/sbin/python
02:30:30.504 [debug] refreshData after detecting changes to interpreters
02:30:30.504 [debug] Listing Python & non-Python kernels for Interpreter /bin/python
02:30:30.504 [debug] Listing Python & non-Python kernels for Interpreter /sbin/python
02:30:30.505 [debug] Finding Global Python KernelSpecs
02:30:30.507 [debug] refreshData after detecting changes to interpreters
02:30:30.508 [debug] Listing Python & non-Python kernels for Interpreter /usr/bin/python
02:30:30.508 [debug] refreshData after detecting changes to interpreters
02:30:30.508 [debug] Listing Python & non-Python kernels for Interpreter /usr/sbin/python
02:30:30.509 [debug] refreshData after detecting changes to interpreters
02:30:30.511 [debug] refreshData after detecting changes to interpreters
02:30:30.511 [debug] Full interpreter list is length: 4, /bin/python::Unknown:/bin/python, /sbin/python::Unknown:/sbin/python, /usr/bin/python::Unknown:/usr/bin/python, /usr/sbin/python::Unknown:/usr/sbin/python
02:30:30.511 [debug] Refreshed Environments
02:30:30.517 [debug] Kernel for interpreter /bin/python is .jvsc74a57bd0e7370f93d1d0cde622a1f8e1c04877d8463912d04d973331ad4851f04de6915a./bin/python./bin/python.-m#ipykernel_launcher
02:30:30.517 [debug] Kernels for interpreter /bin/python are .jvsc74a57bd0e7370f93d1d0cde622a1f8e1c04877d8463912d04d973331ad4851f04de6915a./bin/python./bin/python.-m#ipykernel_launcher
02:30:30.520 [debug] Kernel for interpreter /sbin/python is .jvsc74a57bd0d2152fd7f0bbc62aa1baff8c990435d1e2c7175d001561303988032604c11a48./sbin/python./sbin/python.-m#ipykernel_launcher
02:30:30.520 [debug] Kernels for interpreter /sbin/python are .jvsc74a57bd0d2152fd7f0bbc62aa1baff8c990435d1e2c7175d001561303988032604c11a48./sbin/python./sbin/python.-m#ipykernel_launcher
02:30:30.522 [debug] Kernel for interpreter /usr/bin/python is .jvsc74a57bd0767d51c1340bd893661ea55ea3124f6de3c7a262a8b4abca0554b478b1e2ff90./usr/bin/python./usr/bin/python.-m#ipykernel_launcher
02:30:30.523 [debug] Kernels for interpreter /usr/bin/python are .jvsc74a57bd0767d51c1340bd893661ea55ea3124f6de3c7a262a8b4abca0554b478b1e2ff90./usr/bin/python./usr/bin/python.-m#ipykernel_launcher
02:30:30.525 [debug] Kernel for interpreter /usr/sbin/python is .jvsc74a57bd04e1d9a8909477db77738c33245c29c7265277ef753467dede8cf3f814cde494e./usr/sbin/python./usr/sbin/python.-m#ipykernel_launcher
02:30:30.525 [debug] Kernels for interpreter /usr/sbin/python are .jvsc74a57bd04e1d9a8909477db77738c33245c29c7265277ef753467dede8cf3f814cde494e./usr/sbin/python./usr/sbin/python.-m#ipykernel_launcher
02:30:31.512 [info] End refreshing Kernel Picker (1684452629842)
02:30:45.527 [debug] Updating cache with Python kernels startUsingPythonInterpreter:'.jvsc74a57bd0e7370f93d1d0cde622a1f8e1c04877d8463912d04d973331ad4851f04de6915a./bin/python./bin/python.-m#ipykernel_launcher (interpreter id = /bin/python)', startUsingPythonInterpreter:'.jvsc74a57bd0d2152fd7f0bbc62aa1baff8c990435d1e2c7175d001561303988032604c11a48./sbin/python./sbin/python.-m#ipykernel_launcher (interpreter id = /sbin/python)', startUsingPythonInterpreter:'.jvsc74a57bd0767d51c1340bd893661ea55ea3124f6de3c7a262a8b4abca0554b478b1e2ff90./usr/bin/python./usr/bin/python.-m#ipykernel_launcher (interpreter id = /usr/bin/python)', startUsingPythonInterpreter:'.jvsc74a57bd04e1d9a8909477db77738c33245c29c7265277ef753467dede8cf3f814cde494e./usr/sbin/python./usr/sbin/python.-m#ipykernel_launcher (interpreter id = /usr/sbin/python)', Added = startUsingPythonInterpreter:'.jvsc74a57bd04e1d9a8909477db77738c33245c29c7265277ef753467dede8cf3f814cde494e./usr/sbin/python./usr/sbin/python.-m#ipykernel_launcher (interpreter id = /usr/sbin/python)', Updated = , Removed = 
02:31:44.748 [debug] KernelProvider switched kernel to id = .jvsc74a57bd0e7370f93d1d0cde622a1f8e1c04877d8463912d04d973331ad4851f04de6915a./bin/python./bin/python.-m#ipykernel_launcher
02:31:44.748 [debug] start the kernel, options.disableUI=true for ~/study/python/lab/lab.ipynb
02:31:44.749 [debug] Initialize notebook communications for editor ~/study/python/lab/lab.ipynb
02:31:44.749 [debug] Resolving notebook UI Comms (resolve) for ~/study/python/lab/lab.ipynb
02:31:44.750 [debug] initialize CommonMessageCoordinator
02:31:44.753 [debug] Registering commtarget jupyter.widget
02:31:44.753 [debug] IPyWidgetMessageDispatcher.initialize
02:31:44.754 [debug] Attempting to determine version of IPyWidgets
02:31:44.754 [debug] Controller selection change completed
02:31:44.754 [debug] Waiting for IPyWidgets version
02:31:44.754 [debug] Waiting for IPyWidgets version promise
02:31:44.755 [info] Starting Kernel startUsingPythonInterpreter, .jvsc74a57bd0e7370f93d1d0cde622a1f8e1c04877d8463912d04d973331ad4851f04de6915a./bin/python./bin/python.-m#ipykernel_launcher  (Python Path: /bin/python, Unknown, 3.10.10) for '~/study/python/lab/lab.ipynb' (disableUI=true)
02:31:44.755 [debug] Creating raw notebook for resource '~/study/python/lab/lab.ipynb'
02:31:44.755 [debug] VSCodeNotebookController::handleExecution, Class name = Ty (started execution)
02:31:44.756 [debug] Execute Cell 77 ~/study/python/lab/lab.ipynb
02:31:44.757 [debug] start the kernel, options.disableUI=false for ~/study/python/lab/lab.ipynb
02:31:44.760 [debug] Kernel Launcher. launch, Class name = Kg (started execution), Arg 1: ".jvsc74a57bd0e7370f93d1d0cde622a1f8e1c04877d8463912d04d973331ad4851f04de6915a./bin/python./bin/python.-m#ipykernel_launcher", Arg 2: 60000, Arg 3: "~/study/python/lab/lab.ipynb", Arg 4: "~/study/python/lab", Arg 5: ""
02:31:44.760 [debug] Getting activated env variables, Class name = Is (started execution), Arg 1: "~/study/python/lab/lab.ipynb", Arg 2: <Uri:/bin/python>, Arg 3: undefined
02:31:44.760 [debug] Get Custom Env Variables, Class name = wc (started execution), Arg 1: "~/study/python/lab/lab.ipynb", Arg 2: "RunPythonCode"
02:31:44.766 [debug] Get Custom Env Variables, Class name = wc, completed in 6ms, has a truthy return value, Arg 1: "~/study/python/lab/lab.ipynb", Arg 2: "RunPythonCode"
02:31:44.771 [debug] Launching kernel in kernelProcess.ts, Class name = Ug (started execution), Arg 1: "~/study/python/lab", Arg 2: ""
02:31:44.815 [warn] Failed to get activated env vars for /bin/python in 55ms
02:31:44.816 [debug] Prepend PATH with user site path for /bin/python, user site ~/.local/bin
02:31:44.816 [debug] Prepend PATH with python bin for /bin/python, 
    PATH value is ~/.local/bin:/usr/local/sbin:/usr/local/bin:/usr/bin:/usr/bin/site_perl:/usr/bin/vendor_perl:/usr/bin/core_perl:/usr/local/sbin:/usr/local/bin:/usr/bin:/usr/bin/site_perl:/usr/bin/vendor_perl:/usr/bin/core_perl and 
    Path value is undefined
02:31:44.816 [debug] Activated Env Variables for /bin/python, 
    PATH value is /bin:~/.local/bin:/usr/local/sbin:/usr/local/bin:/usr/bin:/usr/bin/site_perl:/usr/bin/vendor_perl:/usr/bin/core_perl:/usr/local/sbin:/usr/local/bin:/usr/bin:/usr/bin/site_perl:/usr/bin/vendor_perl:/usr/bin/core_perl and 
    Path value is undefined
02:31:44.816 [debug] Got env vars with python /bin/python in 56ms with 46 variables
02:31:44.816 [debug] Getting activated env variables, Class name = Is, completed in 56ms, has a truthy return value, Arg 1: "~/study/python/lab/lab.ipynb", Arg 2: <Uri:/bin/python>, Arg 3: undefined
02:31:44.821 [info] Process Execution: /bin/python -c "import ipykernel; print(ipykernel.__version__); print("5dc3a68c-e34e-4080-9c3e-2a532b2ccb4d"); print(ipykernel.__file__)"
02:31:44.821 [debug] Kernel Env Variables for ~/.vscode-oss/extensions/ms-toolsai.jupyter-2023.4.1001091014-universal/temp/jupyter/kernels/pythonjvsc74a57bd0e7370f93d1d0cde622a1f8e1c04877d8463912d04d973331ad4851f04de6915a/kernel.json, PATH value is /bin:~/.local/bin:/usr/local/sbin:/usr/local/bin:/usr/bin:/usr/bin/site_perl:/usr/bin/vendor_perl:/usr/bin/core_perl:/usr/local/sbin:/usr/local/bin:/usr/bin:/usr/bin/site_perl:/usr/bin/vendor_perl:/usr/bin/core_perl
02:31:44.828 [info] Process Execution: /bin/python -m ipykernel_launcher --ip=127.0.0.1 --stdin=9003 --control=9001 --hb=9000 --Session.signature_scheme="hmac-sha256" --Session.key=b"8c8a0ceb-7869-4aa8-ac7a-1936e5e404f0" --shell=9002 --transport="tcp" --iopub=9004 --f=~/.local/share/jupyter/runtime/kernel-v2-687335r1qS81L6LOo.json
    > cwd: ~/study/python/lab
02:31:44.828 [debug] Launching kernel in kernelProcess.ts, Class name = Ug, completed in 57ms, has a truthy return value, Arg 1: "~/study/python/lab", Arg 2: ""
02:31:45.038 [info] ipykernel version & path 6.22.0, ~/.local/lib/python3.10/site-packages/ipykernel/__init__.py for /bin/python
02:31:45.507 [debug] KernelProcess error: ~/.local/lib/python3.10/site-packages/traitlets/traitlets.py:2548: FutureWarning: Supporting extra quotes around strings is deprecated in traitlets 5.0. You can use 'hmac-sha256' instead of '"hmac-sha256"' if you require traitlets >=5.
  warn(
~/.local/lib/python3.10/site-packages/traitlets/traitlets.py:2499: FutureWarning: Supporting extra quotes around Bytes is deprecated in traitlets 5.0. Use '8c8a0ceb-7869-4aa8-ac7a-1936e5e404f0' instead of 'b"8c8a0ceb-7869-4aa8-ac7a-1936e5e404f0"'.
  warn(

02:31:45.518 [debug] KernelProcess output: NOTE: When using the `ipython kernel` entry point, Ctrl-C will not work.

To exit, you will have to explicitly quit this process, by either sending
"quit" from a client, or using Ctrl-\ in UNIX-like environments.

To read more about this, see https://github.com/ipython/ipython/issues/2049


To connect another client to this kernel, use:
    --existing kernel-v2-687335r1qS81L6LOo.json

02:31:45.518 [debug] Kernel Output: To connect another client to this kernel, use: --existing kernel-v2-687335r1qS81L6LOo.json

02:31:45.642 [debug] Kernel Launcher. launch, Class name = Kg, completed in 883ms, has a truthy return value, Arg 1: ".jvsc74a57bd0e7370f93d1d0cde622a1f8e1c04877d8463912d04d973331ad4851f04de6915a./bin/python./bin/python.-m#ipykernel_launcher", Arg 2: 60000, Arg 3: "~/study/python/lab/lab.ipynb", Arg 4: "~/study/python/lab", Arg 5: ""
02:31:45.659 [info] ZMQ loaded without the fallback mechanism.
02:31:45.673 [debug] Waiting for Raw Session to be ready in postStartRawSession
02:31:45.674 [debug] Waiting for Raw session to be ready, currently connected
02:31:45.674 [debug] Raw session connected
02:31:45.674 [debug] Waiting for Raw session to be ready for 30s
02:31:45.675 [debug] Waited for Raw session to be ready & got connected
02:31:45.675 [debug] Successfully waited for Raw Session to be ready in postStartRawSession
02:31:45.676 [debug] Kernel status before requesting kernel info and after ready is unknown
02:31:45.676 [debug] Sending request for kernelinfo
02:31:45.687 [debug] Got response for requestKernelInfo
02:31:45.687 [debug] Successfully compelted postStartRawSession
02:31:45.687 [info] Started Kernel Python 3.10.10 (pid: 70053)
02:31:45.688 [info] Started new session 56c7f6a9-7b81-4b3e-aeb2-dd3b0a6da072
02:31:45.689 [debug] Started running kernel initialization for ~/study/python/lab/lab.ipynb
02:31:45.691 [debug] Executing silently Code (idle) = try:\nimport ipywidgets as _VSCODE_ipywidgets\nprint("e976ee50-99ed-4aba-9b6b-9dcd5634d07d:IPy
02:31:45.768 [debug] Executing silently Code (completed) = try:\nimport ipywidgets as _VSCODE_ipywidgets\nprint("e976ee50-99ed-4aba-9b6b-9dcd5634d07d:IPy with 1 output(s)
02:31:45.768 [debug] Determined IPyKernel Version as 8 and event fired
02:31:45.768 [debug] Version of IPyWidgets 8 determined after 1.014s
02:31:45.770 [debug] Executing silently Code (idle) = import os as _VSCODE_os\nimport sys as _VSCODE_sys\n%cd "/~/study/python/lab"\nif _VSCOD
02:31:45.782 [debug] Executing silently Code (completed) = import os as _VSCODE_os\nimport sys as _VSCODE_sys\n%cd "/~/study/python/lab"\nif _VSCOD with 1 output(s)
02:31:45.782 [debug] Requesting Kernel info
02:31:45.782 [debug] Got Kernel info
02:31:45.782 [debug] End running kernel initialization, now waiting for idle
02:31:45.782 [debug] Waiting for 60000ms idle on (kernel): 56c7f6a9-7b81-4b3e-aeb2-dd3b0a6da072 -> idle
02:31:45.782 [debug] Finished waiting for idle on (kernel): 56c7f6a9-7b81-4b3e-aeb2-dd3b0a6da072 -> idle
02:31:45.783 [debug] End running kernel initialization, session is idle
02:31:45.784 [debug] IPyWidgetScriptSource.initialize
02:31:45.784 [debug] IPyWidgetMessageDispatcher.initialize
02:31:45.785 [debug] getDataDirsImpl, Class name = nh (started execution), Arg 1: "~/study/python/lab/lab.ipynb", Arg 2: "/bin/python"
02:31:45.785 [debug] Get Custom Env Variables, Class name = wc (started execution), Arg 1: undefined, Arg 2: "RunPythonCode"
02:31:45.785 [debug] Get Custom Env Variables, Class name = wc, completed in 0ms, has a truthy return value, Arg 1: undefined, Arg 2: "RunPythonCode"
02:31:45.785 [debug] Jupyter Paths : 
02:31:45.792 [info] Process Execution: /bin/python ~/.vscode-oss/extensions/ms-toolsai.jupyter-2023.4.1001091014-universal/pythonFiles/printJupyterDataDir.py
02:31:45.794 [debug] Start cell 77 execution @ 1684452705793
02:31:45.811 [debug] getDataDirsImpl, Class name = nh, completed in 26ms, has a truthy return value, Arg 1: "~/study/python/lab/lab.ipynb", Arg 2: "/bin/python"
02:31:46.029 [debug] End cell 77 execution @ 1684452706028, started @ 1684452705793, elapsed time = 0.235s
02:31:46.029 [warn] Cancel all remaining cells due to cancellation or failure in execution
02:31:46.029 [debug] Cancel pending cells
02:31:46.029 [debug] Cell 77 executed with state Error
02:31:46.029 [debug] VSCodeNotebookController::handleExecution, Class name = Ty, completed in 1274ms, has a falsy return value
02:31:46.393 [debug] IPyWidgetMessageDispatcher.initialize
02:31:46.394 [debug] Web view is ready to receive widget messages
02:31:46.440 [debug] Widget Message: Received IPyWidgets_kernelOptions in ScriptManager
02:31:46.440 [debug] Widget Message: Received IPyWidgetMessages.IPyWidgets_kernelOptions
02:31:46.450 [debug] IPyWidgetMessageDispatcher.initialize
02:31:46.450 [debug] IPyWidgetMessageDispatcher.initialize
02:31:46.452 [debug] Widget Message: data-base-url set to https://file%2B.vscode-resource.vscode-cdn.net~/.vscode-oss/extensions/ms-toolsai.jupyter-2023.4.1001091014-universal/temp/scripts/5025d6a5c4df71f4502a853d7f80a37d8be0228745293b0e528bc4850f83a169/jupyter
02:31:46.453 [debug] Widget Message: Received IPyWidgets_kernelOptions in ScriptManager
02:31:46.454 [debug] Widget Message: Received IPyWidgetMessages.IPyWidgets_kernelOptions
02:31:46.454 [debug] Widget Message: data-base-url set to https://file%2B.vscode-resource.vscode-cdn.net~/.vscode-oss/extensions/ms-toolsai.jupyter-2023.4.1001091014-universal/temp/scripts/5025d6a5c4df71f4502a853d7f80a37d8be0228745293b0e528bc4850f83a169/jupyter
02:33:32.445 [debug] VSCodeNotebookController::handleExecution, Class name = Ty (started execution)
02:33:32.445 [debug] Execute Cell 11 ~/study/python/lab/lab.ipynb
02:33:32.446 [debug] start the kernel, options.disableUI=false for ~/study/python/lab/lab.ipynb
02:33:32.447 [debug] Start cell 11 execution @ 1684452812447
02:33:33.564 [debug] End cell 11 execution @ 1684452813564, started @ 1684452812447, elapsed time = 1.117s
02:33:33.564 [debug] Cell 11 executed with state Success
02:33:33.564 [debug] VSCodeNotebookController::handleExecution, Class name = Ty, completed in 1119ms, has a falsy return value
02:33:35.301 [debug] VSCodeNotebookController::handleExecution, Class name = Ty (started execution)
02:33:35.301 [debug] Execute Cell 13 ~/study/python/lab/lab.ipynb
02:33:35.301 [debug] start the kernel, options.disableUI=false for ~/study/python/lab/lab.ipynb
02:33:35.302 [debug] Start cell 13 execution @ 1684452815302
02:33:35.422 [debug] End cell 13 execution @ 1684452815422, started @ 1684452815302, elapsed time = 0.12s
02:33:35.422 [debug] Cell 13 executed with state Success
02:33:35.422 [debug] VSCodeNotebookController::handleExecution, Class name = Ty, completed in 121ms, has a falsy return value
02:33:37.524 [debug] VSCodeNotebookController::handleExecution, Class name = Ty (started execution)
02:33:37.525 [debug] Execute Cell 15 ~/study/python/lab/lab.ipynb
02:33:37.525 [debug] start the kernel, options.disableUI=false for ~/study/python/lab/lab.ipynb
02:33:37.526 [debug] Start cell 15 execution @ 1684452817526
02:33:37.587 [debug] End cell 15 execution @ 1684452817586, started @ 1684452817526, elapsed time = 0.06s
02:33:37.587 [debug] Cell 15 executed with state Success
02:33:37.587 [debug] VSCodeNotebookController::handleExecution, Class name = Ty, completed in 63ms, has a falsy return value
02:33:55.149 [debug] VSCodeNotebookController::handleExecution, Class name = Ty (started execution)
02:33:55.149 [debug] Execute Cell 72 ~/study/python/lab/lab.ipynb
02:33:55.150 [debug] start the kernel, options.disableUI=false for ~/study/python/lab/lab.ipynb
02:33:55.150 [debug] Start cell 72 execution @ 1684452835150
02:33:55.593 [debug] End cell 72 execution @ 1684452835592, started @ 1684452835150, elapsed time = 0.442s
02:33:55.594 [debug] Cell 72 executed with state Success
02:33:55.594 [debug] VSCodeNotebookController::handleExecution, Class name = Ty, completed in 445ms, has a falsy return value
02:33:59.662 [debug] VSCodeNotebookController::handleExecution, Class name = Ty (started execution)
02:33:59.662 [debug] Execute Cell 75 ~/study/python/lab/lab.ipynb
02:33:59.663 [debug] start the kernel, options.disableUI=false for ~/study/python/lab/lab.ipynb
02:33:59.663 [debug] Start cell 75 execution @ 1684452839663
02:33:59.713 [debug] End cell 75 execution @ 1684452839713, started @ 1684452839663, elapsed time = 0.05s
02:33:59.714 [debug] Cell 75 executed with state Success
02:33:59.714 [debug] VSCodeNotebookController::handleExecution, Class name = Ty, completed in 52ms, has a falsy return value
02:34:01.258 [debug] VSCodeNotebookController::handleExecution, Class name = Ty (started execution)
02:34:01.259 [debug] Execute Cell 76 ~/study/python/lab/lab.ipynb
02:34:01.259 [debug] start the kernel, options.disableUI=false for ~/study/python/lab/lab.ipynb
02:34:01.260 [debug] Start cell 76 execution @ 1684452841259
02:34:01.358 [debug] End cell 76 execution @ 1684452841357, started @ 1684452841259, elapsed time = 0.098s
02:34:01.358 [warn] Cancel all remaining cells due to cancellation or failure in execution
02:34:01.358 [debug] Cancel pending cells
02:34:01.358 [debug] Cell 76 executed with state Error
02:34:01.358 [debug] VSCodeNotebookController::handleExecution, Class name = Ty, completed in 100ms, has a falsy return value
02:34:13.442 [debug] VSCodeNotebookController::handleExecution, Class name = Ty (started execution)
02:34:13.443 [debug] Execute Cell 21 ~/study/python/lab/lab.ipynb
02:34:13.443 [debug] start the kernel, options.disableUI=false for ~/study/python/lab/lab.ipynb
02:34:13.444 [debug] Start cell 21 execution @ 1684452853444
02:34:13.483 [debug] End cell 21 execution @ 1684452853483, started @ 1684452853444, elapsed time = 0.039s
02:34:13.484 [debug] Cell 21 executed with state Success
02:34:13.484 [debug] VSCodeNotebookController::handleExecution, Class name = Ty, completed in 42ms, has a falsy return value
02:34:19.868 [debug] VSCodeNotebookController::handleExecution, Class name = Ty (started execution)
02:34:19.868 [debug] Execute Cell 72 ~/study/python/lab/lab.ipynb
02:34:19.868 [debug] start the kernel, options.disableUI=false for ~/study/python/lab/lab.ipynb
02:34:19.869 [debug] Start cell 72 execution @ 1684452859869
02:34:20.302 [debug] End cell 72 execution @ 1684452860302, started @ 1684452859869, elapsed time = 0.433s
02:34:20.303 [debug] Cell 72 executed with state Success
02:34:20.303 [debug] VSCodeNotebookController::handleExecution, Class name = Ty, completed in 435ms, has a falsy return value
02:34:23.600 [debug] VSCodeNotebookController::handleExecution, Class name = Ty (started execution)
02:34:23.601 [debug] Execute Cell 75 ~/study/python/lab/lab.ipynb
02:34:23.601 [debug] start the kernel, options.disableUI=false for ~/study/python/lab/lab.ipynb
02:34:23.602 [debug] Start cell 75 execution @ 1684452863602
02:34:23.643 [debug] End cell 75 execution @ 1684452863643, started @ 1684452863602, elapsed time = 0.041s
02:34:23.643 [debug] Cell 75 executed with state Success
02:34:23.643 [debug] VSCodeNotebookController::handleExecution, Class name = Ty, completed in 43ms, has a falsy return value
02:34:29.308 [debug] VSCodeNotebookController::handleExecution, Class name = Ty (started execution)
02:34:29.309 [debug] Execute Cell 76 ~/study/python/lab/lab.ipynb
02:34:29.309 [debug] start the kernel, options.disableUI=false for ~/study/python/lab/lab.ipynb
02:34:29.310 [debug] Start cell 76 execution @ 1684452869309
02:34:29.832 [debug] End cell 76 execution @ 1684452869832, started @ 1684452869309, elapsed time = 0.523s
02:34:29.833 [debug] Cell 76 executed with state Success
02:34:29.833 [debug] VSCodeNotebookController::handleExecution, Class name = Ty, completed in 525ms, has a falsy return value
02:34:32.025 [debug] VSCodeNotebookController::handleExecution, Class name = Ty (started execution)
02:34:32.025 [debug] Execute Cell 77 ~/study/python/lab/lab.ipynb
02:34:32.025 [debug] start the kernel, options.disableUI=false for ~/study/python/lab/lab.ipynb
02:34:32.026 [debug] Start cell 77 execution @ 1684452872026
02:34:32.140 [debug] Widget Message: WidgetManager: Loading class LayoutModel:@jupyter-widgets/base:2.0.0
02:34:32.164 [debug] Widget Message: WidgetManager: Loading class DescriptionStyleModel:@jupyter-widgets/controls:2.0.0
02:34:32.172 [debug] Widget Message: WidgetManager: Loading class DropdownModel:@jupyter-widgets/controls:2.0.0
02:34:32.179 [debug] Widget Message: WidgetManager: Loading class LayoutModel:@jupyter-widgets/base:2.0.0
02:34:32.184 [debug] Widget Message: WidgetManager: Loading class SliderStyleModel:@jupyter-widgets/controls:2.0.0
02:34:32.189 [debug] Widget Message: WidgetManager: Loading class IntSliderModel:@jupyter-widgets/controls:2.0.0
02:34:32.194 [debug] Widget Message: WidgetManager: Loading class LayoutModel:@jupyter-widgets/base:2.0.0
02:34:32.199 [debug] Widget Message: WidgetManager: Loading class SliderStyleModel:@jupyter-widgets/controls:2.0.0
02:34:32.204 [debug] Widget Message: WidgetManager: Loading class IntSliderModel:@jupyter-widgets/controls:2.0.0
02:34:32.209 [debug] Widget Message: WidgetManager: Loading class LayoutModel:@jupyter-widgets/base:2.0.0
02:34:32.214 [debug] Widget Message: WidgetManager: Loading class SliderStyleModel:@jupyter-widgets/controls:2.0.0
02:34:32.219 [debug] Widget Message: WidgetManager: Loading class FloatSliderModel:@jupyter-widgets/controls:2.0.0
02:34:32.224 [debug] Widget Message: WidgetManager: Loading class LayoutModel:@jupyter-widgets/base:2.0.0
02:34:32.230 [debug] Widget Message: WidgetManager: Loading class SliderStyleModel:@jupyter-widgets/controls:2.0.0
02:34:32.234 [debug] Widget Message: WidgetManager: Loading class SelectionSliderModel:@jupyter-widgets/controls:2.0.0
02:34:32.239 [debug] Widget Message: WidgetManager: Loading class LayoutModel:@jupyter-widgets/base:2.0.0
02:34:32.244 [debug] Widget Message: WidgetManager: Loading class SliderStyleModel:@jupyter-widgets/controls:2.0.0
02:34:32.249 [debug] Widget Message: WidgetManager: Loading class SelectionSliderModel:@jupyter-widgets/controls:2.0.0
02:34:32.254 [debug] Widget Message: WidgetManager: Loading class LayoutModel:@jupyter-widgets/base:2.0.0
02:34:32.258 [debug] Widget Message: WidgetManager: Loading class VBoxModel:@jupyter-widgets/controls:2.0.0
02:34:32.265 [debug] Widget Message: WidgetManager: Loading class LayoutModel:@jupyter-widgets/base:2.0.0
02:34:32.270 [debug] Widget Message: WidgetManager: Loading class OutputModel:@jupyter-widgets/output:1.0.0
02:34:32.606 [debug] Widget Message: Received display data message 3bbbc117500b43129f08622e15015414
02:34:32.607 [debug] End cell 77 execution @ 1684452872607, started @ 1684452872026, elapsed time = 0.581s
02:34:32.607 [debug] Cell 77 executed with state Success
02:34:32.608 [debug] VSCodeNotebookController::handleExecution, Class name = Ty, completed in 582ms, has a falsy return value
02:34:32.685 [debug] Version of IPyWidgets 8 determined after 0s
02:34:32.699 [debug] Widget Message: Waiting for model to be available before rendering it 3bbbc117500b43129f08622e15015414
02:34:32.700 [debug] Widget Message: WidgetManager: Loading class VBoxView:@jupyter-widgets/controls:2.0.0
02:34:32.704 [debug] Widget Message: WidgetManager: Loading class DropdownView:@jupyter-widgets/controls:2.0.0
02:34:32.704 [debug] Widget Message: WidgetManager: Loading class IntSliderView:@jupyter-widgets/controls:2.0.0
02:34:32.704 [debug] Widget Message: WidgetManager: Loading class IntSliderView:@jupyter-widgets/controls:2.0.0
02:34:32.704 [debug] Widget Message: WidgetManager: Loading class FloatSliderView:@jupyter-widgets/controls:2.0.0
02:34:32.704 [debug] Widget Message: WidgetManager: Loading class SelectionSliderView:@jupyter-widgets/controls:2.0.0
02:34:32.704 [debug] Widget Message: WidgetManager: Loading class SelectionSliderView:@jupyter-widgets/controls:2.0.0
02:34:32.704 [debug] Widget Message: WidgetManager: Loading class OutputView:@jupyter-widgets/output:1.0.0
02:34:32.705 [debug] Widget Message: WidgetManager: Loading class LayoutView:@jupyter-widgets/base:2.0.0
02:34:32.710 [debug] Widget Message: WidgetManager: Loading class LayoutView:@jupyter-widgets/base:2.0.0
02:34:32.710 [debug] Widget Message: WidgetManager: Loading class StyleView:@jupyter-widgets/base:2.0.0
02:34:32.719 [debug] Widget Message: WidgetManager: Loading class LayoutView:@jupyter-widgets/base:2.0.0
02:34:32.719 [debug] Widget Message: WidgetManager: Loading class StyleView:@jupyter-widgets/base:2.0.0
02:34:32.721 [debug] Widget Message: WidgetManager: Loading class LayoutView:@jupyter-widgets/base:2.0.0
02:34:32.721 [debug] Widget Message: WidgetManager: Loading class StyleView:@jupyter-widgets/base:2.0.0
02:34:32.722 [debug] Widget Message: WidgetManager: Loading class LayoutView:@jupyter-widgets/base:2.0.0
02:34:32.722 [debug] Widget Message: WidgetManager: Loading class StyleView:@jupyter-widgets/base:2.0.0
02:34:32.724 [debug] Widget Message: WidgetManager: Loading class LayoutView:@jupyter-widgets/base:2.0.0
02:34:32.725 [debug] Widget Message: WidgetManager: Loading class StyleView:@jupyter-widgets/base:2.0.0
02:34:32.726 [debug] Widget Message: WidgetManager: Loading class LayoutView:@jupyter-widgets/base:2.0.0
02:34:32.726 [debug] Widget Message: WidgetManager: Loading class StyleView:@jupyter-widgets/base:2.0.0
02:34:32.732 [debug] Widget Message: WidgetManager: Loading class LayoutView:@jupyter-widgets/base:2.0.0
02:34:48.249 [debug] Start cell 77 execution @ undefined
02:34:48.249 [debug] End cell 77 execution @ 1684452872607, started @ undefined, elapsed time = 1684452872.607s
02:34:50.383 [debug] Start cell 77 execution @ undefined
02:34:50.383 [debug] End cell 77 execution @ undefined, started @ undefined, elapsed time = 0s
02:34:51.516 [debug] Start cell 77 execution @ undefined
02:34:51.517 [debug] End cell 77 execution @ undefined, started @ undefined, elapsed time = 0s
02:34:52.695 [debug] Start cell 77 execution @ undefined
02:34:52.695 [debug] End cell 77 execution @ undefined, started @ undefined, elapsed time = 0s
02:34:54.450 [debug] Start cell 77 execution @ undefined
02:34:54.450 [debug] End cell 77 execution @ undefined, started @ undefined, elapsed time = 0s
02:34:56.011 [debug] Start cell 77 execution @ undefined
02:34:56.011 [debug] End cell 77 execution @ undefined, started @ undefined, elapsed time = 0s
02:34:57.592 [debug] Start cell 77 execution @ undefined
02:34:57.593 [debug] End cell 77 execution @ undefined, started @ undefined, elapsed time = 0s
02:35:00.959 [info] Shutting down notebooks for d8aaff80-918f-401e-87b1-5f3e8098d05f
02:35:00.959 [info] Disposing HostJupyterExecution b8895943-0511-41d0-b366-48af06503026
02:35:00.959 [debug] Disposing super HostJupyterExecution b8895943-0511-41d0-b366-48af06503026
02:35:00.959 [info] Dispose Kernel '~/study/python/lab/lab.ipynb' associated with '~/study/python/lab/lab.ipynb'
02:35:00.959 [debug] Cancel pending cells
02:35:00.962 [debug] Shutdown session - current session, called from Error: 
	at ov.shutdownImplementation (~/.vscode-oss/extensions/ms-toolsai.jupyter-2023.4.1001091014-universal/out/extension.node.js:17:168193)
	at ov.dispose (~/.vscode-oss/extensions/ms-toolsai.jupyter-2023.4.1001091014-universal/out/extension.node.js:17:162652)
	at ~/.vscode-oss/extensions/ms-toolsai.jupyter-2023.4.1001091014-universal/out/extension.node.js:17:224370
	at jm.dispose (~/.vscode-oss/extensions/ms-toolsai.jupyter-2023.4.1001091014-universal/out/extension.node.js:17:224579)
	at ~/.vscode-oss/extensions/ms-toolsai.jupyter-2023.4.1001091014-universal/out/extension.node.js:2:1770348
	at Array.map (<anonymous>)
	at va.dispose (~/.vscode-oss/extensions/ms-toolsai.jupyter-2023.4.1001091014-universal/out/extension.node.js:2:1770338)
	at Module.FE (~/.vscode-oss/extensions/ms-toolsai.jupyter-2023.4.1001091014-universal/out/extension.node.js:24:590356)
	at v.Y (/usr/lib/code/out/vs/workbench/api/node/extensionHostProcess.js:112:10974)
	at /usr/lib/code/out/vs/workbench/api/node/extensionHostProcess.js:112:9157
	at Array.map (<anonymous>)
	at v.R (/usr/lib/code/out/vs/workbench/api/node/extensionHostProcess.js:112:9144)
	at v.terminate (/usr/lib/code/out/vs/workbench/api/node/extensionHostProcess.js:112:9415)
	at d.terminate (/usr/lib/code/out/vs/workbench/api/node/extensionHostProcess.js:116:1544)
	at g (/usr/lib/code/out/vs/workbench/api/node/extensionHostProcess.js:126:34439)
	at MessagePortMain.<anonymous> (/usr/lib/code/out/vs/workbench/api/node/extensionHostProcess.js:126:30578)
	at MessagePortMain.emit (node:events:513:28)
	at MessagePortMain._internalPort.emit (node:electron/js2c/utility_init:2:367)
02:35:00.963 [debug] shutdownSession 56c7f6a9-7b81-4b3e-aeb2-dd3b0a6da072, .jvsc74a57bd0e7370f93d1d0cde622a1f8e1c04877d8463912d04d973331ad4851f04de6915a./bin/python./bin/python.-m#ipykernel_launcher - start
02:35:00.963 [debug] Session can be shutdown .jvsc74a57bd0e7370f93d1d0cde622a1f8e1c04877d8463912d04d973331ad4851f04de6915a./bin/python./bin/python.-m#ipykernel_launcher
02:35:00.963 [info] Dispose Kernel process 70053.
02:35:00.975 [debug] Kernel got disposed, hence there is no longer a kernel associated with ~/study/python/lab/lab.ipynb
02:35:00.976 [info] Disposing HostJupyterExecution b8895943-0511-41d0-b366-48af06503026
02:35:00.976 [debug] Finished disposing HostJupyterExecution  b8895943-0511-41d0-b366-48af06503026
02:35:00.980 [debug] Disposing controller .jvsc74a57bd0e7370f93d1d0cde622a1f8e1c04877d8463912d04d973331ad4851f04de6915a./bin/python./bin/python.-m#ipykernel_launcher associated with connection .jvsc74a57bd0e7370f93d1d0cde622a1f8e1c04877d8463912d04d973331ad4851f04de6915a./bin/python./bin/python.-m#ipykernel_launcher and documents file://~/study/python/lab/lab.ipynb
02:35:00.980 [debug] Disposing controller .jvsc74a57bd0e7370f93d1d0cde622a1f8e1c04877d8463912d04d973331ad4851f04de6915a./bin/python./bin/python.-m#ipykernel_launcher (Interactive) associated with connection .jvsc74a57bd0e7370f93d1d0cde622a1f8e1c04877d8463912d04d973331ad4851f04de6915a./bin/python./bin/python.-m#ipykernel_launcher 
02:35:00.980 [debug] Disposing controller .jvsc74a57bd0d2152fd7f0bbc62aa1baff8c990435d1e2c7175d001561303988032604c11a48./sbin/python./sbin/python.-m#ipykernel_launcher associated with connection .jvsc74a57bd0d2152fd7f0bbc62aa1baff8c990435d1e2c7175d001561303988032604c11a48./sbin/python./sbin/python.-m#ipykernel_launcher 
02:35:00.980 [debug] Disposing controller .jvsc74a57bd0d2152fd7f0bbc62aa1baff8c990435d1e2c7175d001561303988032604c11a48./sbin/python./sbin/python.-m#ipykernel_launcher (Interactive) associated with connection .jvsc74a57bd0d2152fd7f0bbc62aa1baff8c990435d1e2c7175d001561303988032604c11a48./sbin/python./sbin/python.-m#ipykernel_launcher 
02:35:00.981 [debug] Disposing controller .jvsc74a57bd0767d51c1340bd893661ea55ea3124f6de3c7a262a8b4abca0554b478b1e2ff90./usr/bin/python./usr/bin/python.-m#ipykernel_launcher associated with connection .jvsc74a57bd0767d51c1340bd893661ea55ea3124f6de3c7a262a8b4abca0554b478b1e2ff90./usr/bin/python./usr/bin/python.-m#ipykernel_launcher 
02:35:00.981 [debug] Disposing controller .jvsc74a57bd0767d51c1340bd893661ea55ea3124f6de3c7a262a8b4abca0554b478b1e2ff90./usr/bin/python./usr/bin/python.-m#ipykernel_launcher (Interactive) associated with connection .jvsc74a57bd0767d51c1340bd893661ea55ea3124f6de3c7a262a8b4abca0554b478b1e2ff90./usr/bin/python./usr/bin/python.-m#ipykernel_launcher 
02:35:00.981 [debug] Disposing controller .jvsc74a57bd04e1d9a8909477db77738c33245c29c7265277ef753467dede8cf3f814cde494e./usr/sbin/python./usr/sbin/python.-m#ipykernel_launcher associated with connection .jvsc74a57bd04e1d9a8909477db77738c33245c29c7265277ef753467dede8cf3f814cde494e./usr/sbin/python./usr/sbin/python.-m#ipykernel_launcher 
02:35:00.981 [debug] Disposing controller .jvsc74a57bd04e1d9a8909477db77738c33245c29c7265277ef753467dede8cf3f814cde494e./usr/sbin/python./usr/sbin/python.-m#ipykernel_launcher (Interactive) associated with connection .jvsc74a57bd04e1d9a8909477db77738c33245c29c7265277ef753467dede8cf3f814cde494e./usr/sbin/python./usr/sbin/python.-m#ipykernel_launcher 
02:35:00.983 [debug] Cleaning up server cache b8895943-0511-41d0-b366-48af06503026
02:35:00.986 [debug] Shutdown session - current session, called from Error: 
	at ov.shutdownImplementation (~/.vscode-oss/extensions/ms-toolsai.jupyter-2023.4.1001091014-universal/out/extension.node.js:17:168193)
	at ov.dispose (~/.vscode-oss/extensions/ms-toolsai.jupyter-2023.4.1001091014-universal/out/extension.node.js:17:162652)
	at ~/.vscode-oss/extensions/ms-toolsai.jupyter-2023.4.1001091014-universal/out/extension.node.js:24:121414
	at Array.map (<anonymous>)
	at av.dispose (~/.vscode-oss/extensions/ms-toolsai.jupyter-2023.4.1001091014-universal/out/extension.node.js:24:121404)
	at async Promise.all (index 0)
	at async va.dispose (~/.vscode-oss/extensions/ms-toolsai.jupyter-2023.4.1001091014-universal/out/extension.node.js:2:1770360)
	at async Promise.all (index 12)
	at async v.R (/usr/lib/code/out/vs/workbench/api/node/extensionHostProcess.js:112:9171)
02:35:00.986 [debug] shutdownSession 56c7f6a9-7b81-4b3e-aeb2-dd3b0a6da072, .jvsc74a57bd0e7370f93d1d0cde622a1f8e1c04877d8463912d04d973331ad4851f04de6915a./bin/python./bin/python.-m#ipykernel_launcher - start
02:35:00.986 [debug] Session can be shutdown .jvsc74a57bd0e7370f93d1d0cde622a1f8e1c04877d8463912d04d973331ad4851f04de6915a./bin/python./bin/python.-m#ipykernel_launcher
02:35:00.987 [debug] Finished disposing HostJupyterExecution  b8895943-0511-41d0-b366-48af06503026
02:35:00.995 [debug] Disposed Kernel process 70053.
02:35:00.995 [debug] shutdownSession 56c7f6a9-7b81-4b3e-aeb2-dd3b0a6da072, .jvsc74a57bd0e7370f93d1d0cde622a1f8e1c04877d8463912d04d973331ad4851f04de6915a./bin/python./bin/python.-m#ipykernel_launcher - shutdown complete
02:35:00.995 [debug] shutdownSession 56c7f6a9-7b81-4b3e-aeb2-dd3b0a6da072, .jvsc74a57bd0e7370f93d1d0cde622a1f8e1c04877d8463912d04d973331ad4851f04de6915a./bin/python./bin/python.-m#ipykernel_launcher - shutdown complete
02:35:00.995 [debug] Shutdown session - get restart session
02:35:00.996 [debug] Shutdown session -- complete
02:35:00.996 [debug] Shutdown session - get restart session
02:35:00.996 [debug] Shutdown session -- complete
02:35:00.997 [warn] Failed to delete connection file ~/.local/share/jupyter/runtime/kernel-v2-687335r1qS81L6LOo.json for pid 70053 [Canceled (FileSystemError): Canceled
	at Zt.c (/usr/lib/code/out/vs/workbench/api/node/extensionHostProcess.js:100:27273)
	at Object.stat (/usr/lib/code/out/vs/workbench/api/node/extensionHostProcess.js:100:25374)
	at async _d.delete (~/.vscode-oss/extensions/ms-toolsai.jupyter-2023.4.1001091014-universal/out/extension.node.js:17:18527)
	at async ~/.vscode-oss/extensions/ms-toolsai.jupyter-2023.4.1001091014-universal/out/extension.node.js:24:89152] {
  code: 'Unknown'
}
02:35:01.005 [debug] KernelProcess Exit Exit - undefined ~/.local/lib/python3.10/site-packages/traitlets/traitlets.py:2548: FutureWarning: Supporting extra quotes around strings is deprecated in traitlets 5.0. You can use 'hmac-sha256' instead of '"hmac-sha256"' if you require traitlets >=5.
  warn(
~/.local/lib/python3.10/site-packages/traitlets/traitlets.py:2499: FutureWarning: Supporting extra quotes around Bytes is deprecated in traitlets 5.0. Use '8c8a0ceb-7869-4aa8-ac7a-1936e5e404f0' instead of 'b"8c8a0ceb-7869-4aa8-ac7a-1936e5e404f0"'.
  warn(

