2023-05-07 22:12:07.654 [info] Log level: Info
2023-05-07 22:12:07.654 [info] Validating found git in: "git"
2023-05-07 22:12:07.654 [info] Using git "2.40.0" from "git"
2023-05-07 22:12:07.654 [info] > git rev-parse --show-toplevel [8ms]
2023-05-07 22:12:07.654 [info] fatal: not a git repository (or any of the parent directories): .git
2023-05-07 22:12:07.975 [info] > git rev-parse --show-toplevel [22ms]
2023-05-07 22:12:07.975 [info] fatal: not a git repository (or any of the parent directories): .git
2023-05-07 22:12:08.187 [info] > git rev-parse --show-toplevel [23ms]
2023-05-07 22:12:08.187 [info] fatal: not a git repository (or any of the parent directories): .git
2023-05-07 22:12:08.390 [info] > git rev-parse --show-toplevel [29ms]
2023-05-07 22:12:08.390 [info] fatal: not a git repository (or any of the parent directories): .git
2023-05-07 22:12:09.353 [info] > git rev-parse --show-toplevel [4ms]
2023-05-07 22:12:09.353 [info] fatal: not a git repository (or any of the parent directories): .git
2023-05-07 22:16:34.572 [info] > git rev-parse --show-toplevel [2ms]
2023-05-07 22:16:34.572 [info] fatal: not a git repository (or any of the parent directories): .git
2023-05-07 22:16:35.487 [info] > git rev-parse --show-toplevel [5ms]
2023-05-07 22:16:35.487 [info] fatal: not a git repository (or any of the parent directories): .git
2023-05-07 22:16:35.833 [info] > git rev-parse --show-toplevel [2ms]
2023-05-07 22:16:35.833 [info] fatal: not a git repository (or any of the parent directories): .git
2023-05-07 22:16:37.617 [info] > git rev-parse --show-toplevel [2ms]
2023-05-07 22:16:37.617 [info] fatal: not a git repository (or any of the parent directories): .git
2023-05-07 22:16:37.935 [info] > git rev-parse --show-toplevel [1ms]
2023-05-07 22:16:37.935 [info] fatal: not a git repository (or any of the parent directories): .git
2023-05-07 22:16:38.153 [info] > git rev-parse --show-toplevel [2ms]
2023-05-07 22:16:38.153 [info] fatal: not a git repository (or any of the parent directories): .git
2023-05-07 22:16:38.717 [info] > git rev-parse --show-toplevel [2ms]
2023-05-07 22:16:38.717 [info] fatal: not a git repository (or any of the parent directories): .git
2023-05-07 22:16:38.887 [info] > git rev-parse --show-toplevel [2ms]
2023-05-07 22:16:38.887 [info] fatal: not a git repository (or any of the parent directories): .git
