Visual Studio Code (1.87.1, undefined, desktop)
Jupyter Extension Version: 2023.9.100.
Python Extension Version: 2023.20.0.
Platform: linux (x64).
No workspace folder opened.
20:51:44.834 [info] User belongs to experiment group 'NewJupyterSession'
20:51:45.337 [debug] Get Custom Env Variables, Class name = Kl (started execution), Arg 1: undefined, Arg 2: "RunPythonCode"
20:51:45.339 [info] Start refreshing Kernel Picker (1711216305339)
20:51:45.351 [info] Using Pylance
20:51:45.388 [debug] Get Custom Env Variables, Class name = Kl, completed in 52ms, has a truthy return value, Arg 1: undefined, Arg 2: "RunPythonCode"
20:51:45.388 [debug] Jupyter Paths /kernels: 
20:51:45.390 [debug] Kernel Spec Root Paths, /usr/share/jupyter/kernels, /usr/local/share/jupyter/kernels, ~/.local/share/jupyter/kernels
20:51:45.417 [debug] No controller, hence notebook communications cannot be initialized for editor ~/downloads/HW2_GD_Newton_Фамилия_Имя.ipynb
20:51:45.417 [info] Start refreshing Interpreter Kernel Picker
20:51:46.032 [debug] Loading kernelspec from /usr/share/jupyter/kernels/python3/kernel.json 
20:51:46.107 [debug] Refreshed Environments
20:51:46.263 [debug] Python API env change detected, update => '/bin/python'
20:51:47.265 [info] End refreshing Kernel Picker (1711216305339)
20:51:53.204 [info] Start refreshing Kernel Picker (1711216313204)
20:51:53.249 [debug] Search for KernelSpecs in Interpreter /bin/python
20:51:53.250 [debug] Finding Global Python KernelSpecs
20:51:53.268 [debug] Kernels for interpreter /bin/python are .jvsc74a57bd0e7370f93d1d0cde622a1f8e1c04877d8463912d04d973331ad4851f04de6915a./bin/python./bin/python.-m#ipykernel_launcher
20:51:53.278 [debug] Conda file returned by Python Extension is conda
20:51:53.370 [debug] Search for KernelSpecs in Interpreter /sbin/python
20:51:53.384 [debug] Search for KernelSpecs in Interpreter /usr/bin/python
20:51:53.386 [debug] Kernels for interpreter /sbin/python are .jvsc74a57bd0d2152fd7f0bbc62aa1baff8c990435d1e2c7175d001561303988032604c11a48./sbin/python./sbin/python.-m#ipykernel_launcher
20:51:53.388 [debug] Kernels for interpreter /usr/bin/python are .jvsc74a57bd0767d51c1340bd893661ea55ea3124f6de3c7a262a8b4abca0554b478b1e2ff90./usr/bin/python./usr/bin/python.-m#ipykernel_launcher
20:51:53.409 [debug] Search for KernelSpecs in Interpreter /usr/sbin/python
20:51:53.410 [debug] Full interpreter list is length: 4, /bin/python::Unknown:/bin/python, /sbin/python::Unknown:/sbin/python, /usr/bin/python::Unknown:/usr/bin/python, /usr/sbin/python::Unknown:/usr/sbin/python
20:51:53.411 [debug] Kernels for interpreter /usr/sbin/python are .jvsc74a57bd04e1d9a8909477db77738c33245c29c7265277ef753467dede8cf3f814cde494e./usr/sbin/python./usr/sbin/python.-m#ipykernel_launcher
20:51:53.429 [debug] Full interpreter list is length: 4, /bin/python::Unknown:/bin/python, /sbin/python::Unknown:/sbin/python, /usr/bin/python::Unknown:/usr/bin/python, /usr/sbin/python::Unknown:/usr/sbin/python
20:51:53.429 [debug] Refreshed Environments
20:51:54.429 [info] End refreshing Kernel Picker (1711216313204)
20:51:58.951 [debug] Getting activated env variables, Class name = za (started execution), Arg 1: undefined, Arg 2: "/bin/python", Arg 3: undefined
20:51:58.951 [debug] Get Custom Env Variables, Class name = Kl (started execution), Arg 1: undefined, Arg 2: "RunPythonCode"
20:51:58.953 [debug] Get Custom Env Variables, Class name = Kl, completed in 2ms, has a truthy return value, Arg 1: undefined, Arg 2: "RunPythonCode"
20:51:58.960 [info] Handle Execution of Cells 0,5,8,9,11,13,15,16,18,20,21,23,24,25,27,28,30,32,33,35,37 for ~/downloads/HW2_GD_Newton_Фамилия_Имя.ipynb
20:51:58.961 [debug] start the kernel, options.disableUI=false for ~/downloads/HW2_GD_Newton_Фамилия_Имя.ipynb
20:51:58.964 [debug] start the kernel, options.disableUI=false for ~/downloads/HW2_GD_Newton_Фамилия_Имя.ipynb
20:51:58.964 [debug] start the kernel, options.disableUI=false for ~/downloads/HW2_GD_Newton_Фамилия_Имя.ipynb
20:51:58.964 [debug] start the kernel, options.disableUI=false for ~/downloads/HW2_GD_Newton_Фамилия_Имя.ipynb
20:51:58.964 [debug] start the kernel, options.disableUI=false for ~/downloads/HW2_GD_Newton_Фамилия_Имя.ipynb
20:51:58.964 [debug] start the kernel, options.disableUI=false for ~/downloads/HW2_GD_Newton_Фамилия_Имя.ipynb
20:51:58.964 [debug] start the kernel, options.disableUI=false for ~/downloads/HW2_GD_Newton_Фамилия_Имя.ipynb
20:51:58.964 [debug] start the kernel, options.disableUI=false for ~/downloads/HW2_GD_Newton_Фамилия_Имя.ipynb
20:51:58.964 [debug] start the kernel, options.disableUI=false for ~/downloads/HW2_GD_Newton_Фамилия_Имя.ipynb
20:51:58.964 [debug] start the kernel, options.disableUI=false for ~/downloads/HW2_GD_Newton_Фамилия_Имя.ipynb
20:51:58.964 [debug] start the kernel, options.disableUI=false for ~/downloads/HW2_GD_Newton_Фамилия_Имя.ipynb
20:51:58.964 [debug] start the kernel, options.disableUI=false for ~/downloads/HW2_GD_Newton_Фамилия_Имя.ipynb
20:51:58.964 [debug] start the kernel, options.disableUI=false for ~/downloads/HW2_GD_Newton_Фамилия_Имя.ipynb
20:51:58.964 [debug] start the kernel, options.disableUI=false for ~/downloads/HW2_GD_Newton_Фамилия_Имя.ipynb
20:51:58.964 [debug] start the kernel, options.disableUI=false for ~/downloads/HW2_GD_Newton_Фамилия_Имя.ipynb
20:51:58.964 [debug] start the kernel, options.disableUI=false for ~/downloads/HW2_GD_Newton_Фамилия_Имя.ipynb
20:51:58.964 [debug] start the kernel, options.disableUI=false for ~/downloads/HW2_GD_Newton_Фамилия_Имя.ipynb
20:51:58.964 [debug] start the kernel, options.disableUI=false for ~/downloads/HW2_GD_Newton_Фамилия_Имя.ipynb
20:51:58.965 [debug] start the kernel, options.disableUI=false for ~/downloads/HW2_GD_Newton_Фамилия_Имя.ipynb
20:51:58.965 [debug] start the kernel, options.disableUI=false for ~/downloads/HW2_GD_Newton_Фамилия_Имя.ipynb
20:51:58.965 [debug] start the kernel, options.disableUI=false for ~/downloads/HW2_GD_Newton_Фамилия_Имя.ipynb
20:51:58.965 [info] Starting Kernel startUsingPythonInterpreter, .jvsc74a57bd0e7370f93d1d0cde622a1f8e1c04877d8463912d04d973331ad4851f04de6915a./bin/python./bin/python.-m#ipykernel_launcher  (Python Path: /bin/python, Unknown, 3.11.8) for '~/downloads/HW2_GD_Newton_Фамилия_Имя.ipynb' (disableUI=false)
20:51:58.966 [debug] Creating raw notebook for resource '~/downloads/HW2_GD_Newton_Фамилия_Имя.ipynb'
20:51:58.968 [debug] Kernel Launcher. launch, Class name = ey (started execution), Arg 1: ".jvsc74a57bd0e7370f93d1d0cde622a1f8e1c04877d8463912d04d973331ad4851f04de6915a./bin/python./bin/python.-m#ipykernel_launcher", Arg 2: 60000, Arg 3: "~/downloads/HW2_GD_Newton_Фамилия_Имя.ipynb", Arg 4: "~/downloads", Arg 5: ""
20:51:58.979 [debug] Getting activated env variables, Class name = za (started execution), Arg 1: "~/downloads/HW2_GD_Newton_Фамилия_Имя.ipynb", Arg 2: "/bin/python", Arg 3: undefined
20:51:58.979 [debug] Get Custom Env Variables, Class name = Kl (started execution), Arg 1: "~/downloads/HW2_GD_Newton_Фамилия_Имя.ipynb", Arg 2: "RunPythonCode"
20:51:58.980 [debug] Get Custom Env Variables, Class name = Kl, completed in 1ms, has a truthy return value, Arg 1: "~/downloads/HW2_GD_Newton_Фамилия_Имя.ipynb", Arg 2: "RunPythonCode"
20:51:58.986 [debug] KernelProvider switched kernel to id = .jvsc74a57bd0e7370f93d1d0cde622a1f8e1c04877d8463912d04d973331ad4851f04de6915a./bin/python./bin/python.-m#ipykernel_launcher
20:51:58.987 [debug] Initialize notebook communications for editor ~/downloads/HW2_GD_Newton_Фамилия_Имя.ipynb
20:51:58.987 [debug] Resolving notebook UI Comms (resolve) for ~/downloads/HW2_GD_Newton_Фамилия_Имя.ipynb
20:51:58.987 [debug] initialize CommonMessageCoordinator
20:51:58.988 [debug] Registering commtarget jupyter.widget
20:51:58.988 [debug] IPyWidgetMessageDispatcher.initialize
20:51:58.989 [debug] Attempting to determine version of IPyWidgets
20:51:58.990 [debug] Controller selection change completed
20:51:58.990 [debug] Waiting for IPyWidgets version
20:51:58.990 [debug] Waiting for IPyWidgets version promise
20:51:59.000 [debug] Launching kernel in kernelProcess.ts, Class name = Xv (started execution), Arg 1: "~/downloads", Arg 2: ""
20:51:59.012 [warn] Failed to get activated env vars for /bin/python in 60ms
20:51:59.013 [debug] Create ProcessService, Class name = Cl (started execution), Arg 1: undefined
20:51:59.013 [debug] Get Custom Env Variables, Class name = Kl (started execution), Arg 1: undefined, Arg 2: "RunNonPythonCode", Arg 3: undefined
20:51:59.014 [debug] Get Custom Env Variables, Class name = Kl, completed in 1ms, has a truthy return value, Arg 1: undefined, Arg 2: "RunNonPythonCode", Arg 3: undefined
20:51:59.014 [debug] Create ProcessService, Class name = Cl, completed in 1ms, has a truthy return value, Arg 1: undefined
20:51:59.026 [info] Process Execution: /bin/python -c "import site;print("USER_BASE_VALUE");print(site.USER_BASE);print("USER_BASE_VALUE");"
20:51:59.030 [warn] Failed to get activated env vars for /bin/python in 51ms
20:51:59.049 [debug] USER_SITE for /bin/python is ~/.local/bin
20:51:59.049 [debug] Prepend PATH with user site path for /bin/python, user site ~/.local/bin
20:51:59.049 [debug] Prepend PATH with python bin for /bin/python, 
    PATH value is ~/.local/bin:/usr/local/sbin:/usr/local/bin:/usr/bin:/usr/bin/site_perl:/usr/bin/vendor_perl:/usr/bin/core_perl:/usr/lib/rustup/bin:~/.cargo/bin:~/.cargo/bin:/usr/local/sbin:/usr/local/bin:/usr/bin:/usr/bin/site_perl:/usr/bin/vendor_perl:/usr/bin/core_perl:/usr/lib/rustup/bin:~/.cargo/bin:~/.cargo/bin and 
    Path value is undefined
20:51:59.049 [debug] Activated Env Variables for /bin/python, 
    PATH value is /bin:~/.local/bin:/usr/local/sbin:/usr/local/bin:/usr/bin:/usr/bin/site_perl:/usr/bin/vendor_perl:/usr/bin/core_perl:/usr/lib/rustup/bin:~/.cargo/bin:~/.cargo/bin:/usr/local/sbin:/usr/local/bin:/usr/bin:/usr/bin/site_perl:/usr/bin/vendor_perl:/usr/bin/core_perl:/usr/lib/rustup/bin:~/.cargo/bin:~/.cargo/bin and 
    Path value is undefined
20:51:59.049 [debug] Prepend PATH with user site path for /bin/python, user site ~/.local/bin
20:51:59.049 [debug] Prepend PATH with python bin for /bin/python, 
    PATH value is ~/.local/bin:/usr/local/sbin:/usr/local/bin:/usr/bin:/usr/bin/site_perl:/usr/bin/vendor_perl:/usr/bin/core_perl:/usr/lib/rustup/bin:~/.cargo/bin:~/.cargo/bin:/usr/local/sbin:/usr/local/bin:/usr/bin:/usr/bin/site_perl:/usr/bin/vendor_perl:/usr/bin/core_perl:/usr/lib/rustup/bin:~/.cargo/bin:~/.cargo/bin and 
    Path value is undefined
20:51:59.049 [debug] Activated Env Variables for /bin/python, 
    PATH value is /bin:~/.local/bin:/usr/local/sbin:/usr/local/bin:/usr/bin:/usr/bin/site_perl:/usr/bin/vendor_perl:/usr/bin/core_perl:/usr/lib/rustup/bin:~/.cargo/bin:~/.cargo/bin:/usr/local/sbin:/usr/local/bin:/usr/bin:/usr/bin/site_perl:/usr/bin/vendor_perl:/usr/bin/core_perl:/usr/lib/rustup/bin:~/.cargo/bin:~/.cargo/bin and 
    Path value is undefined
20:51:59.049 [debug] Getting activated env variables, Class name = za, completed in 99ms, has a truthy return value, Arg 1: undefined, Arg 2: "/bin/python", Arg 3: undefined
20:51:59.049 [debug] Getting activated env variables, Class name = za, completed in 70ms, has a truthy return value, Arg 1: "~/downloads/HW2_GD_Newton_Фамилия_Имя.ipynb", Arg 2: "/bin/python", Arg 3: undefined
20:51:59.059 [info] Process Execution: /bin/python -m pip list
20:51:59.067 [info] Process Execution: /bin/python -c "import ipykernel; print(ipykernel.__version__); print("5dc3a68c-e34e-4080-9c3e-2a532b2ccb4d"); print(ipykernel.__file__)"
20:51:59.067 [debug] Kernel Env Variables for ~/.vscode/extensions/ms-toolsai.jupyter-2023.9.100-universal/temp/jupyter/kernels/pythonjvsc74a57bd0e7370f93d1d0cde622a1f8e1c04877d8463912d04d973331ad4851f04de6915a/kernel.json, PATH value is /bin:~/.local/bin:/usr/local/sbin:/usr/local/bin:/usr/bin:/usr/bin/site_perl:/usr/bin/vendor_perl:/usr/bin/core_perl:/usr/lib/rustup/bin:~/.cargo/bin:~/.cargo/bin:/usr/local/sbin:/usr/local/bin:/usr/bin:/usr/bin/site_perl:/usr/bin/vendor_perl:/usr/bin/core_perl:/usr/lib/rustup/bin:~/.cargo/bin:~/.cargo/bin
20:51:59.080 [info] Process Execution: /bin/python -m ipykernel_launcher --ip=127.0.0.1 --stdin=9003 --control=9001 --hb=9000 --Session.signature_scheme="hmac-sha256" --Session.key=b"677b72a9-354a-43a5-b7af-44a59a03161f" --shell=9002 --transport="tcp" --iopub=9004 --f=~/.local/share/jupyter/runtime/kernel-v2-374871WyoKkf1iAvmS.json
    > cwd: ~/downloads
20:51:59.080 [debug] Launching kernel in kernelProcess.ts, Class name = Xv, completed in 80ms, has a truthy return value, Arg 1: "~/downloads", Arg 2: ""
20:51:59.392 [info] ipykernel version & path 6.29.3, /usr/lib/python3.11/site-packages/ipykernel/__init__.py for /bin/python
20:51:59.937 [debug] KernelProcess output: NOTE: When using the `ipython kernel` entry point, Ctrl-C will not work.

To exit, you will have to explicitly quit this process, by either sending
"quit" from a client, or using Ctrl-\ in UNIX-like environments.

To read more about this, see https://github.com/ipython/ipython/issues/2049


To connect another client to this kernel, use:
    --existing kernel-v2-374871WyoKkf1iAvmS.json

20:51:59.937 [debug] Kernel Output: To connect another client to this kernel, use: --existing kernel-v2-374871WyoKkf1iAvmS.json

20:52:00.021 [debug] KernelProcess error: [IPKernelApp] WARNING | debugpy_stream undefined, debugging will not be enabled

20:52:00.021 [warn] StdErr from Kernel Process [IPKernelApp] WARNING | debugpy_stream undefined, debugging will not be enabled
20:52:00.099 [debug] Kernel Launcher. launch, Class name = ey, completed in 1131ms, has a truthy return value, Arg 1: ".jvsc74a57bd0e7370f93d1d0cde622a1f8e1c04877d8463912d04d973331ad4851f04de6915a./bin/python./bin/python.-m#ipykernel_launcher", Arg 2: 60000, Arg 3: "~/downloads/HW2_GD_Newton_Фамилия_Имя.ipynb", Arg 4: "~/downloads", Arg 5: ""
20:52:00.113 [debug] Waiting for Raw Session to be ready in postStartRawSession
20:52:00.113 [debug] Waiting for Raw session to be ready, currently connected
20:52:00.113 [debug] Raw session connected
20:52:00.113 [debug] Waiting for Raw session to be ready for 30s
20:52:00.114 [debug] Waited for Raw session to be ready & got connected
20:52:00.115 [debug] Successfully waited for Raw Session to be ready in postStartRawSession
20:52:00.115 [debug] Kernel status before requesting kernel info and after ready is unknown
20:52:00.115 [debug] Sending request for kernelinfo
20:52:00.126 [debug] Got response for requestKernelInfo
20:52:00.126 [debug] Successfully compelted postStartRawSession
20:52:00.127 [info] Started Kernel Python 3.11.8 (pid: 375229)
20:52:00.127 [info] Started new session 6a11611c-720f-4c58-b386-cdca286a8a09
20:52:00.129 [debug] Begin sendTelemetryForPythonKernelExecutable
20:52:00.129 [debug] Executing silently Code (idle) = import sys as _VSCODE_sys\nprint(_VSCODE_sys.executable); del _VSCODE_sys
20:52:00.143 [debug] Executing silently Code (completed) = import sys as _VSCODE_sys\nprint(_VSCODE_sys.executable); del _VSCODE_sys with 1 output(s)
20:52:00.144 [debug] End sendTelemetryForPythonKernelExecutable
20:52:00.144 [debug] Started running kernel initialization for ~/downloads/HW2_GD_Newton_Фамилия_Имя.ipynb
20:52:00.144 [debug] Executing silently Code (idle) = try:\nimport ipywidgets as _VSCODE_ipywidgets\nprint("e976ee50-99ed-4aba-9b6b-9dcd5634d07d:IPy
20:52:00.149 [debug] Executing silently Code (completed) = try:\nimport ipywidgets as _VSCODE_ipywidgets\nprint("e976ee50-99ed-4aba-9b6b-9dcd5634d07d:IPy with 0 output(s)
20:52:00.150 [debug] Determined IPyWidgets Version as undefined and event fired
20:52:00.151 [debug] Executing silently Code (idle) = import os as _VSCODE_os\nimport sys as _VSCODE_sys\n%cd "~/downloads"\nif _VSCODE_os.get
20:52:00.162 [debug] Executing silently Code (completed) = import os as _VSCODE_os\nimport sys as _VSCODE_sys\n%cd "~/downloads"\nif _VSCODE_os.get with 1 output(s)
20:52:00.162 [debug] Requesting Kernel info
20:52:00.163 [debug] Got Kernel info
20:52:00.163 [debug] End running kernel initialization, now waiting for idle
20:52:00.163 [debug] Waiting for 60000ms idle on (kernel): 6a11611c-720f-4c58-b386-cdca286a8a09 -> idle
20:52:00.163 [debug] Finished waiting for idle on (kernel): 6a11611c-720f-4c58-b386-cdca286a8a09 -> idle
20:52:00.163 [debug] End running kernel initialization, session is idle
20:52:00.165 [debug] IPyWidgetScriptSource.initialize
20:52:00.165 [debug] IPyWidgetMessageDispatcher.initialize
20:52:00.166 [debug] getDataDirsImpl, Class name = vf (started execution), Arg 1: "~/downloads/HW2_GD_Newton_Фамилия_Имя.ipynb", Arg 2: "/bin/python"
20:52:00.166 [debug] Get Custom Env Variables, Class name = Kl (started execution), Arg 1: undefined, Arg 2: "RunPythonCode"
20:52:00.167 [debug] Get Custom Env Variables, Class name = Kl, completed in 1ms, has a truthy return value, Arg 1: undefined, Arg 2: "RunPythonCode"
20:52:00.167 [debug] Jupyter Paths : 
20:52:00.188 [info] Process Execution: /bin/python ~/.vscode/extensions/ms-toolsai.jupyter-2023.9.100-universal/pythonFiles/printJupyterDataDir.py
20:52:00.190 [debug] Execution Request Sent to Kernel for cell 0
20:52:00.197 [debug] Start cell 0 execution @ 1711216320196 (clear output)
20:52:00.197 [info] Kernel acknowledged execution of cell 0 @ 1711216320196
20:52:00.220 [debug] getDataDirsImpl, Class name = vf, completed in 54ms, has a truthy return value, Arg 1: "~/downloads/HW2_GD_Newton_Фамилия_Имя.ipynb", Arg 2: "/bin/python"
20:52:00.357 [info] End cell 0 execution @ 1711216320356, started @ 1711216320196, elapsed time = 0.16s
20:52:00.357 [warn] Cancel all remaining cells due to cancellation or failure in execution
20:52:00.357 [debug] Cancel pending cells
20:52:00.357 [info] End cell 5 execution @ undefined, started @ undefined, elapsed time = 0s
20:52:00.358 [info] End cell 8 execution @ undefined, started @ undefined, elapsed time = 0s
20:52:00.358 [info] End cell 9 execution @ undefined, started @ undefined, elapsed time = 0s
20:52:00.358 [info] End cell 11 execution @ undefined, started @ undefined, elapsed time = 0s
20:52:00.358 [info] End cell 13 execution @ undefined, started @ undefined, elapsed time = 0s
20:52:00.358 [info] End cell 15 execution @ undefined, started @ undefined, elapsed time = 0s
20:52:00.358 [info] End cell 16 execution @ undefined, started @ undefined, elapsed time = 0s
20:52:00.358 [info] End cell 18 execution @ undefined, started @ undefined, elapsed time = 0s
20:52:00.359 [info] End cell 20 execution @ undefined, started @ undefined, elapsed time = 0s
20:52:00.359 [info] End cell 21 execution @ undefined, started @ undefined, elapsed time = 0s
20:52:00.359 [info] End cell 23 execution @ undefined, started @ undefined, elapsed time = 0s
20:52:00.359 [info] End cell 24 execution @ undefined, started @ undefined, elapsed time = 0s
20:52:00.359 [info] End cell 25 execution @ undefined, started @ undefined, elapsed time = 0s
20:52:00.359 [info] End cell 27 execution @ undefined, started @ undefined, elapsed time = 0s
20:52:00.359 [info] End cell 28 execution @ undefined, started @ undefined, elapsed time = 0s
20:52:00.359 [info] End cell 30 execution @ undefined, started @ undefined, elapsed time = 0s
20:52:00.360 [info] End cell 32 execution @ undefined, started @ undefined, elapsed time = 0s
20:52:00.360 [info] End cell 33 execution @ undefined, started @ undefined, elapsed time = 0s
20:52:00.360 [info] End cell 35 execution @ undefined, started @ undefined, elapsed time = 0s
20:52:00.360 [info] End cell 37 execution @ undefined, started @ undefined, elapsed time = 0s
20:52:00.360 [debug] Cell 0 executed with state Error
20:52:00.360 [debug] Cell 5 executed with state Idle
20:52:00.360 [debug] Cell 8 executed with state Idle
20:52:00.360 [debug] Cell 9 executed with state Idle
20:52:00.360 [debug] Cell 11 executed with state Idle
20:52:00.360 [debug] Cell 13 executed with state Idle
20:52:00.360 [debug] Cell 15 executed with state Idle
20:52:00.360 [debug] Cell 16 executed with state Idle
20:52:00.360 [debug] Cell 18 executed with state Idle
20:52:00.361 [debug] Cell 20 executed with state Idle
20:52:00.361 [debug] Cell 21 executed with state Idle
20:52:00.361 [debug] Cell 23 executed with state Idle
20:52:00.361 [debug] Cell 24 executed with state Idle
20:52:00.361 [debug] Cell 25 executed with state Idle
20:52:00.361 [debug] Cell 27 executed with state Idle
20:52:00.361 [debug] Cell 28 executed with state Idle
20:52:00.361 [debug] Cell 30 executed with state Idle
20:52:00.361 [debug] Cell 32 executed with state Idle
20:52:00.361 [debug] Cell 33 executed with state Idle
20:52:00.361 [debug] Cell 35 executed with state Idle
20:52:00.361 [debug] Cell 37 executed with state Idle
20:52:36.983 [info] Handle Execution of Cells 0,5,8,9,11,13,15,16,18,20,21,23,24,25,27,28,30,32,33,35,37 for ~/downloads/HW2_GD_Newton_Фамилия_Имя.ipynb
20:52:36.983 [debug] start the kernel, options.disableUI=false for ~/downloads/HW2_GD_Newton_Фамилия_Имя.ipynb
20:52:36.983 [debug] start the kernel, options.disableUI=false for ~/downloads/HW2_GD_Newton_Фамилия_Имя.ipynb
20:52:36.983 [debug] start the kernel, options.disableUI=false for ~/downloads/HW2_GD_Newton_Фамилия_Имя.ipynb
20:52:36.983 [debug] start the kernel, options.disableUI=false for ~/downloads/HW2_GD_Newton_Фамилия_Имя.ipynb
20:52:36.983 [debug] start the kernel, options.disableUI=false for ~/downloads/HW2_GD_Newton_Фамилия_Имя.ipynb
20:52:36.983 [debug] start the kernel, options.disableUI=false for ~/downloads/HW2_GD_Newton_Фамилия_Имя.ipynb
20:52:36.983 [debug] start the kernel, options.disableUI=false for ~/downloads/HW2_GD_Newton_Фамилия_Имя.ipynb
20:52:36.983 [debug] start the kernel, options.disableUI=false for ~/downloads/HW2_GD_Newton_Фамилия_Имя.ipynb
20:52:36.984 [debug] start the kernel, options.disableUI=false for ~/downloads/HW2_GD_Newton_Фамилия_Имя.ipynb
20:52:36.984 [debug] start the kernel, options.disableUI=false for ~/downloads/HW2_GD_Newton_Фамилия_Имя.ipynb
20:52:36.984 [debug] start the kernel, options.disableUI=false for ~/downloads/HW2_GD_Newton_Фамилия_Имя.ipynb
20:52:36.984 [debug] start the kernel, options.disableUI=false for ~/downloads/HW2_GD_Newton_Фамилия_Имя.ipynb
20:52:36.984 [debug] start the kernel, options.disableUI=false for ~/downloads/HW2_GD_Newton_Фамилия_Имя.ipynb
20:52:36.984 [debug] start the kernel, options.disableUI=false for ~/downloads/HW2_GD_Newton_Фамилия_Имя.ipynb
20:52:36.984 [debug] start the kernel, options.disableUI=false for ~/downloads/HW2_GD_Newton_Фамилия_Имя.ipynb
20:52:36.984 [debug] start the kernel, options.disableUI=false for ~/downloads/HW2_GD_Newton_Фамилия_Имя.ipynb
20:52:36.984 [debug] start the kernel, options.disableUI=false for ~/downloads/HW2_GD_Newton_Фамилия_Имя.ipynb
20:52:36.984 [debug] start the kernel, options.disableUI=false for ~/downloads/HW2_GD_Newton_Фамилия_Имя.ipynb
20:52:36.984 [debug] start the kernel, options.disableUI=false for ~/downloads/HW2_GD_Newton_Фамилия_Имя.ipynb
20:52:36.984 [debug] start the kernel, options.disableUI=false for ~/downloads/HW2_GD_Newton_Фамилия_Имя.ipynb
20:52:36.984 [debug] start the kernel, options.disableUI=false for ~/downloads/HW2_GD_Newton_Фамилия_Имя.ipynb
20:52:37.003 [debug] Execution Request Sent to Kernel for cell 0
20:52:37.016 [debug] Start cell 0 execution @ 1711216357015 (clear output)
20:52:37.016 [info] Kernel acknowledged execution of cell 0 @ 1711216357015
20:52:38.516 [info] End cell 0 execution @ 1711216358516, started @ 1711216357015, elapsed time = 1.501s
20:52:38.516 [debug] Execution Request Sent to Kernel for cell 5
20:52:38.517 [debug] Cell 0 executed with state Success
20:52:38.521 [debug] Start cell 5 execution @ 1711216358521 (clear output)
20:52:38.522 [info] Kernel acknowledged execution of cell 5 @ 1711216358521
20:52:38.524 [info] End cell 5 execution @ 1711216358524, started @ 1711216358521, elapsed time = 0.003s
20:52:38.524 [debug] Execution Request Sent to Kernel for cell 8
20:52:38.525 [debug] Cell 5 executed with state Success
20:52:38.527 [debug] Start cell 8 execution @ 1711216358527 (clear output)
20:52:38.527 [info] Kernel acknowledged execution of cell 8 @ 1711216358527
20:52:39.141 [info] End cell 8 execution @ 1711216359141, started @ 1711216358527, elapsed time = 0.614s
20:52:39.142 [debug] Execution Request Sent to Kernel for cell 9
20:52:39.144 [debug] Cell 8 executed with state Success
20:52:39.159 [debug] Start cell 9 execution @ 1711216359159 (clear output)
20:52:39.159 [info] Kernel acknowledged execution of cell 9 @ 1711216359159
20:52:39.189 [info] End cell 9 execution @ 1711216359189, started @ 1711216359159, elapsed time = 0.03s
20:52:39.189 [debug] Execution Request Sent to Kernel for cell 11
20:52:39.190 [debug] Cell 9 executed with state Success
20:52:39.193 [debug] Start cell 11 execution @ 1711216359193 (clear output)
20:52:39.193 [info] Kernel acknowledged execution of cell 11 @ 1711216359193
20:52:39.526 [info] End cell 11 execution @ 1711216359526, started @ 1711216359193, elapsed time = 0.333s
20:52:39.527 [debug] Execution Request Sent to Kernel for cell 13
20:52:39.528 [debug] Cell 11 executed with state Success
20:52:39.540 [debug] Start cell 13 execution @ 1711216359540 (clear output)
20:52:39.540 [info] Kernel acknowledged execution of cell 13 @ 1711216359540
20:52:39.542 [info] End cell 13 execution @ 1711216359542, started @ 1711216359540, elapsed time = 0.002s
20:52:39.542 [debug] Execution Request Sent to Kernel for cell 15
20:52:39.543 [debug] Cell 13 executed with state Success
20:52:39.546 [debug] Start cell 15 execution @ 1711216359545 (clear output)
20:52:39.546 [info] Kernel acknowledged execution of cell 15 @ 1711216359545
20:52:40.514 [info] End cell 15 execution @ 1711216360514, started @ 1711216359545, elapsed time = 0.969s
20:52:40.514 [debug] Execution Request Sent to Kernel for cell 16
20:52:40.515 [debug] Cell 15 executed with state Success
20:52:40.524 [debug] Start cell 16 execution @ 1711216360523 (clear output)
20:52:40.524 [info] Kernel acknowledged execution of cell 16 @ 1711216360523
20:52:40.646 [info] End cell 16 execution @ 1711216360646, started @ 1711216360523, elapsed time = 0.123s
20:52:40.646 [warn] Cancel all remaining cells due to cancellation or failure in execution
20:52:40.646 [debug] Cancel pending cells
20:52:40.646 [info] End cell 18 execution @ undefined, started @ undefined, elapsed time = 0s
20:52:40.646 [info] End cell 20 execution @ undefined, started @ undefined, elapsed time = 0s
20:52:40.646 [info] End cell 21 execution @ undefined, started @ undefined, elapsed time = 0s
20:52:40.646 [info] End cell 23 execution @ undefined, started @ undefined, elapsed time = 0s
20:52:40.647 [info] End cell 24 execution @ undefined, started @ undefined, elapsed time = 0s
20:52:40.647 [info] End cell 25 execution @ undefined, started @ undefined, elapsed time = 0s
20:52:40.647 [info] End cell 27 execution @ undefined, started @ undefined, elapsed time = 0s
20:52:40.647 [info] End cell 28 execution @ undefined, started @ undefined, elapsed time = 0s
20:52:40.647 [info] End cell 30 execution @ undefined, started @ undefined, elapsed time = 0s
20:52:40.647 [info] End cell 32 execution @ undefined, started @ undefined, elapsed time = 0s
20:52:40.647 [info] End cell 33 execution @ undefined, started @ undefined, elapsed time = 0s
20:52:40.647 [info] End cell 35 execution @ undefined, started @ undefined, elapsed time = 0s
20:52:40.647 [info] End cell 37 execution @ undefined, started @ undefined, elapsed time = 0s
20:52:40.647 [debug] Cell 16 executed with state Error
20:52:40.648 [debug] Cell 18 executed with state Idle
20:52:40.648 [debug] Cell 20 executed with state Idle
20:52:40.648 [debug] Cell 21 executed with state Idle
20:52:40.648 [debug] Cell 23 executed with state Idle
20:52:40.648 [debug] Cell 24 executed with state Idle
20:52:40.648 [debug] Cell 25 executed with state Idle
20:52:40.648 [debug] Cell 27 executed with state Idle
20:52:40.648 [debug] Cell 28 executed with state Idle
20:52:40.648 [debug] Cell 30 executed with state Idle
20:52:40.648 [debug] Cell 32 executed with state Idle
20:52:40.648 [debug] Cell 33 executed with state Idle
20:52:40.648 [debug] Cell 35 executed with state Idle
20:52:40.648 [debug] Cell 37 executed with state Idle
20:53:17.477 [info] Handle Execution of Cells 0,5,8,9,11,13,15,16,18,20,21,23,24,25,27,28,30,32,33,35,37 for ~/downloads/HW2_GD_Newton_Фамилия_Имя.ipynb
20:53:17.478 [debug] start the kernel, options.disableUI=false for ~/downloads/HW2_GD_Newton_Фамилия_Имя.ipynb
20:53:17.478 [debug] start the kernel, options.disableUI=false for ~/downloads/HW2_GD_Newton_Фамилия_Имя.ipynb
20:53:17.478 [debug] start the kernel, options.disableUI=false for ~/downloads/HW2_GD_Newton_Фамилия_Имя.ipynb
20:53:17.478 [debug] start the kernel, options.disableUI=false for ~/downloads/HW2_GD_Newton_Фамилия_Имя.ipynb
20:53:17.478 [debug] start the kernel, options.disableUI=false for ~/downloads/HW2_GD_Newton_Фамилия_Имя.ipynb
20:53:17.478 [debug] start the kernel, options.disableUI=false for ~/downloads/HW2_GD_Newton_Фамилия_Имя.ipynb
20:53:17.478 [debug] start the kernel, options.disableUI=false for ~/downloads/HW2_GD_Newton_Фамилия_Имя.ipynb
20:53:17.478 [debug] start the kernel, options.disableUI=false for ~/downloads/HW2_GD_Newton_Фамилия_Имя.ipynb
20:53:17.478 [debug] start the kernel, options.disableUI=false for ~/downloads/HW2_GD_Newton_Фамилия_Имя.ipynb
20:53:17.478 [debug] start the kernel, options.disableUI=false for ~/downloads/HW2_GD_Newton_Фамилия_Имя.ipynb
20:53:17.478 [debug] start the kernel, options.disableUI=false for ~/downloads/HW2_GD_Newton_Фамилия_Имя.ipynb
20:53:17.478 [debug] start the kernel, options.disableUI=false for ~/downloads/HW2_GD_Newton_Фамилия_Имя.ipynb
20:53:17.478 [debug] start the kernel, options.disableUI=false for ~/downloads/HW2_GD_Newton_Фамилия_Имя.ipynb
20:53:17.478 [debug] start the kernel, options.disableUI=false for ~/downloads/HW2_GD_Newton_Фамилия_Имя.ipynb
20:53:17.478 [debug] start the kernel, options.disableUI=false for ~/downloads/HW2_GD_Newton_Фамилия_Имя.ipynb
20:53:17.478 [debug] start the kernel, options.disableUI=false for ~/downloads/HW2_GD_Newton_Фамилия_Имя.ipynb
20:53:17.478 [debug] start the kernel, options.disableUI=false for ~/downloads/HW2_GD_Newton_Фамилия_Имя.ipynb
20:53:17.478 [debug] start the kernel, options.disableUI=false for ~/downloads/HW2_GD_Newton_Фамилия_Имя.ipynb
20:53:17.478 [debug] start the kernel, options.disableUI=false for ~/downloads/HW2_GD_Newton_Фамилия_Имя.ipynb
20:53:17.478 [debug] start the kernel, options.disableUI=false for ~/downloads/HW2_GD_Newton_Фамилия_Имя.ipynb
20:53:17.478 [debug] start the kernel, options.disableUI=false for ~/downloads/HW2_GD_Newton_Фамилия_Имя.ipynb
20:53:17.492 [debug] Execution Request Sent to Kernel for cell 0
20:53:17.504 [debug] Start cell 0 execution @ 1711216397504 (clear output)
20:53:17.505 [info] Kernel acknowledged execution of cell 0 @ 1711216397504
20:53:17.508 [info] End cell 0 execution @ 1711216397508, started @ 1711216397504, elapsed time = 0.004s
20:53:17.509 [debug] Execution Request Sent to Kernel for cell 5
20:53:17.510 [debug] Cell 0 executed with state Success
20:53:17.517 [debug] Start cell 5 execution @ 1711216397517 (clear output)
20:53:17.517 [info] Kernel acknowledged execution of cell 5 @ 1711216397517
20:53:17.519 [info] End cell 5 execution @ 1711216397518, started @ 1711216397517, elapsed time = 0.001s
20:53:17.519 [debug] Execution Request Sent to Kernel for cell 8
20:53:17.520 [debug] Cell 5 executed with state Success
20:53:17.525 [debug] Start cell 8 execution @ 1711216397525 (clear output)
20:53:17.525 [info] Kernel acknowledged execution of cell 8 @ 1711216397525
20:53:17.923 [info] End cell 8 execution @ 1711216397923, started @ 1711216397525, elapsed time = 0.398s
20:53:17.924 [debug] Execution Request Sent to Kernel for cell 9
20:53:17.925 [debug] Cell 8 executed with state Success
20:53:17.938 [debug] Start cell 9 execution @ 1711216397938 (clear output)
20:53:17.939 [info] Kernel acknowledged execution of cell 9 @ 1711216397938
20:53:17.975 [info] End cell 9 execution @ 1711216397974, started @ 1711216397938, elapsed time = 0.036s
20:53:17.975 [debug] Execution Request Sent to Kernel for cell 11
20:53:17.977 [debug] Cell 9 executed with state Success
20:53:17.999 [debug] Start cell 11 execution @ 1711216397999 (clear output)
20:53:17.999 [info] Kernel acknowledged execution of cell 11 @ 1711216397999
20:53:18.346 [info] End cell 11 execution @ 1711216398346, started @ 1711216397999, elapsed time = 0.347s
20:53:18.346 [debug] Execution Request Sent to Kernel for cell 13
20:53:18.347 [debug] Cell 11 executed with state Success
20:53:18.359 [debug] Start cell 13 execution @ 1711216398359 (clear output)
20:53:18.359 [info] Kernel acknowledged execution of cell 13 @ 1711216398359
20:53:18.362 [info] End cell 13 execution @ 1711216398362, started @ 1711216398359, elapsed time = 0.003s
20:53:18.362 [debug] Execution Request Sent to Kernel for cell 15
20:53:18.363 [debug] Cell 13 executed with state Success
20:53:18.367 [debug] Start cell 15 execution @ 1711216398367 (clear output)
20:53:18.367 [info] Kernel acknowledged execution of cell 15 @ 1711216398367
20:53:19.196 [info] End cell 15 execution @ 1711216399195, started @ 1711216398367, elapsed time = 0.828s
20:53:19.196 [debug] Execution Request Sent to Kernel for cell 16
20:53:19.198 [debug] Cell 15 executed with state Success
20:53:19.216 [debug] Start cell 16 execution @ 1711216399216 (clear output)
20:53:19.216 [info] Kernel acknowledged execution of cell 16 @ 1711216399216
20:53:19.294 [info] End cell 16 execution @ 1711216399293, started @ 1711216399216, elapsed time = 0.077s
20:53:19.294 [warn] Cancel all remaining cells due to cancellation or failure in execution
20:53:19.294 [debug] Cancel pending cells
20:53:19.295 [info] End cell 18 execution @ undefined, started @ undefined, elapsed time = 0s
20:53:19.295 [info] End cell 20 execution @ undefined, started @ undefined, elapsed time = 0s
20:53:19.295 [info] End cell 21 execution @ undefined, started @ undefined, elapsed time = 0s
20:53:19.295 [info] End cell 23 execution @ undefined, started @ undefined, elapsed time = 0s
20:53:19.296 [info] End cell 24 execution @ undefined, started @ undefined, elapsed time = 0s
20:53:19.296 [info] End cell 25 execution @ undefined, started @ undefined, elapsed time = 0s
20:53:19.296 [info] End cell 27 execution @ undefined, started @ undefined, elapsed time = 0s
20:53:19.297 [info] End cell 28 execution @ undefined, started @ undefined, elapsed time = 0s
20:53:19.297 [info] End cell 30 execution @ undefined, started @ undefined, elapsed time = 0s
20:53:19.297 [info] End cell 32 execution @ undefined, started @ undefined, elapsed time = 0s
20:53:19.298 [info] End cell 33 execution @ undefined, started @ undefined, elapsed time = 0s
20:53:19.298 [info] End cell 35 execution @ undefined, started @ undefined, elapsed time = 0s
20:53:19.298 [info] End cell 37 execution @ undefined, started @ undefined, elapsed time = 0s
20:53:19.300 [debug] Cell 16 executed with state Error
20:53:19.300 [debug] Cell 18 executed with state Idle
20:53:19.300 [debug] Cell 20 executed with state Idle
20:53:19.300 [debug] Cell 21 executed with state Idle
20:53:19.300 [debug] Cell 23 executed with state Idle
20:53:19.300 [debug] Cell 24 executed with state Idle
20:53:19.300 [debug] Cell 25 executed with state Idle
20:53:19.300 [debug] Cell 27 executed with state Idle
20:53:19.300 [debug] Cell 28 executed with state Idle
20:53:19.300 [debug] Cell 30 executed with state Idle
20:53:19.301 [debug] Cell 32 executed with state Idle
20:53:19.301 [debug] Cell 33 executed with state Idle
20:53:19.301 [debug] Cell 35 executed with state Idle
20:53:19.301 [debug] Cell 37 executed with state Idle
20:54:54.911 [info] Handle Execution of Cells 0,5,8,9,11,13,15,16,18,20,21,23,24,25,27,28,30,32,33,35,37 for ~/downloads/HW2_GD_Newton_Фамилия_Имя.ipynb
20:54:54.911 [debug] start the kernel, options.disableUI=false for ~/downloads/HW2_GD_Newton_Фамилия_Имя.ipynb
20:54:54.911 [debug] start the kernel, options.disableUI=false for ~/downloads/HW2_GD_Newton_Фамилия_Имя.ipynb
20:54:54.911 [debug] start the kernel, options.disableUI=false for ~/downloads/HW2_GD_Newton_Фамилия_Имя.ipynb
20:54:54.912 [debug] start the kernel, options.disableUI=false for ~/downloads/HW2_GD_Newton_Фамилия_Имя.ipynb
20:54:54.912 [debug] start the kernel, options.disableUI=false for ~/downloads/HW2_GD_Newton_Фамилия_Имя.ipynb
20:54:54.912 [debug] start the kernel, options.disableUI=false for ~/downloads/HW2_GD_Newton_Фамилия_Имя.ipynb
20:54:54.912 [debug] start the kernel, options.disableUI=false for ~/downloads/HW2_GD_Newton_Фамилия_Имя.ipynb
20:54:54.912 [debug] start the kernel, options.disableUI=false for ~/downloads/HW2_GD_Newton_Фамилия_Имя.ipynb
20:54:54.912 [debug] start the kernel, options.disableUI=false for ~/downloads/HW2_GD_Newton_Фамилия_Имя.ipynb
20:54:54.912 [debug] start the kernel, options.disableUI=false for ~/downloads/HW2_GD_Newton_Фамилия_Имя.ipynb
20:54:54.912 [debug] start the kernel, options.disableUI=false for ~/downloads/HW2_GD_Newton_Фамилия_Имя.ipynb
20:54:54.912 [debug] start the kernel, options.disableUI=false for ~/downloads/HW2_GD_Newton_Фамилия_Имя.ipynb
20:54:54.912 [debug] start the kernel, options.disableUI=false for ~/downloads/HW2_GD_Newton_Фамилия_Имя.ipynb
20:54:54.912 [debug] start the kernel, options.disableUI=false for ~/downloads/HW2_GD_Newton_Фамилия_Имя.ipynb
20:54:54.912 [debug] start the kernel, options.disableUI=false for ~/downloads/HW2_GD_Newton_Фамилия_Имя.ipynb
20:54:54.912 [debug] start the kernel, options.disableUI=false for ~/downloads/HW2_GD_Newton_Фамилия_Имя.ipynb
20:54:54.912 [debug] start the kernel, options.disableUI=false for ~/downloads/HW2_GD_Newton_Фамилия_Имя.ipynb
20:54:54.912 [debug] start the kernel, options.disableUI=false for ~/downloads/HW2_GD_Newton_Фамилия_Имя.ipynb
20:54:54.912 [debug] start the kernel, options.disableUI=false for ~/downloads/HW2_GD_Newton_Фамилия_Имя.ipynb
20:54:54.912 [debug] start the kernel, options.disableUI=false for ~/downloads/HW2_GD_Newton_Фамилия_Имя.ipynb
20:54:54.912 [debug] start the kernel, options.disableUI=false for ~/downloads/HW2_GD_Newton_Фамилия_Имя.ipynb
20:54:54.920 [debug] Execution Request Sent to Kernel for cell 0
20:54:54.930 [debug] Start cell 0 execution @ 1711216494929 (clear output)
20:54:54.930 [info] Kernel acknowledged execution of cell 0 @ 1711216494929
20:54:54.932 [info] End cell 0 execution @ 1711216494932, started @ 1711216494929, elapsed time = 0.003s
20:54:54.932 [debug] Execution Request Sent to Kernel for cell 5
20:54:54.933 [debug] Cell 0 executed with state Success
20:54:54.937 [debug] Start cell 5 execution @ 1711216494936 (clear output)
20:54:54.937 [info] Kernel acknowledged execution of cell 5 @ 1711216494936
20:54:54.940 [info] End cell 5 execution @ 1711216494940, started @ 1711216494936, elapsed time = 0.004s
20:54:54.940 [debug] Execution Request Sent to Kernel for cell 8
20:54:54.941 [debug] Cell 5 executed with state Success
20:54:54.943 [debug] Start cell 8 execution @ 1711216494943 (clear output)
20:54:54.944 [info] Kernel acknowledged execution of cell 8 @ 1711216494943
20:54:55.307 [info] End cell 8 execution @ 1711216495307, started @ 1711216494943, elapsed time = 0.364s
20:54:55.307 [debug] Execution Request Sent to Kernel for cell 9
20:54:55.308 [debug] Cell 8 executed with state Success
20:54:55.312 [debug] Start cell 9 execution @ 1711216495312 (clear output)
20:54:55.312 [info] Kernel acknowledged execution of cell 9 @ 1711216495312
20:54:55.321 [info] End cell 9 execution @ 1711216495321, started @ 1711216495312, elapsed time = 0.009s
20:54:55.322 [debug] Execution Request Sent to Kernel for cell 11
20:54:55.322 [debug] Cell 9 executed with state Success
20:54:55.341 [debug] Start cell 11 execution @ 1711216495341 (clear output)
20:54:55.341 [info] Kernel acknowledged execution of cell 11 @ 1711216495341
20:54:55.641 [info] End cell 11 execution @ 1711216495641, started @ 1711216495341, elapsed time = 0.3s
20:54:55.641 [debug] Execution Request Sent to Kernel for cell 13
20:54:55.642 [debug] Cell 11 executed with state Success
20:54:55.654 [debug] Start cell 13 execution @ 1711216495654 (clear output)
20:54:55.654 [info] Kernel acknowledged execution of cell 13 @ 1711216495654
20:54:55.658 [info] End cell 13 execution @ 1711216495658, started @ 1711216495654, elapsed time = 0.004s
20:54:55.658 [debug] Execution Request Sent to Kernel for cell 15
20:54:55.659 [debug] Cell 13 executed with state Success
20:54:55.668 [debug] Start cell 15 execution @ 1711216495667 (clear output)
20:54:55.668 [info] Kernel acknowledged execution of cell 15 @ 1711216495667
20:54:56.498 [info] End cell 15 execution @ 1711216496498, started @ 1711216495667, elapsed time = 0.831s
20:54:56.498 [debug] Execution Request Sent to Kernel for cell 16
20:54:56.499 [debug] Cell 15 executed with state Success
20:54:56.516 [debug] Start cell 16 execution @ 1711216496515 (clear output)
20:54:56.516 [info] Kernel acknowledged execution of cell 16 @ 1711216496515
20:54:56.871 [info] End cell 16 execution @ 1711216496870, started @ 1711216496515, elapsed time = 0.355s
20:54:56.871 [debug] Execution Request Sent to Kernel for cell 18
20:54:56.872 [debug] Cell 16 executed with state Success
20:54:56.883 [debug] Start cell 18 execution @ 1711216496883 (clear output)
20:54:56.883 [info] Kernel acknowledged execution of cell 18 @ 1711216496883
20:54:58.123 [info] End cell 18 execution @ 1711216498123, started @ 1711216496883, elapsed time = 1.24s
20:54:58.124 [debug] Execution Request Sent to Kernel for cell 20
20:54:58.124 [debug] Cell 18 executed with state Success
20:54:58.128 [debug] Start cell 20 execution @ 1711216498128 (clear output)
20:54:58.128 [info] Kernel acknowledged execution of cell 20 @ 1711216498128
20:54:58.130 [info] End cell 20 execution @ 1711216498130, started @ 1711216498128, elapsed time = 0.002s
20:54:58.130 [debug] Execution Request Sent to Kernel for cell 21
20:54:58.131 [debug] Cell 20 executed with state Success
20:54:58.136 [debug] Start cell 21 execution @ 1711216498136 (clear output)
20:54:58.136 [info] Kernel acknowledged execution of cell 21 @ 1711216498136
20:54:58.141 [info] End cell 21 execution @ 1711216498141, started @ 1711216498136, elapsed time = 0.005s
20:54:58.142 [debug] Execution Request Sent to Kernel for cell 23
20:54:58.142 [debug] Cell 21 executed with state Success
20:54:58.169 [debug] Start cell 23 execution @ 1711216498169 (clear output)
20:54:58.169 [info] Kernel acknowledged execution of cell 23 @ 1711216498169
20:55:03.648 [info] End cell 23 execution @ 1711216503648, started @ 1711216498169, elapsed time = 5.479s
20:55:03.649 [debug] Execution Request Sent to Kernel for cell 24
20:55:03.649 [debug] Cell 23 executed with state Success
20:55:03.653 [debug] Start cell 24 execution @ 1711216503653 (clear output)
20:55:03.653 [info] Kernel acknowledged execution of cell 24 @ 1711216503653
20:55:03.655 [info] End cell 24 execution @ 1711216503655, started @ 1711216503653, elapsed time = 0.002s
20:55:03.655 [debug] Execution Request Sent to Kernel for cell 25
20:55:03.656 [debug] Cell 24 executed with state Success
20:55:03.659 [debug] Start cell 25 execution @ 1711216503659 (clear output)
20:55:03.659 [info] Kernel acknowledged execution of cell 25 @ 1711216503659
20:55:05.155 [info] End cell 25 execution @ 1711216505154, started @ 1711216503659, elapsed time = 1.495s
20:55:05.155 [debug] Execution Request Sent to Kernel for cell 27
20:55:05.155 [debug] Cell 25 executed with state Success
20:55:05.159 [debug] Start cell 27 execution @ 1711216505159 (clear output)
20:55:05.159 [info] Kernel acknowledged execution of cell 27 @ 1711216505159
20:55:05.164 [info] End cell 27 execution @ 1711216505164, started @ 1711216505159, elapsed time = 0.005s
20:55:05.164 [debug] Execution Request Sent to Kernel for cell 28
20:55:05.165 [debug] Cell 27 executed with state Success
20:55:05.170 [debug] Start cell 28 execution @ 1711216505170 (clear output)
20:55:05.170 [info] Kernel acknowledged execution of cell 28 @ 1711216505170
20:55:05.174 [info] End cell 28 execution @ 1711216505174, started @ 1711216505170, elapsed time = 0.004s
20:55:05.174 [debug] Execution Request Sent to Kernel for cell 30
20:55:05.175 [debug] Cell 28 executed with state Success
20:55:05.179 [debug] Start cell 30 execution @ 1711216505179 (clear output)
20:55:05.179 [info] Kernel acknowledged execution of cell 30 @ 1711216505179
20:55:05.184 [info] End cell 30 execution @ 1711216505184, started @ 1711216505179, elapsed time = 0.005s
20:55:05.184 [debug] Execution Request Sent to Kernel for cell 32
20:55:05.185 [debug] Cell 30 executed with state Success
20:55:05.195 [debug] Start cell 32 execution @ 1711216505195 (clear output)
20:55:05.196 [info] Kernel acknowledged execution of cell 32 @ 1711216505195
20:55:05.604 [info] End cell 32 execution @ 1711216505602, started @ 1711216505195, elapsed time = 0.407s
20:55:05.605 [debug] Execution Request Sent to Kernel for cell 33
20:55:05.606 [debug] Cell 32 executed with state Success
20:55:05.619 [debug] Start cell 33 execution @ 1711216505619 (clear output)
20:55:05.619 [info] Kernel acknowledged execution of cell 33 @ 1711216505619
20:55:05.626 [info] End cell 33 execution @ 1711216505625, started @ 1711216505619, elapsed time = 0.006s
20:55:05.627 [debug] Execution Request Sent to Kernel for cell 35
20:55:05.629 [debug] Cell 33 executed with state Success
20:55:05.643 [debug] Start cell 35 execution @ 1711216505642 (clear output)
20:55:05.643 [info] Kernel acknowledged execution of cell 35 @ 1711216505642
20:55:05.651 [info] End cell 35 execution @ 1711216505650, started @ 1711216505642, elapsed time = 0.008s
20:55:05.651 [debug] Execution Request Sent to Kernel for cell 37
20:55:05.653 [debug] Cell 35 executed with state Success
20:55:05.666 [debug] Start cell 37 execution @ 1711216505666 (clear output)
20:55:05.666 [info] Kernel acknowledged execution of cell 37 @ 1711216505666
20:55:05.675 [info] End cell 37 execution @ 1711216505674, started @ 1711216505666, elapsed time = 0.008s
20:55:05.675 [debug] Cell 37 executed with state Success
20:55:17.125 [info] Handle Execution of Cells 32 for ~/downloads/HW2_GD_Newton_Фамилия_Имя.ipynb
20:55:17.126 [debug] start the kernel, options.disableUI=false for ~/downloads/HW2_GD_Newton_Фамилия_Имя.ipynb
20:55:17.126 [debug] Execution Request Sent to Kernel for cell 32
20:55:17.132 [debug] Start cell 32 execution @ 1711216517132 (clear output)
20:55:17.132 [info] Kernel acknowledged execution of cell 32 @ 1711216517132
20:55:17.326 [info] End cell 32 execution @ 1711216517325, started @ 1711216517132, elapsed time = 0.193s
20:55:17.326 [debug] Cell 32 executed with state Success
20:59:53.726 [info] Handle Execution of Cells 18 for ~/downloads/HW2_GD_Newton_Фамилия_Имя.ipynb
20:59:53.726 [debug] start the kernel, options.disableUI=false for ~/downloads/HW2_GD_Newton_Фамилия_Имя.ipynb
20:59:53.727 [debug] Execution Request Sent to Kernel for cell 18
20:59:53.729 [debug] Start cell 18 execution @ 1711216793729 (clear output)
20:59:53.729 [info] Kernel acknowledged execution of cell 18 @ 1711216793729
20:59:54.383 [info] End cell 18 execution @ 1711216794383, started @ 1711216793729, elapsed time = 0.654s
20:59:54.384 [debug] Cell 18 executed with state Success
20:59:55.686 [info] Handle Execution of Cells 20 for ~/downloads/HW2_GD_Newton_Фамилия_Имя.ipynb
20:59:55.686 [debug] start the kernel, options.disableUI=false for ~/downloads/HW2_GD_Newton_Фамилия_Имя.ipynb
20:59:55.687 [debug] Execution Request Sent to Kernel for cell 20
20:59:55.691 [debug] Start cell 20 execution @ 1711216795691 (clear output)
20:59:55.691 [info] Kernel acknowledged execution of cell 20 @ 1711216795691
20:59:55.693 [info] End cell 20 execution @ 1711216795693, started @ 1711216795691, elapsed time = 0.002s
20:59:55.693 [debug] Cell 20 executed with state Success
20:59:56.157 [info] Handle Execution of Cells 21 for ~/downloads/HW2_GD_Newton_Фамилия_Имя.ipynb
20:59:56.157 [debug] start the kernel, options.disableUI=false for ~/downloads/HW2_GD_Newton_Фамилия_Имя.ipynb
20:59:56.158 [debug] Execution Request Sent to Kernel for cell 21
20:59:56.162 [debug] Start cell 21 execution @ 1711216796162 (clear output)
20:59:56.162 [info] Kernel acknowledged execution of cell 21 @ 1711216796162
20:59:56.165 [info] End cell 21 execution @ 1711216796165, started @ 1711216796162, elapsed time = 0.003s
20:59:56.165 [debug] Cell 21 executed with state Success
20:59:57.154 [info] Handle Execution of Cells 23 for ~/downloads/HW2_GD_Newton_Фамилия_Имя.ipynb
20:59:57.155 [debug] start the kernel, options.disableUI=false for ~/downloads/HW2_GD_Newton_Фамилия_Имя.ipynb
20:59:57.155 [debug] Execution Request Sent to Kernel for cell 23
20:59:57.277 [debug] Start cell 23 execution @ 1711216797277 (clear output)
20:59:57.277 [info] Kernel acknowledged execution of cell 23 @ 1711216797277
20:59:57.582 [info] Handle Execution of Cells 24 for ~/downloads/HW2_GD_Newton_Фамилия_Имя.ipynb
20:59:57.582 [debug] start the kernel, options.disableUI=false for ~/downloads/HW2_GD_Newton_Фамилия_Имя.ipynb
21:00:01.789 [info] End cell 23 execution @ 1711216801789, started @ 1711216797277, elapsed time = 4.512s
21:00:01.790 [debug] Execution Request Sent to Kernel for cell 24
21:00:01.791 [debug] Cell 23 executed with state Success
21:00:01.796 [debug] Start cell 24 execution @ 1711216801796 (clear output)
21:00:01.796 [info] Kernel acknowledged execution of cell 24 @ 1711216801796
21:00:01.799 [info] End cell 24 execution @ 1711216801799, started @ 1711216801796, elapsed time = 0.003s
21:00:01.799 [debug] Cell 24 executed with state Success
21:02:03.790 [info] Disposing HostJupyterExecution
21:02:03.790 [debug] Disposing super HostJupyterExecution
21:02:03.790 [debug] Cleaning up server cache
21:02:03.790 [info] Shutting down notebooks for 02af3197-1ef9-4ae1-ae2b-9d027e18c6b9
21:02:03.791 [info] Dispose Kernel '~/downloads/HW2_GD_Newton_Фамилия_Имя.ipynb' associated with '~/downloads/HW2_GD_Newton_Фамилия_Имя.ipynb'
21:02:03.791 [debug] Cancel pending cells
21:02:03.798 [debug] Shutdown session - current session, called from Error: 
	at _y.shutdownImplementation (~/.vscode/extensions/ms-toolsai.jupyter-2023.9.100-universal/out/extension.node.js:17:150669)
	at _y.disposeAsync (~/.vscode/extensions/ms-toolsai.jupyter-2023.9.100-universal/out/extension.node.js:17:145781)
	at ~/.vscode/extensions/ms-toolsai.jupyter-2023.9.100-universal/out/extension.node.js:17:234794
	at Yg.dispose (~/.vscode/extensions/ms-toolsai.jupyter-2023.9.100-universal/out/extension.node.js:17:235008)
	at ~/.vscode/extensions/ms-toolsai.jupyter-2023.9.100-universal/out/extension.node.js:2:2352947
	at Array.map (<anonymous>)
	at Ac.dispose (~/.vscode/extensions/ms-toolsai.jupyter-2023.9.100-universal/out/extension.node.js:2:2352937)
	at Module.AT (~/.vscode/extensions/ms-toolsai.jupyter-2023.9.100-universal/out/extension.node.js:24:650470)
	at w.cb (/usr/lib/code/out/vs/workbench/api/node/extensionHostProcess.js:156:9687)
	at /usr/lib/code/out/vs/workbench/api/node/extensionHostProcess.js:156:7816
	at Array.map (<anonymous>)
	at w.Y (/usr/lib/code/out/vs/workbench/api/node/extensionHostProcess.js:156:7803)
	at w.terminate (/usr/lib/code/out/vs/workbench/api/node/extensionHostProcess.js:156:8076)
	at o.terminate (/usr/lib/code/out/vs/workbench/api/node/extensionHostProcess.js:160:1513)
	at t (/usr/lib/code/out/vs/workbench/api/node/extensionHostProcess.js:173:9949)
	at MessagePortMain.<anonymous> (/usr/lib/code/out/vs/workbench/api/node/extensionHostProcess.js:173:6374)
	at MessagePortMain.emit (node:events:514:28)
	at Object.emit (node:electron/js2c/utility_init:2:2285)
21:02:03.799 [debug] shutdownSession 6a11611c-720f-4c58-b386-cdca286a8a09, .jvsc74a57bd0e7370f93d1d0cde622a1f8e1c04877d8463912d04d973331ad4851f04de6915a./bin/python./bin/python.-m#ipykernel_launcher - start
21:02:03.799 [debug] Session can be shutdown .jvsc74a57bd0e7370f93d1d0cde622a1f8e1c04877d8463912d04d973331ad4851f04de6915a./bin/python./bin/python.-m#ipykernel_launcher
21:02:03.799 [info] Dispose Kernel process 375229.
21:02:03.811 [debug] Kernel got disposed, hence there is no longer a kernel associated with ~/downloads/HW2_GD_Newton_Фамилия_Имя.ipynb
21:02:03.811 [info] Disposing HostJupyterExecution
21:02:03.811 [debug] Finished disposing HostJupyterExecution
21:02:03.814 [debug] Disposing controller .jvsc74a57bd0e7370f93d1d0cde622a1f8e1c04877d8463912d04d973331ad4851f04de6915a./bin/python./bin/python.-m#ipykernel_launcher associated with connection .jvsc74a57bd0e7370f93d1d0cde622a1f8e1c04877d8463912d04d973331ad4851f04de6915a./bin/python./bin/python.-m#ipykernel_launcher and documents file://~/downloads/HW2_GD_Newton_%D0%A4%D0%B0%D0%BC%D0%B8%D0%BB%D0%B8%D1%8F_%D0%98%D0%BC%D1%8F.ipynb
21:02:03.814 [debug] Disposing controller .jvsc74a57bd0e7370f93d1d0cde622a1f8e1c04877d8463912d04d973331ad4851f04de6915a./bin/python./bin/python.-m#ipykernel_launcher (Interactive) associated with connection .jvsc74a57bd0e7370f93d1d0cde622a1f8e1c04877d8463912d04d973331ad4851f04de6915a./bin/python./bin/python.-m#ipykernel_launcher 
21:02:03.815 [debug] Disposing controller .jvsc74a57bd0d2152fd7f0bbc62aa1baff8c990435d1e2c7175d001561303988032604c11a48./sbin/python./sbin/python.-m#ipykernel_launcher associated with connection .jvsc74a57bd0d2152fd7f0bbc62aa1baff8c990435d1e2c7175d001561303988032604c11a48./sbin/python./sbin/python.-m#ipykernel_launcher 
21:02:03.815 [debug] Disposing controller .jvsc74a57bd0d2152fd7f0bbc62aa1baff8c990435d1e2c7175d001561303988032604c11a48./sbin/python./sbin/python.-m#ipykernel_launcher (Interactive) associated with connection .jvsc74a57bd0d2152fd7f0bbc62aa1baff8c990435d1e2c7175d001561303988032604c11a48./sbin/python./sbin/python.-m#ipykernel_launcher 
21:02:03.815 [debug] Disposing controller .jvsc74a57bd0767d51c1340bd893661ea55ea3124f6de3c7a262a8b4abca0554b478b1e2ff90./usr/bin/python./usr/bin/python.-m#ipykernel_launcher associated with connection .jvsc74a57bd0767d51c1340bd893661ea55ea3124f6de3c7a262a8b4abca0554b478b1e2ff90./usr/bin/python./usr/bin/python.-m#ipykernel_launcher 
21:02:03.815 [debug] Disposing controller .jvsc74a57bd0767d51c1340bd893661ea55ea3124f6de3c7a262a8b4abca0554b478b1e2ff90./usr/bin/python./usr/bin/python.-m#ipykernel_launcher (Interactive) associated with connection .jvsc74a57bd0767d51c1340bd893661ea55ea3124f6de3c7a262a8b4abca0554b478b1e2ff90./usr/bin/python./usr/bin/python.-m#ipykernel_launcher 
21:02:03.815 [debug] Disposing controller .jvsc74a57bd04e1d9a8909477db77738c33245c29c7265277ef753467dede8cf3f814cde494e./usr/sbin/python./usr/sbin/python.-m#ipykernel_launcher associated with connection .jvsc74a57bd04e1d9a8909477db77738c33245c29c7265277ef753467dede8cf3f814cde494e./usr/sbin/python./usr/sbin/python.-m#ipykernel_launcher 
21:02:03.815 [debug] Disposing controller .jvsc74a57bd04e1d9a8909477db77738c33245c29c7265277ef753467dede8cf3f814cde494e./usr/sbin/python./usr/sbin/python.-m#ipykernel_launcher (Interactive) associated with connection .jvsc74a57bd04e1d9a8909477db77738c33245c29c7265277ef753467dede8cf3f814cde494e./usr/sbin/python./usr/sbin/python.-m#ipykernel_launcher 
21:02:03.817 [debug] Finished disposing HostJupyterExecution
21:02:03.819 [debug] Shutdown session - current session, called from Error: 
	at _y.shutdownImplementation (~/.vscode/extensions/ms-toolsai.jupyter-2023.9.100-universal/out/extension.node.js:17:150669)
	at _y.disposeAsync (~/.vscode/extensions/ms-toolsai.jupyter-2023.9.100-universal/out/extension.node.js:17:145781)
	at ~/.vscode/extensions/ms-toolsai.jupyter-2023.9.100-universal/out/extension.node.js:24:121424
	at Array.map (<anonymous>)
	at ky.dispose (~/.vscode/extensions/ms-toolsai.jupyter-2023.9.100-universal/out/extension.node.js:24:121414)
	at process.processTicksAndRejections (node:internal/process/task_queues:95:5)
	at async Promise.all (index 1)
	at async Ac.dispose (~/.vscode/extensions/ms-toolsai.jupyter-2023.9.100-universal/out/extension.node.js:2:2352959)
	at async Promise.all (index 9)
	at async w.Y (/usr/lib/code/out/vs/workbench/api/node/extensionHostProcess.js:156:7831)
21:02:03.819 [debug] shutdownSession 6a11611c-720f-4c58-b386-cdca286a8a09, .jvsc74a57bd0e7370f93d1d0cde622a1f8e1c04877d8463912d04d973331ad4851f04de6915a./bin/python./bin/python.-m#ipykernel_launcher - start
21:02:03.819 [debug] Session can be shutdown .jvsc74a57bd0e7370f93d1d0cde622a1f8e1c04877d8463912d04d973331ad4851f04de6915a./bin/python./bin/python.-m#ipykernel_launcher
21:02:03.825 [debug] Disposed Kernel process 375229.
21:02:03.826 [debug] shutdownSession 6a11611c-720f-4c58-b386-cdca286a8a09, .jvsc74a57bd0e7370f93d1d0cde622a1f8e1c04877d8463912d04d973331ad4851f04de6915a./bin/python./bin/python.-m#ipykernel_launcher - shutdown complete
21:02:03.826 [debug] shutdownSession 6a11611c-720f-4c58-b386-cdca286a8a09, .jvsc74a57bd0e7370f93d1d0cde622a1f8e1c04877d8463912d04d973331ad4851f04de6915a./bin/python./bin/python.-m#ipykernel_launcher - shutdown complete
21:02:03.826 [debug] Shutdown session - get restart session
21:02:03.827 [debug] Shutdown session -- complete
21:02:03.827 [debug] Shutdown session - get restart session
21:02:03.827 [debug] Shutdown session -- complete
21:02:03.828 [warn] Failed to delete connection file file://~/.local/share/jupyter/runtime/kernel-v2-374871WyoKkf1iAvmS.json for pid 375229 [Canceled (FileSystemError): Canceled
	at k.e (/usr/lib/code/out/vs/workbench/api/node/extensionHostProcess.js:149:7189)
	at Object.stat (/usr/lib/code/out/vs/workbench/api/node/extensionHostProcess.js:149:3892)
	at async fp.delete (~/.vscode/extensions/ms-toolsai.jupyter-2023.9.100-universal/out/extension.node.js:17:19371)
	at async ~/.vscode/extensions/ms-toolsai.jupyter-2023.9.100-universal/out/extension.node.js:24:88616] {
  code: 'Unknown'
}
