2023-08-02 23:48:34.536 [info] Added views:workbench.panel.markers.view in workbench.panel.markers
2023-08-02 23:48:34.536 [info] Added views:workbench.panel.output in workbench.panel.output
2023-08-02 23:48:34.536 [info] Added views:terminal in terminal
2023-08-02 23:48:34.536 [info] Added views:workbench.scm in workbench.view.scm
2023-08-02 23:48:34.536 [info] Added views:workbench.view.search in workbench.view.search
2023-08-02 23:48:34.536 [info] Added views:workbench.debug.welcome in workbench.view.debug
2023-08-02 23:48:34.536 [info] Added views:workbench.explorer.fileView in workbench.view.explorer
2023-08-02 23:48:35.379 [info] Added views:workbench.panel.repl.view in workbench.panel.repl
2023-08-02 23:48:36.993 [info] Added views:jupyterViewVariables in workbench.view.extension.jupyter-variables
2023-08-02 23:48:37.005 [info] Added views:cell-tag in workbench.view.extension.jupyter-variables
2023-08-02 23:48:37.667 [info] Added views:workbench.view.testing in workbench.view.extension.test
2023-08-02 23:48:53.267 [info] Added views:workbench.views.extensions.installed,workbench.views.extensions.popular,extensions.recommendedList in workbench.view.extensions
2023-08-02 23:48:53.278 [info] Removed views:workbench.views.extensions.popular from workbench.view.extensions
2023-08-02 23:48:57.379 [info] Removed views:workbench.view.testing from workbench.view.extension.test
2023-08-02 23:48:57.852 [info] Added views:workbench.panel.markers.view in workbench.panel.markers
2023-08-02 23:48:57.852 [info] Added views:workbench.panel.output in workbench.panel.output
2023-08-02 23:48:57.852 [info] Added views:terminal in terminal
2023-08-02 23:48:57.852 [info] Added views:workbench.scm in workbench.view.scm
2023-08-02 23:48:57.852 [info] Added views:workbench.view.search in workbench.view.search
2023-08-02 23:48:57.852 [info] Added views:workbench.debug.welcome in workbench.view.debug
2023-08-02 23:48:57.852 [info] Added views:workbench.explorer.fileView in workbench.view.explorer
2023-08-02 23:48:58.247 [info] Added views:workbench.panel.repl.view in workbench.panel.repl
2023-08-02 23:48:58.990 [info] Added views:jupyterViewVariables in workbench.view.extension.jupyter-variables
2023-08-02 23:48:59.000 [info] Added views:cell-tag in workbench.view.extension.jupyter-variables
2023-08-02 23:48:59.231 [info] Added views:workbench.view.testing in workbench.view.extension.test
2023-08-02 23:49:00.402 [info] Added views:workbench.views.extensions.installed,extensions.recommendedList in workbench.view.extensions
2023-08-02 23:49:58.841 [info] Removed views:workbench.view.testing from workbench.view.extension.test
