2023-12-18 00:06:57.242 [info] Test server listening.
2023-12-18 00:06:57.277 [info] > conda info --json
2023-12-18 00:06:57.284 [info] Python interpreter path: /bin/python
2023-12-18 00:06:57.434 [info] Found: /bin/python --> /bin/python3.11
2023-12-18 00:06:57.491 [info] Found: /bin/python3 --> /bin/python3.11
2023-12-18 00:06:57.491 [info] Found: /bin/python3.11 --> /bin/python3.11
2023-12-18 00:06:57.582 [info] Found: /sbin/python --> /sbin/python3.11
2023-12-18 00:06:57.582 [info] Found: /sbin/python3 --> /sbin/python3.11
2023-12-18 00:06:57.582 [info] Found: /sbin/python3.11 --> /sbin/python3.11
2023-12-18 00:06:57.607 [info] Found: /usr/bin/python --> /usr/bin/python3.11
2023-12-18 00:06:57.607 [info] Found: /usr/bin/python3 --> /usr/bin/python3.11
2023-12-18 00:06:57.607 [info] Found: /usr/bin/python3.11 --> /usr/bin/python3.11
2023-12-18 00:06:57.670 [info] Found: /usr/sbin/python --> /usr/sbin/python3.11
2023-12-18 00:06:57.671 [info] Found: /usr/sbin/python3 --> /usr/sbin/python3.11
2023-12-18 00:06:57.671 [info] Found: /usr/sbin/python3.11 --> /usr/sbin/python3.11
2023-12-18 00:06:57.705 [info] > /bin/python -I ~/.vscode/extensions/ms-python.python-2023.20.0-universal/pythonFiles/get_output_via_markers.py ~/.vscode/extensions/ms-python.python-2023.20.0-universal/pythonFiles/interpreterInfo.py
2023-12-18 00:06:57.731 [info] > /sbin/python -I ~/.vscode/extensions/ms-python.python-2023.20.0-universal/pythonFiles/get_output_via_markers.py ~/.vscode/extensions/ms-python.python-2023.20.0-universal/pythonFiles/interpreterInfo.py
2023-12-18 00:06:57.792 [info] > /usr/bin/python -I ~/.vscode/extensions/ms-python.python-2023.20.0-universal/pythonFiles/get_output_via_markers.py ~/.vscode/extensions/ms-python.python-2023.20.0-universal/pythonFiles/interpreterInfo.py
2023-12-18 00:06:57.810 [info] > /usr/sbin/python -I ~/.vscode/extensions/ms-python.python-2023.20.0-universal/pythonFiles/get_output_via_markers.py ~/.vscode/extensions/ms-python.python-2023.20.0-universal/pythonFiles/interpreterInfo.py
2023-12-18 00:06:58.656 [info] Starting Jedi language server for default.
